<?xml version="1.0" encoding="UTF-8"?>
<coverage generated="1516980098659" clover="3.2.0">
  <project timestamp="1516980098659" name="All files">
    <metrics statements="1071" coveredstatements="609" conditionals="377" coveredconditionals="199" methods="242" coveredmethods="141" elements="1690" coveredelements="949" complexity="0" loc="1071" ncloc="1071" packages="15" files="54" classes="54">
      <package name="app.codeCharta.codeMap">
        <metrics statements="87" coveredstatements="10" conditionals="47" coveredconditionals="0" methods="16" coveredmethods="1"/>
        <file name="codeMap.ts" path="/home/travis/build/MaibornWolff/codecharta/visualization/app/codeCharta/codeMap/codeMap.ts">
          <metrics statements="1" coveredstatements="1" conditionals="0" coveredconditionals="0" methods="0" coveredmethods="0"/>
          <line num="6" count="1" type="stmt"/>
        </file>
        <file name="codeMapComponent.ts" path="/home/travis/build/MaibornWolff/codecharta/visualization/app/codeCharta/codeMap/codeMapComponent.ts">
          <metrics statements="52" coveredstatements="1" conditionals="24" coveredconditionals="0" methods="10" coveredmethods="0"/>
          <line num="7" count="0" type="stmt"/>
          <line num="8" count="0" type="stmt"/>
          <line num="9" count="0" type="stmt"/>
          <line num="10" count="0" type="stmt"/>
          <line num="11" count="0" type="stmt"/>
          <line num="12" count="0" type="stmt"/>
          <line num="13" count="0" type="stmt"/>
          <line num="14" count="0" type="stmt"/>
          <line num="19" count="0" type="stmt"/>
          <line num="24" count="0" type="stmt"/>
          <line num="29" count="0" type="stmt"/>
          <line num="30" count="0" type="stmt"/>
          <line num="31" count="0" type="stmt"/>
          <line num="32" count="0" type="stmt"/>
          <line num="35" count="0" type="stmt"/>
          <line num="36" count="0" type="stmt"/>
          <line num="39" count="0" type="stmt"/>
          <line num="40" count="0" type="stmt"/>
          <line num="42" count="0" type="stmt"/>
          <line num="43" count="0" type="stmt"/>
          <line num="50" count="0" type="stmt"/>
          <line num="51" count="0" type="cond" truecount="0" falsecount="2"/>
          <line num="52" count="0" type="stmt"/>
          <line num="53" count="0" type="stmt"/>
          <line num="54" count="0" type="stmt"/>
          <line num="55" count="0" type="cond" truecount="0" falsecount="2"/>
          <line num="56" count="0" type="stmt"/>
          <line num="59" count="0" type="stmt"/>
          <line num="61" count="0" type="cond" truecount="0" falsecount="2"/>
          <line num="62" count="0" type="stmt"/>
          <line num="63" count="0" type="stmt"/>
          <line num="72" count="0" type="stmt"/>
          <line num="73" count="0" type="stmt"/>
          <line num="79" count="0" type="stmt"/>
          <line num="80" count="0" type="cond" truecount="0" falsecount="2"/>
          <line num="81" count="0" type="stmt"/>
          <line num="82" count="0" type="stmt"/>
          <line num="84" count="0" type="cond" truecount="0" falsecount="4"/>
          <line num="85" count="0" type="stmt"/>
          <line num="86" count="0" type="stmt"/>
          <line num="102" count="0" type="cond" truecount="0" falsecount="4"/>
          <line num="103" count="0" type="cond" truecount="0" falsecount="4"/>
          <line num="104" count="0" type="stmt"/>
          <line num="107" count="0" type="stmt"/>
          <line num="108" count="0" type="cond" truecount="0" falsecount="2"/>
          <line num="109" count="0" type="stmt"/>
          <line num="112" count="0" type="stmt"/>
          <line num="122" count="0" type="stmt"/>
          <line num="123" count="0" type="cond" truecount="0" falsecount="2"/>
          <line num="124" count="0" type="stmt"/>
          <line num="127" count="0" type="stmt"/>
          <line num="132" count="1" type="stmt"/>
        </file>
        <file name="codeMapService.ts" path="/home/travis/build/MaibornWolff/codecharta/visualization/app/codeCharta/codeMap/codeMapService.ts">
          <metrics statements="34" coveredstatements="8" conditionals="23" coveredconditionals="0" methods="6" coveredmethods="1"/>
          <line num="4" count="1" type="stmt"/>
          <line num="11" count="4" type="stmt"/>
          <line num="12" count="4" type="stmt"/>
          <line num="13" count="4" type="stmt"/>
          <line num="14" count="4" type="stmt"/>
          <line num="15" count="4" type="stmt"/>
          <line num="16" count="4" type="stmt"/>
          <line num="19" count="0" type="stmt"/>
          <line num="27" count="0" type="cond" truecount="0" falsecount="9"/>
          <line num="28" count="0" type="stmt"/>
          <line num="30" count="0" type="cond" truecount="0" falsecount="6"/>
          <line num="31" count="0" type="stmt"/>
          <line num="35" count="0" type="stmt"/>
          <line num="36" count="0" type="stmt"/>
          <line num="37" count="0" type="stmt"/>
          <line num="45" count="0" type="stmt"/>
          <line num="46" count="0" type="stmt"/>
          <line num="47" count="0" type="cond" truecount="0" falsecount="2"/>
          <line num="48" count="0" type="cond" truecount="0" falsecount="2"/>
          <line num="49" count="0" type="stmt"/>
          <line num="50" count="0" type="stmt"/>
          <line num="53" count="0" type="stmt"/>
          <line num="54" count="0" type="stmt"/>
          <line num="63" count="0" type="stmt"/>
          <line num="64" count="0" type="stmt"/>
          <line num="65" count="0" type="stmt"/>
          <line num="66" count="0" type="stmt"/>
          <line num="67" count="0" type="stmt"/>
          <line num="68" count="0" type="stmt"/>
          <line num="69" count="0" type="cond" truecount="0" falsecount="2"/>
          <line num="70" count="0" type="stmt"/>
          <line num="71" count="0" type="cond" truecount="0" falsecount="2"/>
          <line num="72" count="0" type="stmt"/>
          <line num="75" count="1" type="stmt"/>
        </file>
      </package>
      <package name="app.codeCharta.codeMap.rendering">
        <metrics statements="301" coveredstatements="80" conditionals="59" coveredconditionals="10" methods="47" coveredmethods="8"/>
        <file name="boxGeometryGenerationHelper.ts" path="/home/travis/build/MaibornWolff/codecharta/visualization/app/codeCharta/codeMap/rendering/boxGeometryGenerationHelper.ts">
          <metrics statements="71" coveredstatements="15" conditionals="10" coveredconditionals="4" methods="6" coveredmethods="2"/>
          <line num="3" count="1" type="stmt"/>
          <line num="4" count="1" type="stmt"/>
          <line num="5" count="1" type="stmt"/>
          <line num="6" count="1" type="stmt"/>
          <line num="7" count="1" type="stmt"/>
          <line num="8" count="1" type="stmt"/>
          <line num="9" count="1" type="stmt"/>
          <line num="13" count="1" type="stmt"/>
          <line num="14" count="1" type="stmt"/>
          <line num="15" count="1" type="stmt"/>
          <line num="16" count="1" type="stmt"/>
          <line num="17" count="1" type="stmt"/>
          <line num="20" count="1" type="stmt"/>
          <line num="28" count="1" type="stmt"/>
          <line num="29" count="1" type="stmt"/>
          <line num="33" count="0" type="stmt"/>
          <line num="34" count="0" type="stmt"/>
          <line num="35" count="0" type="stmt"/>
          <line num="36" count="0" type="stmt"/>
          <line num="37" count="0" type="stmt"/>
          <line num="38" count="0" type="stmt"/>
          <line num="39" count="0" type="stmt"/>
          <line num="40" count="0" type="stmt"/>
          <line num="42" count="0" type="stmt"/>
          <line num="43" count="0" type="stmt"/>
          <line num="44" count="0" type="stmt"/>
          <line num="45" count="0" type="stmt"/>
          <line num="46" count="0" type="stmt"/>
          <line num="47" count="0" type="stmt"/>
          <line num="48" count="0" type="stmt"/>
          <line num="49" count="0" type="stmt"/>
          <line num="51" count="0" type="stmt"/>
          <line num="52" count="0" type="stmt"/>
          <line num="53" count="0" type="stmt"/>
          <line num="54" count="0" type="stmt"/>
          <line num="55" count="0" type="stmt"/>
          <line num="56" count="0" type="stmt"/>
          <line num="57" count="0" type="stmt"/>
          <line num="58" count="0" type="stmt"/>
          <line num="59" count="0" type="stmt"/>
          <line num="62" count="0" type="stmt"/>
          <line num="63" count="0" type="stmt"/>
          <line num="64" count="0" type="stmt"/>
          <line num="65" count="0" type="stmt"/>
          <line num="66" count="0" type="stmt"/>
          <line num="67" count="0" type="cond" truecount="0" falsecount="2"/>
          <line num="68" count="0" type="stmt"/>
          <line num="69" count="0" type="cond" truecount="0" falsecount="2"/>
          <line num="73" count="0" type="stmt"/>
          <line num="74" count="0" type="stmt"/>
          <line num="75" count="0" type="stmt"/>
          <line num="76" count="0" type="stmt"/>
          <line num="77" count="0" type="stmt"/>
          <line num="78" count="0" type="stmt"/>
          <line num="79" count="0" type="stmt"/>
          <line num="80" count="0" type="stmt"/>
          <line num="81" count="0" type="stmt"/>
          <line num="82" count="0" type="stmt"/>
          <line num="83" count="0" type="stmt"/>
          <line num="84" count="0" type="stmt"/>
          <line num="85" count="0" type="cond" truecount="0" falsecount="2"/>
          <line num="86" count="0" type="stmt"/>
          <line num="87" count="0" type="stmt"/>
          <line num="90" count="0" type="stmt"/>
          <line num="91" count="0" type="stmt"/>
          <line num="96" count="0" type="stmt"/>
          <line num="97" count="0" type="stmt"/>
          <line num="98" count="0" type="stmt"/>
          <line num="99" count="0" type="stmt"/>
          <line num="100" count="0" type="stmt"/>
          <line num="101" count="0" type="stmt"/>
        </file>
        <file name="codeMapBuilding.ts" path="/home/travis/build/MaibornWolff/codecharta/visualization/app/codeCharta/codeMap/rendering/codeMapBuilding.ts">
          <metrics statements="4" coveredstatements="0" conditionals="2" coveredconditionals="0" methods="1" coveredmethods="0"/>
          <line num="4" count="0" type="stmt"/>
          <line num="5" count="0" type="stmt"/>
          <line num="6" count="0" type="cond" truecount="0" falsecount="2"/>
          <line num="7" count="0" type="stmt"/>
        </file>
        <file name="codeMapGeometricDescription.ts" path="/home/travis/build/MaibornWolff/codecharta/visualization/app/codeCharta/codeMap/rendering/codeMapGeometricDescription.ts">
          <metrics statements="26" coveredstatements="0" conditionals="6" coveredconditionals="0" methods="4" coveredmethods="0"/>
          <line num="4" count="0" type="stmt"/>
          <line num="5" count="0" type="stmt"/>
          <line num="6" count="0" type="stmt"/>
          <line num="9" count="0" type="stmt"/>
          <line num="12" count="0" type="stmt"/>
          <line num="15" count="0" type="stmt"/>
          <line num="16" count="0" type="stmt"/>
          <line num="17" count="0" type="stmt"/>
          <line num="18" count="0" type="stmt"/>
          <line num="19" count="0" type="stmt"/>
          <line num="20" count="0" type="stmt"/>
          <line num="21" count="0" type="stmt"/>
          <line num="22" count="0" type="stmt"/>
          <line num="23" count="0" type="stmt"/>
          <line num="24" count="0" type="stmt"/>
          <line num="25" count="0" type="stmt"/>
          <line num="26" count="0" type="stmt"/>
          <line num="27" count="0" type="stmt"/>
          <line num="28" count="0" type="cond" truecount="0" falsecount="2"/>
          <line num="29" count="0" type="stmt"/>
          <line num="30" count="0" type="cond" truecount="0" falsecount="2"/>
          <line num="31" count="0" type="stmt"/>
          <line num="32" count="0" type="stmt"/>
          <line num="36" count="0" type="cond" truecount="0" falsecount="2"/>
          <line num="37" count="0" type="stmt"/>
          <line num="43" count="0" type="stmt"/>
        </file>
        <file name="codeMapMesh.ts" path="/home/travis/build/MaibornWolff/codecharta/visualization/app/codeCharta/codeMap/rendering/codeMapMesh.ts">
          <metrics statements="43" coveredstatements="0" conditionals="6" coveredconditionals="0" methods="17" coveredmethods="0"/>
          <line num="8" count="0" type="stmt"/>
          <line num="19" count="0" type="stmt"/>
          <line num="20" count="0" type="stmt"/>
          <line num="21" count="0" type="stmt"/>
          <line num="22" count="0" type="stmt"/>
          <line num="23" count="0" type="stmt"/>
          <line num="24" count="0" type="stmt"/>
          <line num="25" count="0" type="stmt"/>
          <line num="29" count="0" type="cond" truecount="0" falsecount="2"/>
          <line num="30" count="0" type="stmt"/>
          <line num="33" count="0" type="stmt"/>
          <line num="35" count="0" type="stmt"/>
          <line num="36" count="0" type="stmt"/>
          <line num="37" count="0" type="stmt"/>
          <line num="45" count="0" type="stmt"/>
          <line num="46" count="0" type="stmt"/>
          <line num="49" count="0" type="stmt"/>
          <line num="50" count="0" type="stmt"/>
          <line num="53" count="0" type="stmt"/>
          <line num="57" count="0" type="stmt"/>
          <line num="59" count="0" type="stmt"/>
          <line num="60" count="0" type="cond" truecount="0" falsecount="2"/>
          <line num="61" count="0" type="stmt"/>
          <line num="62" count="0" type="stmt"/>
          <line num="66" count="0" type="stmt"/>
          <line num="68" count="0" type="stmt"/>
          <line num="69" count="0" type="cond" truecount="0" falsecount="2"/>
          <line num="70" count="0" type="stmt"/>
          <line num="71" count="0" type="stmt"/>
          <line num="74" count="0" type="stmt"/>
          <line num="77" count="0" type="stmt"/>
          <line num="81" count="0" type="stmt"/>
          <line num="82" count="0" type="stmt"/>
          <line num="86" count="0" type="stmt"/>
          <line num="87" count="0" type="stmt"/>
          <line num="90" count="0" type="stmt"/>
          <line num="93" count="0" type="stmt"/>
          <line num="94" count="0" type="stmt"/>
          <line num="95" count="0" type="stmt"/>
          <line num="96" count="0" type="stmt"/>
          <line num="99" count="0" type="stmt"/>
          <line num="100" count="0" type="stmt"/>
          <line num="103" count="0" type="stmt"/>
        </file>
        <file name="codeMapShaderStrings.ts" path="/home/travis/build/MaibornWolff/codecharta/visualization/app/codeCharta/codeMap/rendering/codeMapShaderStrings.ts">
          <metrics statements="2" coveredstatements="0" conditionals="0" coveredconditionals="0" methods="1" coveredmethods="0"/>
          <line num="3" count="0" type="stmt"/>
          <line num="4" count="0" type="stmt"/>
        </file>
        <file name="geometryGenerator.ts" path="/home/travis/build/MaibornWolff/codecharta/visualization/app/codeCharta/codeMap/rendering/geometryGenerator.ts">
          <metrics statements="76" coveredstatements="1" conditionals="29" coveredconditionals="0" methods="9" coveredmethods="0"/>
          <line num="12" count="0" type="stmt"/>
          <line num="13" count="0" type="stmt"/>
          <line num="14" count="0" type="stmt"/>
          <line num="15" count="0" type="stmt"/>
          <line num="16" count="0" type="cond" truecount="0" falsecount="2"/>
          <line num="17" count="0" type="stmt"/>
          <line num="20" count="0" type="stmt"/>
          <line num="23" count="0" type="stmt"/>
          <line num="29" count="0" type="stmt"/>
          <line num="39" count="0" type="cond" truecount="0" falsecount="2"/>
          <line num="40" count="0" type="stmt"/>
          <line num="43" count="0" type="stmt"/>
          <line num="46" count="0" type="cond" truecount="0" falsecount="2"/>
          <line num="47" count="0" type="stmt"/>
          <line num="48" count="0" type="stmt"/>
          <line num="49" count="0" type="stmt"/>
          <line num="52" count="0" type="cond" truecount="0" falsecount="4"/>
          <line num="53" count="0" type="stmt"/>
          <line num="56" count="0" type="stmt"/>
          <line num="60" count="0" type="stmt"/>
          <line num="61" count="0" type="stmt"/>
          <line num="62" count="0" type="stmt"/>
          <line num="63" count="0" type="cond" truecount="0" falsecount="5"/>
          <line num="64" count="0" type="stmt"/>
          <line num="65" count="0" type="cond" truecount="0" falsecount="2"/>
          <line num="66" count="0" type="stmt"/>
          <line num="69" count="0" type="stmt"/>
          <line num="70" count="0" type="stmt"/>
          <line num="73" count="0" type="stmt"/>
          <line num="74" count="0" type="cond" truecount="0" falsecount="2"/>
          <line num="75" count="0" type="cond" truecount="0" falsecount="2"/>
          <line num="76" count="0" type="stmt"/>
          <line num="77" count="0" type="cond" truecount="0" falsecount="2"/>
          <line num="78" count="0" type="cond" truecount="0" falsecount="2"/>
          <line num="80" count="0" type="cond" truecount="0" falsecount="2"/>
          <line num="81" count="0" type="cond" truecount="0" falsecount="2"/>
          <line num="84" count="0" type="stmt"/>
          <line num="88" count="0" type="stmt"/>
          <line num="91" count="0" type="stmt"/>
          <line num="94" count="0" type="stmt"/>
          <line num="95" count="0" type="stmt"/>
          <line num="96" count="0" type="stmt"/>
          <line num="97" count="0" type="stmt"/>
          <line num="98" count="0" type="stmt"/>
          <line num="99" count="0" type="stmt"/>
          <line num="100" count="0" type="stmt"/>
          <line num="101" count="0" type="stmt"/>
          <line num="102" count="0" type="stmt"/>
          <line num="103" count="0" type="stmt"/>
          <line num="104" count="0" type="stmt"/>
          <line num="105" count="0" type="stmt"/>
          <line num="106" count="0" type="stmt"/>
          <line num="107" count="0" type="stmt"/>
          <line num="108" count="0" type="stmt"/>
          <line num="109" count="0" type="stmt"/>
          <line num="110" count="0" type="stmt"/>
          <line num="111" count="0" type="stmt"/>
          <line num="112" count="0" type="stmt"/>
          <line num="113" count="0" type="stmt"/>
          <line num="114" count="0" type="stmt"/>
          <line num="115" count="0" type="stmt"/>
          <line num="116" count="0" type="stmt"/>
          <line num="117" count="0" type="stmt"/>
          <line num="119" count="0" type="stmt"/>
          <line num="120" count="0" type="stmt"/>
          <line num="121" count="0" type="stmt"/>
          <line num="123" count="0" type="stmt"/>
          <line num="124" count="0" type="stmt"/>
          <line num="125" count="0" type="stmt"/>
          <line num="126" count="0" type="stmt"/>
          <line num="127" count="0" type="stmt"/>
          <line num="128" count="0" type="stmt"/>
          <line num="129" count="0" type="stmt"/>
          <line num="130" count="0" type="stmt"/>
          <line num="131" count="0" type="stmt"/>
          <line num="134" count="1" type="stmt"/>
        </file>
        <file name="intermediateVertexData.ts" path="/home/travis/build/MaibornWolff/codecharta/visualization/app/codeCharta/codeMap/rendering/intermediateVertexData.ts">
          <metrics statements="15" coveredstatements="0" conditionals="0" coveredconditionals="0" methods="3" coveredmethods="0"/>
          <line num="3" count="0" type="stmt"/>
          <line num="4" count="0" type="stmt"/>
          <line num="5" count="0" type="stmt"/>
          <line num="6" count="0" type="stmt"/>
          <line num="7" count="0" type="stmt"/>
          <line num="8" count="0" type="stmt"/>
          <line num="9" count="0" type="stmt"/>
          <line num="12" count="0" type="stmt"/>
          <line num="13" count="0" type="stmt"/>
          <line num="14" count="0" type="stmt"/>
          <line num="15" count="0" type="stmt"/>
          <line num="16" count="0" type="stmt"/>
          <line num="17" count="0" type="stmt"/>
          <line num="18" count="0" type="stmt"/>
          <line num="21" count="0" type="stmt"/>
        </file>
        <file name="labelManager.ts" path="/home/travis/build/MaibornWolff/codecharta/visualization/app/codeCharta/codeMap/rendering/labelManager.ts">
          <metrics statements="52" coveredstatements="52" conditionals="4" coveredconditionals="4" methods="4" coveredmethods="4"/>
          <line num="4" count="10" type="stmt"/>
          <line num="5" count="10" type="stmt"/>
          <line num="8" count="5" type="cond" truecount="4" falsecount="0"/>
          <line num="9" count="4" type="stmt"/>
          <line num="10" count="4" type="stmt"/>
          <line num="11" count="4" type="stmt"/>
          <line num="12" count="4" type="stmt"/>
          <line num="13" count="4" type="stmt"/>
          <line num="14" count="4" type="stmt"/>
          <line num="15" count="4" type="stmt"/>
          <line num="16" count="4" type="stmt"/>
          <line num="17" count="4" type="stmt"/>
          <line num="20" count="4" type="stmt"/>
          <line num="21" count="4" type="stmt"/>
          <line num="22" count="4" type="stmt"/>
          <line num="23" count="4" type="stmt"/>
          <line num="24" count="4" type="stmt"/>
          <line num="25" count="4" type="stmt"/>
          <line num="29" count="1" type="stmt"/>
          <line num="30" count="2" type="stmt"/>
          <line num="31" count="2" type="stmt"/>
          <line num="32" count="2" type="stmt"/>
          <line num="35" count="2" type="stmt"/>
          <line num="36" count="2" type="stmt"/>
          <line num="37" count="2" type="stmt"/>
          <line num="38" count="2" type="stmt"/>
          <line num="39" count="2" type="stmt"/>
          <line num="40" count="2" type="stmt"/>
          <line num="50" count="4" type="stmt"/>
          <line num="51" count="4" type="stmt"/>
          <line num="52" count="4" type="stmt"/>
          <line num="53" count="4" type="stmt"/>
          <line num="55" count="4" type="stmt"/>
          <line num="56" count="4" type="stmt"/>
          <line num="57" count="4" type="stmt"/>
          <line num="58" count="4" type="stmt"/>
          <line num="60" count="4" type="stmt"/>
          <line num="61" count="4" type="stmt"/>
          <line num="62" count="4" type="stmt"/>
          <line num="63" count="4" type="stmt"/>
          <line num="65" count="4" type="stmt"/>
          <line num="66" count="4" type="stmt"/>
          <line num="67" count="4" type="stmt"/>
          <line num="68" count="4" type="stmt"/>
          <line num="69" count="4" type="stmt"/>
          <line num="70" count="4" type="stmt"/>
          <line num="71" count="4" type="stmt"/>
          <line num="72" count="4" type="stmt"/>
          <line num="73" count="4" type="stmt"/>
          <line num="74" count="4" type="stmt"/>
          <line num="75" count="4" type="stmt"/>
          <line num="76" count="4" type="stmt"/>
        </file>
        <file name="renderSettings.ts" path="/home/travis/build/MaibornWolff/codecharta/visualization/app/codeCharta/codeMap/rendering/renderSettings.ts">
          <metrics statements="11" coveredstatements="11" conditionals="2" coveredconditionals="2" methods="1" coveredmethods="1"/>
          <line num="2" count="1" type="stmt"/>
          <line num="3" count="1" type="stmt"/>
          <line num="4" count="1" type="stmt"/>
          <line num="5" count="1" type="stmt"/>
          <line num="6" count="1" type="stmt"/>
          <line num="7" count="1" type="stmt"/>
          <line num="8" count="1" type="stmt"/>
          <line num="9" count="1" type="stmt"/>
          <line num="10" count="1" type="stmt"/>
          <line num="11" count="1" type="stmt"/>
          <line num="12" count="1" type="stmt"/>
        </file>
        <file name="renderingUtil.ts" path="/home/travis/build/MaibornWolff/codecharta/visualization/app/codeCharta/codeMap/rendering/renderingUtil.ts">
          <metrics statements="1" coveredstatements="1" conditionals="0" coveredconditionals="0" methods="1" coveredmethods="1"/>
          <line num="4" count="3" type="stmt"/>
        </file>
      </package>
      <package name="app.codeCharta.codeMap.threeViewer">
        <metrics statements="99" coveredstatements="56" conditionals="0" coveredconditionals="0" methods="25" coveredmethods="10"/>
        <file name="threeCameraService.ts" path="/home/travis/build/MaibornWolff/codecharta/visualization/app/codeCharta/codeMap/threeViewer/threeCameraService.ts">
          <metrics statements="10" coveredstatements="9" conditionals="0" coveredconditionals="0" methods="4" coveredmethods="3"/>
          <line num="13" count="0" type="stmt"/>
          <line num="24" count="1" type="stmt"/>
          <line num="25" count="1" type="stmt"/>
          <line num="26" count="1" type="stmt"/>
          <line num="27" count="1" type="stmt"/>
          <line num="30" count="1" type="stmt"/>
          <line num="33" count="7" type="stmt"/>
          <line num="34" count="7" type="stmt"/>
          <line num="35" count="7" type="stmt"/>
          <line num="36" count="7" type="stmt"/>
        </file>
        <file name="threeOrbitControlsService.ts" path="/home/travis/build/MaibornWolff/codecharta/visualization/app/codeCharta/codeMap/threeViewer/threeOrbitControlsService.ts">
          <metrics statements="12" coveredstatements="5" conditionals="0" coveredconditionals="0" methods="6" coveredmethods="2"/>
          <line num="8" count="8" type="stmt"/>
          <line num="9" count="8" type="stmt"/>
          <line num="12" count="7" type="stmt"/>
          <line num="13" count="0" type="stmt"/>
          <line num="21" count="0" type="stmt"/>
          <line num="22" count="0" type="stmt"/>
          <line num="23" count="0" type="stmt"/>
          <line num="24" count="0" type="stmt"/>
          <line num="25" count="0" type="stmt"/>
          <line num="33" count="0" type="stmt"/>
          <line num="36" count="7" type="stmt"/>
          <line num="37" count="7" type="stmt"/>
        </file>
        <file name="threeRendererService.ts" path="/home/travis/build/MaibornWolff/codecharta/visualization/app/codeCharta/codeMap/threeViewer/threeRendererService.ts">
          <metrics statements="7" coveredstatements="4" conditionals="0" coveredconditionals="0" methods="2" coveredmethods="0"/>
          <line num="12" count="0" type="stmt"/>
          <line num="13" count="0" type="stmt"/>
          <line num="14" count="0" type="stmt"/>
          <line num="17" count="7" type="stmt"/>
          <line num="18" count="7" type="stmt"/>
          <line num="19" count="7" type="stmt"/>
          <line num="20" count="7" type="stmt"/>
        </file>
        <file name="threeSceneService.ts" path="/home/travis/build/MaibornWolff/codecharta/visualization/app/codeCharta/codeMap/threeViewer/threeSceneService.ts">
          <metrics statements="42" coveredstatements="32" conditionals="0" coveredconditionals="0" methods="5" coveredmethods="2"/>
          <line num="8" count="5" type="stmt"/>
          <line num="9" count="5" type="stmt"/>
          <line num="10" count="5" type="stmt"/>
          <line num="11" count="5" type="stmt"/>
          <line num="12" count="5" type="stmt"/>
          <line num="13" count="5" type="stmt"/>
          <line num="14" count="5" type="stmt"/>
          <line num="15" count="5" type="stmt"/>
          <line num="16" count="5" type="stmt"/>
          <line num="19" count="5" type="stmt"/>
          <line num="20" count="5" type="stmt"/>
          <line num="21" count="5" type="stmt"/>
          <line num="22" count="5" type="stmt"/>
          <line num="23" count="5" type="stmt"/>
          <line num="24" count="5" type="stmt"/>
          <line num="25" count="5" type="stmt"/>
          <line num="26" count="5" type="stmt"/>
          <line num="27" count="5" type="stmt"/>
          <line num="28" count="5" type="stmt"/>
          <line num="29" count="5" type="stmt"/>
          <line num="30" count="5" type="stmt"/>
          <line num="31" count="5" type="stmt"/>
          <line num="32" count="5" type="stmt"/>
          <line num="33" count="5" type="stmt"/>
          <line num="34" count="5" type="stmt"/>
          <line num="35" count="5" type="stmt"/>
          <line num="36" count="5" type="stmt"/>
          <line num="37" count="5" type="stmt"/>
          <line num="38" count="5" type="stmt"/>
          <line num="39" count="5" type="stmt"/>
          <line num="40" count="5" type="stmt"/>
          <line num="43" count="0" type="stmt"/>
          <line num="44" count="0" type="stmt"/>
          <line num="45" count="0" type="stmt"/>
          <line num="47" count="0" type="stmt"/>
          <line num="48" count="0" type="stmt"/>
          <line num="49" count="0" type="stmt"/>
          <line num="50" count="0" type="stmt"/>
          <line num="53" count="0" type="stmt"/>
          <line num="54" count="0" type="stmt"/>
          <line num="57" count="0" type="stmt"/>
          <line num="60" count="7" type="stmt"/>
        </file>
        <file name="threeUpdateCycleService.ts" path="/home/travis/build/MaibornWolff/codecharta/visualization/app/codeCharta/codeMap/threeViewer/threeUpdateCycleService.ts">
          <metrics statements="5" coveredstatements="4" conditionals="0" coveredconditionals="0" methods="4" coveredmethods="3"/>
          <line num="6" count="2" type="stmt"/>
          <line num="9" count="0" type="stmt"/>
          <line num="15" count="1" type="stmt"/>
          <line num="16" count="2" type="stmt"/>
          <line num="20" count="7" type="stmt"/>
        </file>
        <file name="threeViewer.ts" path="/home/travis/build/MaibornWolff/codecharta/visualization/app/codeCharta/codeMap/threeViewer/threeViewer.ts">
          <metrics statements="1" coveredstatements="1" conditionals="0" coveredconditionals="0" methods="0" coveredmethods="0"/>
          <line num="9" count="7" type="stmt"/>
        </file>
        <file name="threeViewerService.ts" path="/home/travis/build/MaibornWolff/codecharta/visualization/app/codeCharta/codeMap/threeViewer/threeViewerService.ts">
          <metrics statements="22" coveredstatements="1" conditionals="0" coveredconditionals="0" methods="4" coveredmethods="0"/>
          <line num="8" count="0" type="stmt"/>
          <line num="9" count="0" type="stmt"/>
          <line num="10" count="0" type="stmt"/>
          <line num="11" count="0" type="stmt"/>
          <line num="12" count="0" type="stmt"/>
          <line num="13" count="0" type="stmt"/>
          <line num="20" count="0" type="stmt"/>
          <line num="21" count="0" type="stmt"/>
          <line num="22" count="0" type="stmt"/>
          <line num="24" count="0" type="stmt"/>
          <line num="26" count="0" type="stmt"/>
          <line num="28" count="0" type="stmt"/>
          <line num="30" count="0" type="stmt"/>
          <line num="36" count="0" type="stmt"/>
          <line num="37" count="0" type="stmt"/>
          <line num="38" count="0" type="stmt"/>
          <line num="39" count="0" type="stmt"/>
          <line num="45" count="0" type="stmt"/>
          <line num="46" count="0" type="stmt"/>
          <line num="47" count="0" type="stmt"/>
          <line num="48" count="0" type="stmt"/>
          <line num="51" count="7" type="stmt"/>
        </file>
      </package>
      <package name="app.codeCharta.core">
        <metrics statements="1" coveredstatements="1" conditionals="0" coveredconditionals="0" methods="0" coveredmethods="0"/>
        <file name="core.module.ts" path="/home/travis/build/MaibornWolff/codecharta/visualization/app/codeCharta/core/core.module.ts">
          <metrics statements="1" coveredstatements="1" conditionals="0" coveredconditionals="0" methods="0" coveredmethods="0"/>
          <line num="10" count="1" type="stmt"/>
        </file>
      </package>
      <package name="app.codeCharta.core.data">
        <metrics statements="178" coveredstatements="150" conditionals="86" coveredconditionals="69" methods="46" coveredmethods="40"/>
        <file name="data.decorator.service.ts" path="/home/travis/build/MaibornWolff/codecharta/visualization/app/codeCharta/core/data/data.decorator.service.ts">
          <metrics statements="9" coveredstatements="9" conditionals="8" coveredconditionals="7" methods="4" coveredmethods="4"/>
          <line num="15" count="14" type="cond" truecount="4" falsecount="0"/>
          <line num="16" count="7" type="stmt"/>
          <line num="17" count="7" type="stmt"/>
          <line num="18" count="7" type="stmt"/>
          <line num="19" count="21" type="stmt"/>
          <line num="24" count="13" type="cond" truecount="3" falsecount="1"/>
          <line num="25" count="13" type="stmt"/>
          <line num="26" count="13" type="stmt"/>
          <line num="27" count="68" type="stmt"/>
        </file>
        <file name="data.deltaCalculator.service.ts" path="/home/travis/build/MaibornWolff/codecharta/visualization/app/codeCharta/core/data/data.deltaCalculator.service.ts">
          <metrics statements="64" coveredstatements="63" conditionals="48" coveredconditionals="43" methods="15" coveredmethods="15"/>
          <line num="12" count="8" type="cond" truecount="6" falsecount="0"/>
          <line num="13" count="1" type="stmt"/>
          <line num="14" count="1" type="stmt"/>
          <line num="15" count="1" type="stmt"/>
          <line num="16" count="1" type="stmt"/>
          <line num="17" count="1" type="stmt"/>
          <line num="18" count="3" type="stmt"/>
          <line num="19" count="12" type="stmt"/>
          <line num="20" count="12" type="stmt"/>
          <line num="21" count="12" type="cond" truecount="2" falsecount="0"/>
          <line num="23" count="3" type="stmt"/>
          <line num="24" count="3" type="stmt"/>
          <line num="25" count="3" type="stmt"/>
          <line num="26" count="3" type="stmt"/>
          <line num="41" count="3" type="cond" truecount="6" falsecount="0"/>
          <line num="42" count="1" type="stmt"/>
          <line num="43" count="1" type="stmt"/>
          <line num="44" count="1" type="stmt"/>
          <line num="45" count="1" type="stmt"/>
          <line num="46" count="1" type="stmt"/>
          <line num="47" count="1" type="stmt"/>
          <line num="48" count="1" type="stmt"/>
          <line num="51" count="2" type="stmt"/>
          <line num="55" count="1" type="cond" truecount="3" falsecount="1"/>
          <line num="56" count="1" type="stmt"/>
          <line num="57" count="1" type="stmt"/>
          <line num="58" count="1" type="stmt"/>
          <line num="59" count="5" type="cond" truecount="2" falsecount="0"/>
          <line num="60" count="4" type="stmt"/>
          <line num="63" count="1" type="stmt"/>
          <line num="66" count="0" type="stmt"/>
          <line num="71" count="4" type="cond" truecount="6" falsecount="1"/>
          <line num="72" count="4" type="stmt"/>
          <line num="73" count="9" type="stmt"/>
          <line num="75" count="9" type="cond" truecount="2" falsecount="0"/>
          <line num="76" count="1" type="stmt"/>
          <line num="77" count="1" type="stmt"/>
          <line num="81" count="8" type="stmt"/>
          <line num="82" count="18" type="stmt"/>
          <line num="84" count="40" type="cond" truecount="2" falsecount="0"/>
          <line num="85" count="22" type="cond" truecount="7" falsecount="0"/>
          <line num="86" count="2" type="stmt"/>
          <line num="96" count="9" type="stmt"/>
          <line num="97" count="9" type="stmt"/>
          <line num="98" count="20" type="cond" truecount="2" falsecount="0"/>
          <line num="99" count="8" type="stmt"/>
          <line num="102" count="9" type="stmt"/>
          <line num="106" count="1" type="stmt"/>
          <line num="108" count="1" type="stmt"/>
          <line num="109" count="3" type="cond" truecount="1" falsecount="1"/>
          <line num="110" count="3" type="stmt"/>
          <line num="114" count="1" type="stmt"/>
          <line num="115" count="1" type="stmt"/>
          <line num="116" count="3" type="cond" truecount="1" falsecount="1"/>
          <line num="117" count="3" type="stmt"/>
          <line num="121" count="1" type="stmt"/>
          <line num="124" count="10" type="stmt"/>
          <line num="125" count="10" type="stmt"/>
          <line num="126" count="29" type="cond" truecount="1" falsecount="1"/>
          <line num="127" count="29" type="cond" truecount="2" falsecount="0"/>
          <line num="128" count="29" type="stmt"/>
          <line num="129" count="29" type="stmt"/>
          <line num="130" count="29" type="stmt"/>
          <line num="133" count="10" type="stmt"/>
        </file>
        <file name="data.loading.service.ts" path="/home/travis/build/MaibornWolff/codecharta/visualization/app/codeCharta/core/data/data.loading.service.ts">
          <metrics statements="10" coveredstatements="10" conditionals="2" coveredconditionals="1" methods="5" coveredmethods="5"/>
          <line num="8" count="2" type="stmt"/>
          <line num="9" count="2" type="stmt"/>
          <line num="19" count="2" type="cond" truecount="1" falsecount="1"/>
          <line num="20" count="2" type="stmt"/>
          <line num="22" count="2" type="stmt"/>
          <line num="23" count="2" type="stmt"/>
          <line num="24" count="1" type="stmt"/>
          <line num="25" count="1" type="stmt"/>
          <line num="26" count="1" type="stmt"/>
          <line num="28" count="1" type="stmt"/>
        </file>
        <file name="data.mocks.ts" path="/home/travis/build/MaibornWolff/codecharta/visualization/app/codeCharta/core/data/data.mocks.ts">
          <metrics statements="5" coveredstatements="5" conditionals="0" coveredconditionals="0" methods="0" coveredmethods="0"/>
          <line num="1" count="4" type="stmt"/>
          <line num="26" count="4" type="stmt"/>
          <line num="30" count="4" type="stmt"/>
          <line num="35" count="4" type="stmt"/>
          <line num="64" count="4" type="stmt"/>
        </file>
        <file name="data.module.ts" path="/home/travis/build/MaibornWolff/codecharta/visualization/app/codeCharta/core/data/data.module.ts">
          <metrics statements="6" coveredstatements="6" conditionals="0" coveredconditionals="0" methods="0" coveredmethods="0"/>
          <line num="8" count="12" type="stmt"/>
          <line num="9" count="12" type="stmt"/>
          <line num="10" count="12" type="stmt"/>
          <line num="11" count="12" type="stmt"/>
          <line num="12" count="12" type="stmt"/>
          <line num="13" count="12" type="stmt"/>
        </file>
        <file name="data.service.ts" path="/home/travis/build/MaibornWolff/codecharta/visualization/app/codeCharta/core/data/data.service.ts">
          <metrics statements="64" coveredstatements="37" conditionals="16" coveredconditionals="6" methods="18" coveredmethods="12"/>
          <line num="9" count="28" type="stmt"/>
          <line num="10" count="28" type="stmt"/>
          <line num="11" count="28" type="stmt"/>
          <line num="12" count="28" type="stmt"/>
          <line num="13" count="28" type="stmt"/>
          <line num="14" count="28" type="stmt"/>
          <line num="15" count="28" type="stmt"/>
          <line num="22" count="23" type="stmt"/>
          <line num="25" count="7" type="stmt"/>
          <line num="26" count="0" type="stmt"/>
          <line num="30" count="8" type="stmt"/>
          <line num="38" count="7" type="stmt"/>
          <line num="39" count="7" type="stmt"/>
          <line num="40" count="7" type="stmt"/>
          <line num="43" count="0" type="stmt"/>
          <line num="46" count="0" type="stmt"/>
          <line num="53" count="7" type="cond" truecount="1" falsecount="1"/>
          <line num="54" count="7" type="stmt"/>
          <line num="55" count="7" type="stmt"/>
          <line num="56" count="7" type="stmt"/>
          <line num="57" count="21" type="cond" truecount="1" falsecount="1"/>
          <line num="59" count="7" type="stmt"/>
          <line num="60" count="14" type="stmt"/>
          <line num="61" count="56" type="stmt"/>
          <line num="64" count="7" type="stmt"/>
          <line num="71" count="1" type="stmt"/>
          <line num="72" count="1" type="stmt"/>
          <line num="73" count="1" type="stmt"/>
          <line num="74" count="1" type="stmt"/>
          <line num="75" count="1" type="stmt"/>
          <line num="82" count="1" type="cond" truecount="1" falsecount="1"/>
          <line num="83" count="0" type="stmt"/>
          <line num="84" count="0" type="cond" truecount="0" falsecount="2"/>
          <line num="85" count="0" type="stmt"/>
          <line num="87" count="0" type="stmt"/>
          <line num="88" count="0" type="stmt"/>
          <line num="89" count="0" type="stmt"/>
          <line num="90" count="0" type="stmt"/>
          <line num="91" count="0" type="stmt"/>
          <line num="92" count="0" type="stmt"/>
          <line num="100" count="8" type="cond" truecount="2" falsecount="0"/>
          <line num="101" count="7" type="stmt"/>
          <line num="102" count="7" type="stmt"/>
          <line num="103" count="7" type="cond" truecount="1" falsecount="1"/>
          <line num="104" count="0" type="stmt"/>
          <line num="106" count="7" type="stmt"/>
          <line num="107" count="7" type="stmt"/>
          <line num="108" count="7" type="stmt"/>
          <line num="109" count="7" type="stmt"/>
          <line num="110" count="7" type="stmt"/>
          <line num="115" count="0" type="cond" truecount="0" falsecount="2"/>
          <line num="116" count="0" type="stmt"/>
          <line num="117" count="0" type="stmt"/>
          <line num="118" count="0" type="stmt"/>
          <line num="122" count="0" type="cond" truecount="0" falsecount="2"/>
          <line num="123" count="0" type="stmt"/>
          <line num="124" count="0" type="stmt"/>
          <line num="125" count="0" type="stmt"/>
          <line num="129" count="0" type="stmt"/>
          <line num="130" count="0" type="stmt"/>
          <line num="131" count="0" type="stmt"/>
          <line num="133" count="0" type="stmt"/>
          <line num="135" count="0" type="stmt"/>
          <line num="136" count="0" type="stmt"/>
        </file>
        <file name="data.validator.service.ts" path="/home/travis/build/MaibornWolff/codecharta/visualization/app/codeCharta/core/data/data.validator.service.ts">
          <metrics statements="20" coveredstatements="20" conditionals="12" coveredconditionals="12" methods="4" coveredmethods="4"/>
          <line num="18" count="20" type="cond" truecount="4" falsecount="0"/>
          <line num="19" count="7" type="stmt"/>
          <line num="20" count="7" type="stmt"/>
          <line num="21" count="14" type="stmt"/>
          <line num="23" count="7" type="cond" truecount="2" falsecount="0"/>
          <line num="24" count="1" type="stmt"/>
          <line num="27" count="6" type="stmt"/>
          <line num="28" count="6" type="stmt"/>
          <line num="29" count="12" type="cond" truecount="2" falsecount="0"/>
          <line num="31" count="6" type="stmt"/>
          <line num="35" count="12" type="stmt"/>
          <line num="44" count="8" type="stmt"/>
          <line num="45" count="8" type="stmt"/>
          <line num="46" count="8" type="stmt"/>
          <line num="47" count="8" type="stmt"/>
          <line num="49" count="8" type="cond" truecount="2" falsecount="0"/>
          <line num="50" count="1" type="stmt"/>
          <line num="55" count="7" type="cond" truecount="2" falsecount="0"/>
          <line num="56" count="3" type="stmt"/>
          <line num="59" count="4" type="stmt"/>
        </file>
      </package>
      <package name="app.codeCharta.core.scenario">
        <metrics statements="7" coveredstatements="6" conditionals="0" coveredconditionals="0" methods="5" coveredmethods="4"/>
        <file name="scenario.data.ts" path="/home/travis/build/MaibornWolff/codecharta/visualization/app/codeCharta/core/scenario/scenario.data.ts">
          <metrics statements="1" coveredstatements="1" conditionals="0" coveredconditionals="0" methods="1" coveredmethods="1"/>
          <line num="3" count="3" type="stmt"/>
        </file>
        <file name="scenario.module.ts" path="/home/travis/build/MaibornWolff/codecharta/visualization/app/codeCharta/core/scenario/scenario.module.ts">
          <metrics statements="2" coveredstatements="2" conditionals="0" coveredconditionals="0" methods="0" coveredmethods="0"/>
          <line num="6" count="2" type="stmt"/>
          <line num="7" count="2" type="stmt"/>
        </file>
        <file name="scenario.service.ts" path="/home/travis/build/MaibornWolff/codecharta/visualization/app/codeCharta/core/scenario/scenario.service.ts">
          <metrics statements="4" coveredstatements="3" conditionals="0" coveredconditionals="0" methods="4" coveredmethods="3"/>
          <line num="9" count="2" type="stmt"/>
          <line num="16" count="1" type="stmt"/>
          <line num="23" count="0" type="stmt"/>
          <line num="30" count="1" type="stmt"/>
        </file>
      </package>
      <package name="app.codeCharta.core.settings">
        <metrics statements="103" coveredstatements="43" conditionals="56" coveredconditionals="5" methods="19" coveredmethods="7"/>
        <file name="settings.module.ts" path="/home/travis/build/MaibornWolff/codecharta/visualization/app/codeCharta/core/settings/settings.module.ts">
          <metrics statements="1" coveredstatements="1" conditionals="0" coveredconditionals="0" methods="0" coveredmethods="0"/>
          <line num="7" count="7" type="stmt"/>
        </file>
        <file name="settings.service.ts" path="/home/travis/build/MaibornWolff/codecharta/visualization/app/codeCharta/core/settings/settings.service.ts">
          <metrics statements="102" coveredstatements="42" conditionals="56" coveredconditionals="5" methods="19" coveredmethods="7"/>
          <line num="5" count="7" type="stmt"/>
          <line num="6" count="7" type="stmt"/>
          <line num="7" count="7" type="stmt"/>
          <line num="8" count="7" type="stmt"/>
          <line num="9" count="7" type="stmt"/>
          <line num="10" count="7" type="stmt"/>
          <line num="11" count="7" type="stmt"/>
          <line num="12" count="7" type="stmt"/>
          <line num="13" count="7" type="stmt"/>
          <line num="14" count="7" type="stmt"/>
          <line num="15" count="7" type="stmt"/>
          <line num="18" count="5" type="stmt"/>
          <line num="19" count="0" type="stmt"/>
          <line num="23" count="7" type="stmt"/>
          <line num="28" count="7" type="stmt"/>
          <line num="31" count="7" type="stmt"/>
          <line num="34" count="7" type="stmt"/>
          <line num="35" count="7" type="stmt"/>
          <line num="51" count="0" type="stmt"/>
          <line num="54" count="0" type="stmt"/>
          <line num="63" count="0" type="stmt"/>
          <line num="64" count="0" type="cond" truecount="0" falsecount="2"/>
          <line num="66" count="0" type="stmt"/>
          <line num="68" count="0" type="cond" truecount="0" falsecount="2"/>
          <line num="70" count="0" type="stmt"/>
          <line num="72" count="0" type="cond" truecount="0" falsecount="2"/>
          <line num="74" count="0" type="stmt"/>
          <line num="76" count="0" type="stmt"/>
          <line num="79" count="0" type="cond" truecount="0" falsecount="5"/>
          <line num="82" count="0" type="stmt"/>
          <line num="83" count="0" type="stmt"/>
          <line num="84" count="0" type="stmt"/>
          <line num="95" count="1" type="cond" truecount="2" falsecount="2"/>
          <line num="96" count="0" type="stmt"/>
          <line num="97" count="0" type="stmt"/>
          <line num="99" count="1" type="cond" truecount="3" falsecount="1"/>
          <line num="100" count="0" type="stmt"/>
          <line num="101" count="0" type="stmt"/>
          <line num="103" count="1" type="stmt"/>
          <line num="111" count="0" type="stmt"/>
          <line num="112" count="0" type="stmt"/>
          <line num="113" count="0" type="stmt"/>
          <line num="114" count="0" type="cond" truecount="0" falsecount="5"/>
          <line num="115" count="0" type="cond" truecount="0" falsecount="4"/>
          <line num="119" count="0" type="stmt"/>
          <line num="121" count="0" type="stmt"/>
          <line num="122" count="0" type="cond" truecount="0" falsecount="2"/>
          <line num="123" count="0" type="cond" truecount="0" falsecount="2"/>
          <line num="124" count="0" type="stmt"/>
          <line num="126" count="0" type="cond" truecount="0" falsecount="2"/>
          <line num="127" count="0" type="stmt"/>
          <line num="129" count="0" type="cond" truecount="0" falsecount="4"/>
          <line num="130" count="0" type="stmt"/>
          <line num="131" count="0" type="cond" truecount="0" falsecount="2"/>
          <line num="132" count="0" type="stmt"/>
          <line num="134" count="0" type="stmt"/>
          <line num="137" count="0" type="stmt"/>
          <line num="144" count="0" type="stmt"/>
          <line num="145" count="0" type="stmt"/>
          <line num="151" count="0" type="stmt"/>
          <line num="152" count="0" type="stmt"/>
          <line num="153" count="0" type="stmt"/>
          <line num="154" count="0" type="cond" truecount="0" falsecount="5"/>
          <line num="155" count="0" type="cond" truecount="0" falsecount="4"/>
          <line num="159" count="0" type="stmt"/>
          <line num="161" count="0" type="cond" truecount="0" falsecount="4"/>
          <line num="165" count="0" type="stmt"/>
          <line num="170" count="0" type="stmt"/>
          <line num="171" count="0" type="stmt"/>
          <line num="178" count="1" type="stmt"/>
          <line num="179" count="1" type="stmt"/>
          <line num="180" count="1" type="stmt"/>
          <line num="181" count="1" type="stmt"/>
          <line num="182" count="1" type="stmt"/>
          <line num="183" count="1" type="stmt"/>
          <line num="184" count="1" type="stmt"/>
          <line num="185" count="1" type="stmt"/>
          <line num="186" count="1" type="stmt"/>
          <line num="187" count="1" type="stmt"/>
          <line num="188" count="1" type="stmt"/>
          <line num="189" count="1" type="stmt"/>
          <line num="190" count="1" type="stmt"/>
          <line num="191" count="1" type="stmt"/>
          <line num="192" count="1" type="stmt"/>
          <line num="193" count="1" type="stmt"/>
          <line num="194" count="1" type="stmt"/>
          <line num="196" count="1" type="stmt"/>
          <line num="197" count="1" type="stmt"/>
          <line num="201" count="8" type="stmt"/>
          <line num="210" count="21" type="stmt"/>
          <line num="217" count="0" type="stmt"/>
          <line num="218" count="0" type="stmt"/>
          <line num="219" count="0" type="stmt"/>
          <line num="220" count="0" type="stmt"/>
          <line num="221" count="0" type="stmt"/>
          <line num="222" count="0" type="stmt"/>
          <line num="231" count="0" type="stmt"/>
          <line num="232" count="0" type="stmt"/>
          <line num="233" count="0" type="cond" truecount="0" falsecount="2"/>
          <line num="234" count="0" type="stmt"/>
          <line num="237" count="0" type="stmt"/>
          <line num="240" count="7" type="stmt"/>
        </file>
      </package>
      <package name="app.codeCharta.core.statistic">
        <metrics statements="121" coveredstatements="117" conditionals="94" coveredconditionals="87" methods="13" coveredmethods="13"/>
        <file name="statistic.module.ts" path="/home/travis/build/MaibornWolff/codecharta/visualization/app/codeCharta/core/statistic/statistic.module.ts">
          <metrics statements="1" coveredstatements="1" conditionals="0" coveredconditionals="0" methods="0" coveredmethods="0"/>
          <line num="4" count="8" type="stmt"/>
        </file>
        <file name="statistic.service.ts" path="/home/travis/build/MaibornWolff/codecharta/visualization/app/codeCharta/core/statistic/statistic.service.ts">
          <metrics statements="120" coveredstatements="116" conditionals="94" coveredconditionals="87" methods="13" coveredmethods="13"/>
          <line num="2" count="8" type="stmt"/>
          <line num="3" count="8" type="stmt"/>
          <line num="4" count="8" type="stmt"/>
          <line num="5" count="8" type="stmt"/>
          <line num="6" count="8" type="stmt"/>
          <line num="7" count="8" type="stmt"/>
          <line num="8" count="8" type="stmt"/>
          <line num="21" count="15" type="cond" truecount="1" falsecount="1"/>
          <line num="22" count="15" type="cond" truecount="1" falsecount="1"/>
          <line num="23" count="0" type="stmt"/>
          <line num="25" count="15" type="stmt"/>
          <line num="26" count="15" type="cond" truecount="2" falsecount="0"/>
          <line num="27" count="5" type="stmt"/>
          <line num="29" count="10" type="stmt"/>
          <line num="30" count="10" type="stmt"/>
          <line num="32" count="10" type="stmt"/>
          <line num="33" count="10" type="stmt"/>
          <line num="36" count="30" type="stmt"/>
          <line num="38" count="30" type="cond" truecount="4" falsecount="0"/>
          <line num="39" count="10" type="stmt"/>
          <line num="42" count="30" type="stmt"/>
          <line num="44" count="10" type="stmt"/>
          <line num="46" count="30" type="stmt"/>
          <line num="48" count="10" type="stmt"/>
          <line num="49" count="10" type="stmt"/>
          <line num="50" count="10" type="stmt"/>
          <line num="51" count="10" type="stmt"/>
          <line num="58" count="120" type="stmt"/>
          <line num="59" count="120" type="stmt"/>
          <line num="60" count="330" type="cond" truecount="6" falsecount="0"/>
          <line num="61" count="150" type="stmt"/>
          <line num="63" count="180" type="cond" truecount="4" falsecount="0"/>
          <line num="64" count="10" type="stmt"/>
          <line num="67" count="120" type="cond" truecount="3" falsecount="1"/>
          <line num="68" count="120" type="stmt"/>
          <line num="69" count="180" type="stmt"/>
          <line num="72" count="120" type="cond" truecount="4" falsecount="0"/>
          <line num="73" count="60" type="cond" truecount="2" falsecount="0"/>
          <line num="74" count="10" type="stmt"/>
          <line num="76" count="60" type="stmt"/>
          <line num="78" count="90" type="stmt"/>
          <line num="79" count="110" type="stmt"/>
          <line num="81" count="110" type="cond" truecount="2" falsecount="0"/>
          <line num="83" count="75" type="stmt"/>
          <line num="84" count="75" type="stmt"/>
          <line num="85" count="75" type="stmt"/>
          <line num="89" count="90" type="cond" truecount="2" falsecount="0"/>
          <line num="90" count="15" type="stmt"/>
          <line num="92" count="15" type="stmt"/>
          <line num="97" count="120" type="stmt"/>
          <line num="106" count="120" type="cond" truecount="6" falsecount="0"/>
          <line num="108" count="60" type="stmt"/>
          <line num="109" count="180" type="stmt"/>
          <line num="114" count="60" type="stmt"/>
          <line num="115" count="90" type="stmt"/>
          <line num="116" count="160" type="cond" truecount="2" falsecount="0"/>
          <line num="117" count="90" type="stmt"/>
          <line num="122" count="120" type="stmt"/>
          <line num="128" count="55" type="cond" truecount="2" falsecount="0"/>
          <line num="129" count="10" type="stmt"/>
          <line num="131" count="45" type="cond" truecount="4" falsecount="0"/>
          <line num="132" count="20" type="stmt"/>
          <line num="133" count="35" type="stmt"/>
          <line num="136" count="25" type="cond" truecount="3" falsecount="1"/>
          <line num="137" count="25" type="stmt"/>
          <line num="139" count="55" type="stmt"/>
          <line num="148" count="55" type="cond" truecount="4" falsecount="0"/>
          <line num="149" count="25" type="stmt"/>
          <line num="150" count="75" type="stmt"/>
          <line num="153" count="30" type="cond" truecount="4" falsecount="0"/>
          <line num="155" count="20" type="stmt"/>
          <line num="156" count="35" type="stmt"/>
          <line num="159" count="10" type="cond" truecount="1" falsecount="1"/>
          <line num="160" count="10" type="stmt"/>
          <line num="162" count="55" type="stmt"/>
          <line num="170" count="75" type="cond" truecount="5" falsecount="1"/>
          <line num="172" count="15" type="stmt"/>
          <line num="174" count="15" type="stmt"/>
          <line num="176" count="15" type="stmt"/>
          <line num="178" count="15" type="stmt"/>
          <line num="180" count="15" type="stmt"/>
          <line num="182" count="0" type="stmt"/>
          <line num="184" count="0" type="stmt"/>
          <line num="190" count="15" type="stmt"/>
          <line num="191" count="15" type="stmt"/>
          <line num="192" count="42" type="cond" truecount="2" falsecount="0"/>
          <line num="193" count="36" type="stmt"/>
          <line num="196" count="15" type="stmt"/>
          <line num="197" count="15" type="stmt"/>
          <line num="204" count="15" type="stmt"/>
          <line num="205" count="42" type="cond" truecount="2" falsecount="0"/>
          <line num="206" count="36" type="cond" truecount="4" falsecount="0"/>
          <line num="207" count="18" type="stmt"/>
          <line num="211" count="15" type="stmt"/>
          <line num="218" count="15" type="stmt"/>
          <line num="219" count="42" type="cond" truecount="2" falsecount="0"/>
          <line num="220" count="36" type="cond" truecount="4" falsecount="0"/>
          <line num="221" count="15" type="stmt"/>
          <line num="225" count="15" type="stmt"/>
          <line num="231" count="15" type="stmt"/>
          <line num="232" count="15" type="stmt"/>
          <line num="234" count="15" type="stmt"/>
          <line num="235" count="42" type="cond" truecount="2" falsecount="0"/>
          <line num="236" count="36" type="cond" truecount="2" falsecount="0"/>
          <line num="237" count="18" type="stmt"/>
          <line num="240" count="18" type="stmt"/>
          <line num="244" count="15" type="stmt"/>
          <line num="245" count="18" type="cond" truecount="2" falsecount="0"/>
          <line num="246" count="15" type="stmt"/>
          <line num="247" count="15" type="stmt"/>
          <line num="250" count="15" type="stmt"/>
          <line num="256" count="42" type="stmt"/>
          <line num="258" count="15" type="stmt"/>
          <line num="259" count="15" type="cond" truecount="2" falsecount="0"/>
          <line num="260" count="9" type="stmt"/>
          <line num="262" count="6" type="cond" truecount="1" falsecount="1"/>
          <line num="263" count="0" type="stmt"/>
          <line num="266" count="6" type="stmt"/>
          <line num="268" count="15" type="stmt"/>
          <line num="271" count="8" type="stmt"/>
        </file>
      </package>
      <package name="app.codeCharta.core.tooltip">
        <metrics statements="19" coveredstatements="19" conditionals="2" coveredconditionals="2" methods="7" coveredmethods="7"/>
        <file name="tooltip.module.ts" path="/home/travis/build/MaibornWolff/codecharta/visualization/app/codeCharta/core/tooltip/tooltip.module.ts">
          <metrics statements="1" coveredstatements="1" conditionals="0" coveredconditionals="0" methods="0" coveredmethods="0"/>
          <line num="4" count="3" type="stmt"/>
        </file>
        <file name="tooltip.service.ts" path="/home/travis/build/MaibornWolff/codecharta/visualization/app/codeCharta/core/tooltip/tooltip.service.ts">
          <metrics statements="18" coveredstatements="18" conditionals="2" coveredconditionals="2" methods="7" coveredmethods="7"/>
          <line num="2" count="3" type="stmt"/>
          <line num="3" count="3" type="stmt"/>
          <line num="10" count="9" type="stmt"/>
          <line num="11" count="9" type="stmt"/>
          <line num="14" count="2" type="stmt"/>
          <line num="15" count="1" type="stmt"/>
          <line num="19" count="1" type="stmt"/>
          <line num="22" count="15" type="stmt"/>
          <line num="23" count="15" type="stmt"/>
          <line num="37" count="11" type="stmt"/>
          <line num="38" count="11" type="cond" truecount="2" falsecount="0"/>
          <line num="39" count="7" type="stmt"/>
          <line num="43" count="7" type="stmt"/>
          <line num="44" count="4" type="stmt"/>
          <line num="46" count="7" type="stmt"/>
          <line num="49" count="4" type="stmt"/>
          <line num="59" count="4" type="stmt"/>
          <line num="62" count="3" type="stmt"/>
        </file>
      </package>
      <package name="app.codeCharta.core.treemap">
        <metrics statements="42" coveredstatements="37" conditionals="17" coveredconditionals="13" methods="11" coveredmethods="9"/>
        <file name="treemap.module.ts" path="/home/travis/build/MaibornWolff/codecharta/visualization/app/codeCharta/core/treemap/treemap.module.ts">
          <metrics statements="2" coveredstatements="2" conditionals="0" coveredconditionals="0" methods="0" coveredmethods="0"/>
          <line num="5" count="2" type="stmt"/>
          <line num="6" count="2" type="stmt"/>
        </file>
        <file name="treemap.service.ts" path="/home/travis/build/MaibornWolff/codecharta/visualization/app/codeCharta/core/treemap/treemap.service.ts">
          <metrics statements="40" coveredstatements="35" conditionals="17" coveredconditionals="13" methods="11" coveredmethods="9"/>
          <line num="8" count="16" type="stmt"/>
          <line num="21" count="1" type="stmt"/>
          <line num="24" count="1" type="stmt"/>
          <line num="25" count="1" type="stmt"/>
          <line num="26" count="5" type="stmt"/>
          <line num="28" count="1" type="stmt"/>
          <line num="29" count="3" type="stmt"/>
          <line num="31" count="5" type="stmt"/>
          <line num="32" count="1" type="stmt"/>
          <line num="33" count="1" type="stmt"/>
          <line num="34" count="1" type="stmt"/>
          <line num="35" count="5" type="stmt"/>
          <line num="37" count="1" type="stmt"/>
          <line num="52" count="9" type="stmt"/>
          <line num="53" count="9" type="stmt"/>
          <line num="54" count="9" type="cond" truecount="2" falsecount="0"/>
          <line num="55" count="9" type="stmt"/>
          <line num="56" count="9" type="stmt"/>
          <line num="57" count="9" type="stmt"/>
          <line num="58" count="9" type="stmt"/>
          <line num="59" count="9" type="cond" truecount="2" falsecount="0"/>
          <line num="60" count="4" type="stmt"/>
          <line num="61" count="4" type="cond" truecount="1" falsecount="1"/>
          <line num="62" count="0" type="stmt"/>
          <line num="65" count="9" type="stmt"/>
          <line num="66" count="9" type="stmt"/>
          <line num="67" count="9" type="stmt"/>
          <line num="68" count="9" type="stmt"/>
          <line num="76" count="1" type="stmt"/>
          <line num="77" count="1" type="stmt"/>
          <line num="78" count="0" type="stmt"/>
          <line num="79" count="0" type="stmt"/>
          <line num="80" count="0" type="cond" truecount="0" falsecount="2"/>
          <line num="81" count="0" type="stmt"/>
          <line num="85" count="1" type="stmt"/>
          <line num="95" count="8" type="stmt"/>
          <line num="96" count="8" type="cond" truecount="5" falsecount="0"/>
          <line num="97" count="5" type="cond" truecount="2" falsecount="0"/>
          <line num="99" count="8" type="stmt"/>
          <line num="102" count="2" type="stmt"/>
        </file>
      </package>
      <package name="app.codeCharta.core.url">
        <metrics statements="28" coveredstatements="24" conditionals="12" coveredconditionals="9" methods="10" coveredmethods="9"/>
        <file name="url.mocks.ts" path="/home/travis/build/MaibornWolff/codecharta/visualization/app/codeCharta/core/url/url.mocks.ts">
          <metrics statements="1" coveredstatements="1" conditionals="0" coveredconditionals="0" methods="0" coveredmethods="0"/>
          <line num="1" count="1" type="stmt"/>
        </file>
        <file name="url.module.ts" path="/home/travis/build/MaibornWolff/codecharta/visualization/app/codeCharta/core/url/url.module.ts">
          <metrics statements="1" coveredstatements="1" conditionals="0" coveredconditionals="0" methods="0" coveredmethods="0"/>
          <line num="4" count="8" type="stmt"/>
        </file>
        <file name="url.service.ts" path="/home/travis/build/MaibornWolff/codecharta/visualization/app/codeCharta/core/url/url.service.ts">
          <metrics statements="26" coveredstatements="22" conditionals="12" coveredconditionals="9" methods="10" coveredmethods="9"/>
          <line num="8" count="11" type="stmt"/>
          <line num="9" count="11" type="stmt"/>
          <line num="17" count="2" type="stmt"/>
          <line num="26" count="12" type="cond" truecount="2" falsecount="0"/>
          <line num="27" count="7" type="stmt"/>
          <line num="29" count="12" type="stmt"/>
          <line num="30" count="12" type="stmt"/>
          <line num="31" count="12" type="cond" truecount="2" falsecount="0"/>
          <line num="32" count="4" type="stmt"/>
          <line num="34" count="8" type="cond" truecount="1" falsecount="1"/>
          <line num="35" count="0" type="stmt"/>
          <line num="37" count="8" type="stmt"/>
          <line num="44" count="8" type="stmt"/>
          <line num="51" count="2" type="stmt"/>
          <line num="52" count="2" type="stmt"/>
          <line num="53" count="2" type="stmt"/>
          <line num="61" count="2" type="stmt"/>
          <line num="62" count="2" type="cond" truecount="3" falsecount="1"/>
          <line num="63" count="2" type="stmt"/>
          <line num="64" count="2" type="cond" truecount="1" falsecount="1"/>
          <line num="65" count="2" type="stmt"/>
          <line num="66" count="2" type="stmt"/>
          <line num="69" count="0" type="stmt"/>
          <line num="72" count="0" type="stmt"/>
          <line num="76" count="0" type="stmt"/>
          <line num="81" count="8" type="stmt"/>
        </file>
      </package>
      <package name="app.codeCharta.ui.common">
        <metrics statements="51" coveredstatements="36" conditionals="0" coveredconditionals="0" methods="31" coveredmethods="23"/>
        <file name="checkbox.directive.ts" path="/home/travis/build/MaibornWolff/codecharta/visualization/app/codeCharta/ui/common/checkbox.directive.ts">
          <metrics statements="6" coveredstatements="6" conditionals="0" coveredconditionals="0" methods="4" coveredmethods="4"/>
          <line num="6" count="1" type="stmt"/>
          <line num="7" count="1" type="stmt"/>
          <line num="12" count="1" type="stmt"/>
          <line num="18" count="1" type="stmt"/>
          <line num="19" count="2" type="stmt"/>
          <line num="21" count="1" type="stmt"/>
        </file>
        <file name="collapsible.directive.ts" path="/home/travis/build/MaibornWolff/codecharta/visualization/app/codeCharta/ui/common/collapsible.directive.ts">
          <metrics statements="5" coveredstatements="5" conditionals="0" coveredconditionals="0" methods="1" coveredmethods="1"/>
          <line num="6" count="1" type="stmt"/>
          <line num="7" count="1" type="stmt"/>
          <line num="8" count="1" type="stmt"/>
          <line num="9" count="1" type="stmt"/>
          <line num="10" count="1" type="stmt"/>
        </file>
        <file name="collapsible.element.directive.ts" path="/home/travis/build/MaibornWolff/codecharta/visualization/app/codeCharta/ui/common/collapsible.element.directive.ts">
          <metrics statements="11" coveredstatements="0" conditionals="0" coveredconditionals="0" methods="4" coveredmethods="0"/>
          <line num="6" count="0" type="stmt"/>
          <line num="7" count="0" type="stmt"/>
          <line num="8" count="0" type="stmt"/>
          <line num="9" count="0" type="stmt"/>
          <line num="13" count="0" type="stmt"/>
          <line num="14" count="0" type="stmt"/>
          <line num="15" count="0" type="stmt"/>
          <line num="29" count="0" type="stmt"/>
          <line num="30" count="0" type="stmt"/>
          <line num="33" count="0" type="stmt"/>
          <line num="35" count="0" type="stmt"/>
        </file>
        <file name="common.ts" path="/home/travis/build/MaibornWolff/codecharta/visualization/app/codeCharta/ui/common/common.ts">
          <metrics statements="7" coveredstatements="6" conditionals="0" coveredconditionals="0" methods="6" coveredmethods="5"/>
          <line num="11" count="1" type="stmt"/>
          <line num="13" count="1" type="stmt"/>
          <line num="14" count="0" type="stmt"/>
          <line num="15" count="1" type="stmt"/>
          <line num="16" count="1" type="stmt"/>
          <line num="17" count="1" type="stmt"/>
          <line num="19" count="1" type="stmt"/>
        </file>
        <file name="dropdown.controller.ts" path="/home/travis/build/MaibornWolff/codecharta/visualization/app/codeCharta/ui/common/dropdown.controller.ts">
          <metrics statements="6" coveredstatements="3" conditionals="0" coveredconditionals="0" methods="4" coveredmethods="1"/>
          <line num="12" count="1" type="stmt"/>
          <line num="13" count="1" type="stmt"/>
          <line num="14" count="1" type="stmt"/>
          <line num="17" count="0" type="stmt"/>
          <line num="25" count="0" type="stmt"/>
          <line num="28" count="0" type="stmt"/>
        </file>
        <file name="dropdown.directive.ts" path="/home/travis/build/MaibornWolff/codecharta/visualization/app/codeCharta/ui/common/dropdown.directive.ts">
          <metrics statements="7" coveredstatements="7" conditionals="0" coveredconditionals="0" methods="4" coveredmethods="4"/>
          <line num="7" count="1" type="stmt"/>
          <line num="15" count="1" type="stmt"/>
          <line num="16" count="1" type="stmt"/>
          <line num="23" count="1" type="stmt"/>
          <line num="24" count="1" type="stmt"/>
          <line num="25" count="1" type="stmt"/>
          <line num="32" count="2" type="stmt"/>
        </file>
        <file name="fab.component.ts" path="/home/travis/build/MaibornWolff/codecharta/visualization/app/codeCharta/ui/common/fab.component.ts">
          <metrics statements="1" coveredstatements="1" conditionals="0" coveredconditionals="0" methods="0" coveredmethods="0"/>
          <line num="4" count="1" type="stmt"/>
        </file>
        <file name="numberField.directive.ts" path="/home/travis/build/MaibornWolff/codecharta/visualization/app/codeCharta/ui/common/numberField.directive.ts">
          <metrics statements="4" coveredstatements="4" conditionals="0" coveredconditionals="0" methods="4" coveredmethods="4"/>
          <line num="7" count="1" type="stmt"/>
          <line num="12" count="1" type="stmt"/>
          <line num="16" count="1" type="stmt"/>
          <line num="27" count="2" type="stmt"/>
        </file>
        <file name="slider.directive.ts" path="/home/travis/build/MaibornWolff/codecharta/visualization/app/codeCharta/ui/common/slider.directive.ts">
          <metrics statements="4" coveredstatements="4" conditionals="0" coveredconditionals="0" methods="4" coveredmethods="4"/>
          <line num="3" count="1" type="stmt"/>
          <line num="8" count="1" type="stmt"/>
          <line num="9" count="1" type="stmt"/>
          <line num="24" count="2" type="stmt"/>
        </file>
      </package>
      <package name="app.codeCharta.ui.revisionChooser">
        <metrics statements="16" coveredstatements="14" conditionals="2" coveredconditionals="2" methods="6" coveredmethods="5"/>
        <file name="revisionChooserComponent.ts" path="/home/travis/build/MaibornWolff/codecharta/visualization/app/codeCharta/ui/revisionChooser/revisionChooserComponent.ts">
          <metrics statements="16" coveredstatements="14" conditionals="2" coveredconditionals="2" methods="6" coveredmethods="5"/>
          <line num="13" count="8" type="stmt"/>
          <line num="14" count="8" type="stmt"/>
          <line num="15" count="8" type="stmt"/>
          <line num="16" count="8" type="stmt"/>
          <line num="17" count="8" type="stmt"/>
          <line num="25" count="0" type="stmt"/>
          <line num="26" count="0" type="stmt"/>
          <line num="32" count="2" type="cond" truecount="2" falsecount="0"/>
          <line num="34" count="1" type="stmt"/>
          <line num="35" count="1" type="stmt"/>
          <line num="39" count="1" type="stmt"/>
          <line num="40" count="1" type="stmt"/>
          <line num="48" count="1" type="stmt"/>
          <line num="51" count="1" type="stmt"/>
          <line num="54" count="1" type="stmt"/>
          <line num="57" count="1" type="stmt"/>
        </file>
      </package>
      <package name="app.codeCharta.ui.scenarioButtons">
        <metrics statements="17" coveredstatements="15" conditionals="2" coveredconditionals="2" methods="6" coveredmethods="5"/>
        <file name="scenarioButtonsComponent.ts" path="/home/travis/build/MaibornWolff/codecharta/visualization/app/codeCharta/ui/scenarioButtons/scenarioButtonsComponent.ts">
          <metrics statements="17" coveredstatements="15" conditionals="2" coveredconditionals="2" methods="6" coveredmethods="5"/>
          <line num="13" count="8" type="stmt"/>
          <line num="14" count="8" type="stmt"/>
          <line num="15" count="8" type="stmt"/>
          <line num="16" count="8" type="stmt"/>
          <line num="17" count="8" type="stmt"/>
          <line num="18" count="8" type="stmt"/>
          <line num="21" count="0" type="stmt"/>
          <line num="22" count="0" type="stmt"/>
          <line num="28" count="2" type="cond" truecount="2" falsecount="0"/>
          <line num="30" count="1" type="stmt"/>
          <line num="31" count="1" type="stmt"/>
          <line num="35" count="1" type="stmt"/>
          <line num="36" count="1" type="stmt"/>
          <line num="40" count="1" type="stmt"/>
          <line num="48" count="2" type="stmt"/>
          <line num="55" count="1" type="stmt"/>
          <line num="59" count="1" type="stmt"/>
        </file>
      </package>
      <package name="mocks">
        <metrics statements="1" coveredstatements="1" conditionals="0" coveredconditionals="0" methods="0" coveredmethods="0"/>
        <file name="htmlMock.js" path="/home/travis/build/MaibornWolff/codecharta/visualization/mocks/htmlMock.js">
          <metrics statements="1" coveredstatements="1" conditionals="0" coveredconditionals="0" methods="0" coveredmethods="0"/>
          <line num="1" count="2" type="stmt"/>
        </file>
      </package>
    </metrics>
  </project>
</coverage>
