{"/home/travis/build/MaibornWolff/codecharta/visualization/app/codeCharta/codeMap/codeMap.ts": {"path":"/home/travis/build/MaibornWolff/codecharta/visualization/app/codeCharta/codeMap/codeMap.ts","statementMap":{"0":{"start":{"line":6,"column":0},"end":{"line":8,"column":54}}},"fnMap":{},"branchMap":{},"s":{"0":1},"f":{},"b":{},"inputSourceMap":{"version":3,"file":"codeMap.js","sourceRoot":"","sources":["codeMap.ts"],"names":[],"mappings":"AAAA,OAAO,OAAO,MAAM,SAAS,CAAC;AAE9B,OAAO,2BAA2B,CAAC;AACnC,OAAO,qBAAqB,CAAC;AAE7B,OAAO,EAAC,cAAc,EAAC,MAAM,kBAAkB,CAAC;AAChD,OAAO,EAAC,gBAAgB,EAAC,MAAM,oBAAoB,CAAC;AAEpD,OAAO,CAAC,MAAM,CAAC,wBAAwB,EAAC,CAAC,oCAAoC,EAAE,qBAAqB,CAAC,CAAC;KAErG,SAAS,CAAC,gBAAgB,CAAC,QAAQ,EAAE,gBAAgB,CAAC;KAEtD,OAAO,CACJ,cAAc,CAAC,QAAQ,EACvB,cAAc,CACjB,CAAC","sourcesContent":["import angular from \"angular\";\n\nimport \"./threeViewer/threeViewer\";\nimport \"../core/core.module\";\n\nimport {CodeMapService} from \"./codeMapService\";\nimport {codeMapComponent} from \"./codeMapComponent\";\n\nangular.module(\"app.codeCharta.codeMap\",[\"app.codeCharta.codeMap.threeViewer\", \"app.codeCharta.core\"])\n\n.component(codeMapComponent.selector, codeMapComponent)\n\n.service(\n    CodeMapService.SELECTOR,\n    CodeMapService\n);"]},"_coverageSchema":"332fd63041d2c1bcb487cc26dd0d5f7d97098a6c","hash":"40a1ed47196e7ddd0745ea98555b24ff8b379283"}
,"/home/travis/build/MaibornWolff/codecharta/visualization/app/codeCharta/codeMap/codeMapComponent.ts": {"path":"/home/travis/build/MaibornWolff/codecharta/visualization/app/codeCharta/codeMap/codeMapComponent.ts","statementMap":{"0":{"start":{"line":7,"column":8},"end":{"line":7,"column":37}},"1":{"start":{"line":8,"column":8},"end":{"line":8,"column":53}},"2":{"start":{"line":9,"column":8},"end":{"line":9,"column":57}},"3":{"start":{"line":10,"column":8},"end":{"line":10,"column":51}},"4":{"start":{"line":11,"column":8},"end":{"line":11,"column":63}},"5":{"start":{"line":12,"column":8},"end":{"line":12,"column":53}},"6":{"start":{"line":13,"column":8},"end":{"line":13,"column":33}},"7":{"start":{"line":14,"column":8},"end":{"line":14,"column":45}},"8":{"start":{"line":19,"column":8},"end":{"line":19,"column":28}},"9":{"start":{"line":24,"column":8},"end":{"line":24,"column":29}},"10":{"start":{"line":29,"column":8},"end":{"line":29,"column":36}},"11":{"start":{"line":30,"column":8},"end":{"line":30,"column":91}},"12":{"start":{"line":31,"column":8},"end":{"line":31,"column":87}},"13":{"start":{"line":32,"column":8},"end":{"line":32,"column":65}},"14":{"start":{"line":35,"column":8},"end":{"line":35,"column":55}},"15":{"start":{"line":36,"column":8},"end":{"line":36,"column":42}},"16":{"start":{"line":39,"column":8},"end":{"line":41,"column":11}},"17":{"start":{"line":40,"column":12},"end":{"line":40,"column":50}},"18":{"start":{"line":42,"column":8},"end":{"line":44,"column":11}},"19":{"start":{"line":43,"column":12},"end":{"line":43,"column":51}},"20":{"start":{"line":50,"column":8},"end":{"line":50,"column":64}},"21":{"start":{"line":51,"column":8},"end":{"line":65,"column":9}},"22":{"start":{"line":52,"column":37},"end":{"line":52,"column":146}},"23":{"start":{"line":53,"column":23},"end":{"line":53,"column":35}},"24":{"start":{"line":54,"column":21},"end":{"line":54,"column":25}},"25":{"start":{"line":55,"column":12},"end":{"line":60,"column":13}},"26":{"start":{"line":56,"column":16},"end":{"line":56,"column":49}},"27":{"start":{"line":59,"column":16},"end":{"line":59,"column":26}},"28":{"start":{"line":61,"column":12},"end":{"line":64,"column":13}},"29":{"start":{"line":62,"column":16},"end":{"line":62,"column":49}},"30":{"start":{"line":63,"column":16},"end":{"line":63,"column":34}},"31":{"start":{"line":72,"column":8},"end":{"line":72,"column":101}},"32":{"start":{"line":73,"column":8},"end":{"line":73,"column":103}},"33":{"start":{"line":79,"column":19},"end":{"line":79,"column":32}},"34":{"start":{"line":80,"column":8},"end":{"line":83,"column":9}},"35":{"start":{"line":81,"column":12},"end":{"line":81,"column":41}},"36":{"start":{"line":82,"column":12},"end":{"line":82,"column":57}},"37":{"start":{"line":84,"column":8},"end":{"line":87,"column":9}},"38":{"start":{"line":85,"column":12},"end":{"line":85,"column":33}},"39":{"start":{"line":86,"column":12},"end":{"line":86,"column":48}},"40":{"start":{"line":102,"column":8},"end":{"line":106,"column":9}},"41":{"start":{"line":103,"column":12},"end":{"line":105,"column":13}},"42":{"start":{"line":104,"column":16},"end":{"line":104,"column":41}},"43":{"start":{"line":107,"column":8},"end":{"line":107,"column":79}},"44":{"start":{"line":108,"column":8},"end":{"line":113,"column":9}},"45":{"start":{"line":109,"column":12},"end":{"line":109,"column":69}},"46":{"start":{"line":112,"column":12},"end":{"line":112,"column":65}},"47":{"start":{"line":122,"column":8},"end":{"line":122,"column":80}},"48":{"start":{"line":123,"column":8},"end":{"line":128,"column":9}},"49":{"start":{"line":124,"column":12},"end":{"line":124,"column":66}},"50":{"start":{"line":127,"column":12},"end":{"line":127,"column":64}},"51":{"start":{"line":132,"column":32},"end":{"line":136,"column":1}}},"fnMap":{"0":{"name":"(anonymous_0)","decl":{"start":{"line":6,"column":4},"end":{"line":6,"column":5}},"loc":{"start":{"line":6,"column":160},"end":{"line":33,"column":5}},"line":6},"1":{"name":"(anonymous_1)","decl":{"start":{"line":34,"column":4},"end":{"line":34,"column":5}},"loc":{"start":{"line":34,"column":16},"end":{"line":37,"column":5}},"line":34},"2":{"name":"(anonymous_2)","decl":{"start":{"line":38,"column":4},"end":{"line":38,"column":5}},"loc":{"start":{"line":38,"column":45},"end":{"line":45,"column":5}},"line":38},"3":{"name":"(anonymous_3)","decl":{"start":{"line":39,"column":43},"end":{"line":39,"column":44}},"loc":{"start":{"line":39,"column":56},"end":{"line":41,"column":9}},"line":39},"4":{"name":"(anonymous_4)","decl":{"start":{"line":42,"column":44},"end":{"line":42,"column":45}},"loc":{"start":{"line":42,"column":57},"end":{"line":44,"column":9}},"line":42},"5":{"name":"(anonymous_5)","decl":{"start":{"line":49,"column":4},"end":{"line":49,"column":5}},"loc":{"start":{"line":49,"column":13},"end":{"line":66,"column":5}},"line":49},"6":{"name":"(anonymous_6)","decl":{"start":{"line":71,"column":4},"end":{"line":71,"column":5}},"loc":{"start":{"line":71,"column":31},"end":{"line":74,"column":5}},"line":71},"7":{"name":"(anonymous_7)","decl":{"start":{"line":78,"column":4},"end":{"line":78,"column":5}},"loc":{"start":{"line":78,"column":26},"end":{"line":88,"column":5}},"line":78},"8":{"name":"(anonymous_8)","decl":{"start":{"line":95,"column":4},"end":{"line":95,"column":5}},"loc":{"start":{"line":95,"column":32},"end":{"line":114,"column":5}},"line":95},"9":{"name":"(anonymous_9)","decl":{"start":{"line":121,"column":4},"end":{"line":121,"column":5}},"loc":{"start":{"line":121,"column":33},"end":{"line":129,"column":5}},"line":121}},"branchMap":{"0":{"loc":{"start":{"line":51,"column":8},"end":{"line":65,"column":9}},"type":"if","locations":[{"start":{"line":51,"column":8},"end":{"line":65,"column":9}},{"start":{"line":51,"column":8},"end":{"line":65,"column":9}}],"line":51},"1":{"loc":{"start":{"line":55,"column":12},"end":{"line":60,"column":13}},"type":"if","locations":[{"start":{"line":55,"column":12},"end":{"line":60,"column":13}},{"start":{"line":55,"column":12},"end":{"line":60,"column":13}}],"line":55},"2":{"loc":{"start":{"line":61,"column":12},"end":{"line":64,"column":13}},"type":"if","locations":[{"start":{"line":61,"column":12},"end":{"line":64,"column":13}},{"start":{"line":61,"column":12},"end":{"line":64,"column":13}}],"line":61},"3":{"loc":{"start":{"line":80,"column":8},"end":{"line":83,"column":9}},"type":"if","locations":[{"start":{"line":80,"column":8},"end":{"line":83,"column":9}},{"start":{"line":80,"column":8},"end":{"line":83,"column":9}}],"line":80},"4":{"loc":{"start":{"line":84,"column":8},"end":{"line":87,"column":9}},"type":"if","locations":[{"start":{"line":84,"column":8},"end":{"line":87,"column":9}},{"start":{"line":84,"column":8},"end":{"line":87,"column":9}}],"line":84},"5":{"loc":{"start":{"line":84,"column":12},"end":{"line":84,"column":42}},"type":"binary-expr","locations":[{"start":{"line":84,"column":12},"end":{"line":84,"column":25}},{"start":{"line":84,"column":29},"end":{"line":84,"column":42}}],"line":84},"6":{"loc":{"start":{"line":102,"column":8},"end":{"line":106,"column":9}},"type":"if","locations":[{"start":{"line":102,"column":8},"end":{"line":106,"column":9}},{"start":{"line":102,"column":8},"end":{"line":106,"column":9}}],"line":102},"7":{"loc":{"start":{"line":102,"column":12},"end":{"line":102,"column":26}},"type":"binary-expr","locations":[{"start":{"line":102,"column":12},"end":{"line":102,"column":14}},{"start":{"line":102,"column":18},"end":{"line":102,"column":26}}],"line":102},"8":{"loc":{"start":{"line":103,"column":12},"end":{"line":105,"column":13}},"type":"if","locations":[{"start":{"line":103,"column":12},"end":{"line":105,"column":13}},{"start":{"line":103,"column":12},"end":{"line":105,"column":13}}],"line":103},"9":{"loc":{"start":{"line":103,"column":16},"end":{"line":103,"column":43}},"type":"binary-expr","locations":[{"start":{"line":103,"column":16},"end":{"line":103,"column":25}},{"start":{"line":103,"column":29},"end":{"line":103,"column":43}}],"line":103},"10":{"loc":{"start":{"line":108,"column":8},"end":{"line":113,"column":9}},"type":"if","locations":[{"start":{"line":108,"column":8},"end":{"line":113,"column":9}},{"start":{"line":108,"column":8},"end":{"line":113,"column":9}}],"line":108},"11":{"loc":{"start":{"line":123,"column":8},"end":{"line":128,"column":9}},"type":"if","locations":[{"start":{"line":123,"column":8},"end":{"line":128,"column":9}},{"start":{"line":123,"column":8},"end":{"line":128,"column":9}}],"line":123}},"s":{"0":0,"1":0,"2":0,"3":0,"4":0,"5":0,"6":0,"7":0,"8":0,"9":0,"10":0,"11":0,"12":0,"13":0,"14":0,"15":0,"16":0,"17":0,"18":0,"19":0,"20":0,"21":0,"22":0,"23":0,"24":0,"25":0,"26":0,"27":0,"28":0,"29":0,"30":0,"31":0,"32":0,"33":0,"34":0,"35":0,"36":0,"37":0,"38":0,"39":0,"40":0,"41":0,"42":0,"43":0,"44":0,"45":0,"46":0,"47":0,"48":0,"49":0,"50":0,"51":1},"f":{"0":0,"1":0,"2":0,"3":0,"4":0,"5":0,"6":0,"7":0,"8":0,"9":0},"b":{"0":[0,0],"1":[0,0],"2":[0,0],"3":[0,0],"4":[0,0],"5":[0,0],"6":[0,0],"7":[0,0],"8":[0,0],"9":[0,0],"10":[0,0],"11":[0,0]},"inputSourceMap":{"version":3,"file":"codeMapComponent.js","sourceRoot":"","sources":["codeMapComponent.ts"],"names":[],"mappings":"AAqBA;;GAEG;AACH,MAAM;IAMF,eAAe;IACf,YACY,UAAU,EACV,kBAAsC,EACtC,oBAAoB,EACpB,iBAAiB,EACjB,uBAAuB,EACvB,kBAAsC,EACtC,QAAiB,EACjB,cAA8B;QAP9B,eAAU,GAAV,UAAU,CAAA;QACV,uBAAkB,GAAlB,kBAAkB,CAAoB;QACtC,yBAAoB,GAApB,oBAAoB,CAAA;QACpB,sBAAiB,GAAjB,iBAAiB,CAAA;QACjB,4BAAuB,GAAvB,uBAAuB,CAAA;QACvB,uBAAkB,GAAlB,kBAAkB,CAAoB;QACtC,aAAQ,GAAR,QAAQ,CAAS;QACjB,mBAAc,GAAd,cAAc,CAAgB;QAGtC;;;WAGG;QACH,IAAI,CAAC,OAAO,GAAG,IAAI,CAAC;QAEpB;;;WAGG;QACH,IAAI,CAAC,QAAQ,GAAG,IAAI,CAAC;QAErB;;;WAGG;QACH,IAAI,CAAC,KAAK,GAAG,EAAC,CAAC,EAAE,CAAC,EAAE,CAAC,EAAE,CAAC,EAAC,CAAC;QAE1B,QAAQ,CAAC,gBAAgB,CAAC,WAAW,EAAE,IAAI,CAAC,mBAAmB,CAAC,IAAI,CAAC,IAAI,CAAC,EAAE,KAAK,CAAC,CAAC;QACnF,QAAQ,CAAC,gBAAgB,CAAC,OAAO,EAAE,IAAI,CAAC,mBAAmB,CAAC,IAAI,CAAC,IAAI,CAAC,EAAE,KAAK,CAAC,CAAC;QAE/E,uBAAuB,CAAC,QAAQ,CAAC,IAAI,CAAC,MAAM,CAAC,IAAI,CAAC,IAAI,CAAC,CAAC,CAAC;IAC7D,CAAC;IAED,SAAS;QACL,IAAI,CAAC,kBAAkB,CAAC,IAAI,CAAC,IAAI,CAAC,QAAQ,CAAC,CAAC,CAAC,CAAC,CAAC;QAC/C,IAAI,CAAC,kBAAkB,CAAC,OAAO,EAAE,CAAC;IACtC,CAAC;IAED,MAAM,CAAC,SAAS,CAAC,UAA6B,EAAE,UAAuC;QAEnF,UAAU,CAAC,GAAG,CAAC,kBAAkB,EAAE,CAAC,CAAC,EAAE,IAA8B,EAAE,EAAE;YACrE,UAAU,CAAC,iBAAiB,CAAC,IAAI,EAAE,CAAC,CAAC,CAAC;QAC1C,CAAC,CAAC,CAAC;QAEH,UAAU,CAAC,GAAG,CAAC,mBAAmB,EAAE,CAAC,CAAC,EAAE,IAA8B,EAAE,EAAE;YACtE,UAAU,CAAC,kBAAkB,CAAC,IAAI,EAAE,CAAC,CAAC,CAAC;QAC3C,CAAC,CAAC,CAAC;IAEP,CAAC;IAED;;OAEG;IACH,MAAM;QACF,IAAI,CAAC,kBAAkB,CAAC,MAAM,CAAC,iBAAiB,CAAC,KAAK,CAAC,CAAC;QAExD,EAAE,CAAC,CAAC,IAAI,CAAC,iBAAiB,CAAC,UAAU,EAAE,IAAI,IAAI,CAAC,CAChD,CAAC;YACG,IAAI,kBAAkB,GAAG,IAAI,CAAC,iBAAiB,CAAC,UAAU,EAAE,CAAC,6BAA6B,CAAC,IAAI,CAAC,KAAK,EAAE,IAAI,CAAC,kBAAkB,CAAC,MAAM,CAAC,CAAC;YAEvI,IAAI,IAAI,GAAG,IAAI,CAAC,OAAO,CAAC;YACxB,IAAI,EAAE,GAAG,IAAI,CAAC;YAEd,EAAE,CAAC,CAAC,kBAAkB,CAAC,iBAAiB,IAAI,IAAI,CAAC,CACjD,CAAC;gBACG,EAAE,GAAG,kBAAkB,CAAC,QAAQ,CAAC;YACrC,CAAC;YACD,IAAI,CACJ,CAAC;gBACG,EAAE,GAAG,IAAI,CAAC;YACd,CAAC;YAED,EAAE,CAAC,CAAC,IAAI,IAAI,EAAE,CAAC,CACf,CAAC;gBACG,IAAI,CAAC,iBAAiB,CAAC,IAAI,EAAE,EAAE,CAAC,CAAC;gBACjC,IAAI,CAAC,OAAO,GAAG,EAAE,CAAC;YACtB,CAAC;QACL,CAAC;IACL,CAAC;IAED;;;OAGG;IACH,mBAAmB,CAAE,KAAK;QACtB,IAAI,CAAC,KAAK,CAAC,CAAC,GAAG,CAAE,KAAK,CAAC,OAAO,GAAG,IAAI,CAAC,oBAAoB,CAAC,QAAQ,CAAC,UAAU,CAAC,KAAK,CAAE,GAAG,CAAC,GAAG,CAAC,CAAC;QAC/F,IAAI,CAAC,KAAK,CAAC,CAAC,GAAG,CAAC,CAAE,KAAK,CAAC,OAAO,GAAG,IAAI,CAAC,oBAAoB,CAAC,QAAQ,CAAC,UAAU,CAAC,MAAM,CAAE,GAAG,CAAC,GAAG,CAAC,CAAC;IACrG,CAAC;IAED;;OAEG;IACH,mBAAmB;QACf,IAAI,IAAI,GAAG,IAAI,CAAC,QAAQ,CAAC;QAEzB,EAAE,CAAC,CAAC,IAAI,CAAC,OAAO,CAAC,CAAC,CAAC;YACf,IAAI,CAAC,QAAQ,GAAG,IAAI,CAAC,OAAO,CAAC;YAC7B,IAAI,CAAC,kBAAkB,CAAC,IAAI,EAAE,IAAI,CAAC,QAAQ,CAAC,CAAC;QACjD,CAAC;QAED,EAAE,CAAA,CAAC,CAAC,IAAI,CAAC,OAAO,IAAI,IAAI,CAAC,QAAQ,CAAC,CAAC,CAAC;YAChC,IAAI,CAAC,QAAQ,GAAG,IAAI,CAAC;YACrB,IAAI,CAAC,kBAAkB,CAAC,IAAI,EAAE,IAAI,CAAC,CAAC;QACxC,CAAC;IAEL,CAAC;IAED;;;;;OAKG;IACH,iBAAiB,CAAC,IAAqB,EAAE,EAAmB;QACxD;;;;;WAKG;QACH,EAAE,CAAA,CAAC,EAAE,IAAI,CAAC,EAAE,CAAC,IAAI,CAAC,CAAA,CAAC;YACf,EAAE,CAAA,CAAC,EAAE,CAAC,MAAM,IAAI,EAAE,CAAC,MAAM,CAAC,IAAI,CAAC,CAAA,CAAC;gBAC5B,EAAE,CAAC,IAAI,GAAG,EAAE,CAAC,MAAM,CAAC,IAAI,CAAC;YAC7B,CAAC;QACL,CAAC;QAED,IAAI,CAAC,UAAU,CAAC,UAAU,CAAC,kBAAkB,EAAE,EAAC,EAAE,EAAE,EAAE,EAAE,IAAI,EAAE,IAAI,EAAC,CAAC,CAAC;QAErE,EAAE,CAAC,CAAC,EAAE,KAAK,IAAI,CAAC,CAChB,CAAC;YACG,IAAI,CAAC,iBAAiB,CAAC,UAAU,EAAE,CAAC,cAAc,CAAC,CAAC,EAAE,CAAC,CAAC,CAAC;QAC7D,CAAC;QACD,IAAI,CACJ,CAAC;YACG,IAAI,CAAC,iBAAiB,CAAC,UAAU,EAAE,CAAC,cAAc,EAAE,CAAC;QACzD,CAAC;IACL,CAAC;IAED;;;;;OAKG;IACH,kBAAkB,CAAC,IAAqB,EAAE,EAAmB;QACzD,IAAI,CAAC,UAAU,CAAC,UAAU,CAAC,mBAAmB,EAAE,EAAC,EAAE,EAAE,EAAE,EAAE,IAAI,EAAC,IAAI,EAAC,CAAC,CAAC;QAErE,EAAE,CAAC,CAAC,EAAE,KAAK,IAAI,CAAC,CAChB,CAAC;YACG,IAAI,CAAC,iBAAiB,CAAC,UAAU,EAAE,CAAC,WAAW,CAAC,CAAC,EAAE,CAAC,CAAC,CAAC;QAC1D,CAAC;QACD,IAAI,CACJ,CAAC;YACG,IAAI,CAAC,iBAAiB,CAAC,UAAU,EAAE,CAAC,aAAa,EAAE,CAAC;QACxD,CAAC;IACL,CAAC;CAEJ;AAAA,CAAC;AAEF,MAAM,CAAC,MAAM,gBAAgB,GAAG;IAC5B,QAAQ,EAAE,kBAAkB;IAC5B,QAAQ,EAAE,2BAA2B;IACrC,UAAU,EAAE,iBAAiB;CAChC,CAAC","sourcesContent":["import {codeMapBuilding} from \"./rendering/codeMapBuilding\"\nimport {ThreeCameraService} from \"./threeViewer/threeCameraService\";\nimport {IAngularEvent, IRootScopeService} from \"angular\";\nimport {ThreeViewerService} from \"./threeViewer/threeViewerService\";\nimport {CodeMapService} from \"./codeMapService\";\n\ninterface Coordinates {\n    x: number,\n    y: number\n}\n\nexport interface CodeMapBuildingTransition {\n    from: codeMapBuilding,\n    to: codeMapBuilding\n}\n\nexport interface CodeMapControllerSubscriber {\n    onBuildingHovered(data: CodeMapBuildingTransition, event: IAngularEvent),\n    onBuildingSelected(data: CodeMapBuildingTransition, event: IAngularEvent)\n}\n\n/**\n * Controls the codeMapDirective\n */\nexport class CodeMapController {\n\n    private hovered;\n    private selected;\n    private mouse: Coordinates;\n\n    /* @ngInject */\n    constructor(\n        private $rootScope,\n        private threeCameraService: ThreeCameraService,\n        private threeRendererService,\n        private threeSceneService,\n        private threeUpdateCycleService,\n        private threeViewerService: ThreeViewerService,\n        private $element: Element,\n        private codeMapService: CodeMapService, //we need to call this service somewhere.\n    ){\n\n        /**\n         * hovered mesh\n         * @type {object}\n         */\n        this.hovered = null;\n\n        /**\n         * selected mesh\n         * @type {object}\n         */\n        this.selected = null;\n\n        /**\n         * current mouse position\n         * @type {{x: number, y: number}}\n         */\n        this.mouse = {x: 0, y: 0};\n\n        document.addEventListener(\"mousemove\", this.onDocumentMouseMove.bind(this), false);\n        document.addEventListener(\"click\", this.onDocumentMouseDown.bind(this), false);\n\n        threeUpdateCycleService.register(this.update.bind(this));\n    }\n\n    $postLink() {\n        this.threeViewerService.init(this.$element[0]);\n        this.threeViewerService.animate();\n    }\n\n    static subscribe($rootScope: IRootScopeService, subscriber: CodeMapControllerSubscriber) {\n\n        $rootScope.$on(\"building-hovered\", (e, data:CodeMapBuildingTransition) => {\n            subscriber.onBuildingHovered(data, e);\n        });\n\n        $rootScope.$on(\"building-selected\", (e, data:CodeMapBuildingTransition) => {\n            subscriber.onBuildingSelected(data, e);\n        });\n\n    }\n\n    /**\n     * Update method which is bound to the {@link UpdateCycleService}\n     */\n    update() {\n        this.threeCameraService.camera.updateMatrixWorld(false);\n\n        if (this.threeSceneService.getMapMesh() != null)\n        {\n            let intersectionResult = this.threeSceneService.getMapMesh().checkMouseRayMeshIntersection(this.mouse, this.threeCameraService.camera);\n\n            let from = this.hovered;\n            let to = null;\n\n            if (intersectionResult.intersectionFound == true)\n            {\n                to = intersectionResult.building;\n            }\n            else\n            {\n                to = null;\n            }\n\n            if (from != to)\n            {\n                this.onBuildingHovered(from, to);\n                this.hovered = to;\n            }\n        }\n    }\n\n    /**\n     * updates {CodeMapController.mouse} on mouse movement\n     * @param {MouseEvent} event\n     */\n    onDocumentMouseMove (event) {\n        this.mouse.x = ( event.clientX / this.threeRendererService.renderer.domElement.width ) * 2 - 1;\n        this.mouse.y = -( event.clientY / this.threeRendererService.renderer.domElement.height ) * 2 + 1;\n    }\n\n    /**\n     * updates {CodeMapController} on mouse down\n     */\n    onDocumentMouseDown() {\n        var from = this.selected;\n\n        if (this.hovered) {\n            this.selected = this.hovered;\n            this.onBuildingSelected(from, this.selected);\n        }\n\n        if(!this.hovered && this.selected) {\n            this.selected = null;\n            this.onBuildingSelected(from, null);\n        }\n\n    }\n\n    /**\n     * Called when a building is hovered.\n     * @param from old building\n     * @param to new building\n     * @emits {building-hovered} on hover\n     */\n    onBuildingHovered(from: codeMapBuilding, to: codeMapBuilding){\n        /*\n         if the hovered node does not have useful data, then we should look at its parent. If the parent has useful data\n         then this parent is a delta node which is made of two seperate, data-free nodes. This quick fix helps us to\n         handle delta objects, until there is a method for mergng their meshes and materials correctly.\n         See codeMapService.js\n         */\n        if(to && !to.node){\n            if(to.parent && to.parent.node){\n                to.node = to.parent.node;\n            }\n        }\n\n        this.$rootScope.$broadcast(\"building-hovered\", {to: to, from: from});\n\n        if (to !== null)\n        {\n            this.threeSceneService.getMapMesh().setHighlighted([to]);\n        }\n        else\n        {\n            this.threeSceneService.getMapMesh().clearHighlight();\n        }\n    }\n\n    /**\n     * called when a building is selected.\n     * @param from previously selected building\n     * @param to currently selected building\n     * @emits {building-selected} when building is selected\n     */\n    onBuildingSelected(from: codeMapBuilding, to: codeMapBuilding){\n        this.$rootScope.$broadcast(\"building-selected\", {to: to, from:from});\n\n        if (to !== null)\n        {\n            this.threeSceneService.getMapMesh().setSelected([to]);\n        }\n        else\n        {\n            this.threeSceneService.getMapMesh().clearSelected();\n        }\n    }\n\n};\n\nexport const codeMapComponent = {\n    selector: \"codeMapComponent\",\n    template: \"<div id='#codeMap'></div>\",\n    controller: CodeMapController\n};\n\n\n\n"]},"_coverageSchema":"332fd63041d2c1bcb487cc26dd0d5f7d97098a6c","hash":"e3da0b553a2009bbe2140f8f6bd6a6b39c3df51f"}
,"/home/travis/build/MaibornWolff/codecharta/visualization/app/codeCharta/codeMap/codeMapService.ts": {"path":"/home/travis/build/MaibornWolff/codecharta/visualization/app/codeCharta/codeMap/codeMapService.ts","statementMap":{"0":{"start":{"line":4,"column":16},"end":{"line":4,"column":21}},"1":{"start":{"line":11,"column":8},"end":{"line":11,"column":51}},"2":{"start":{"line":12,"column":8},"end":{"line":12,"column":45}},"3":{"start":{"line":13,"column":8},"end":{"line":13,"column":47}},"4":{"start":{"line":14,"column":8},"end":{"line":14,"column":28}},"5":{"start":{"line":15,"column":8},"end":{"line":15,"column":33}},"6":{"start":{"line":16,"column":8},"end":{"line":16,"column":45}},"7":{"start":{"line":19,"column":8},"end":{"line":19,"column":37}},"8":{"start":{"line":27,"column":8},"end":{"line":29,"column":9}},"9":{"start":{"line":28,"column":12},"end":{"line":28,"column":38}},"10":{"start":{"line":30,"column":8},"end":{"line":32,"column":9}},"11":{"start":{"line":31,"column":12},"end":{"line":31,"column":65}},"12":{"start":{"line":35,"column":20},"end":{"line":35,"column":128}},"13":{"start":{"line":36,"column":21},"end":{"line":36,"column":74}},"14":{"start":{"line":36,"column":44},"end":{"line":36,"column":71}},"15":{"start":{"line":37,"column":29},"end":{"line":44,"column":9}},"16":{"start":{"line":45,"column":8},"end":{"line":45,"column":45}},"17":{"start":{"line":46,"column":8},"end":{"line":46,"column":76}},"18":{"start":{"line":47,"column":8},"end":{"line":52,"column":9}},"19":{"start":{"line":48,"column":12},"end":{"line":51,"column":13}},"20":{"start":{"line":49,"column":16},"end":{"line":49,"column":70}},"21":{"start":{"line":50,"column":16},"end":{"line":50,"column":27}},"22":{"start":{"line":53,"column":8},"end":{"line":53,"column":63}},"23":{"start":{"line":54,"column":8},"end":{"line":54,"column":65}},"24":{"start":{"line":63,"column":8},"end":{"line":63,"column":55}},"25":{"start":{"line":64,"column":8},"end":{"line":64,"column":55}},"26":{"start":{"line":65,"column":8},"end":{"line":65,"column":55}},"27":{"start":{"line":66,"column":8},"end":{"line":66,"column":75}},"28":{"start":{"line":67,"column":8},"end":{"line":67,"column":60}},"29":{"start":{"line":68,"column":8},"end":{"line":68,"column":75}},"30":{"start":{"line":69,"column":8},"end":{"line":70,"column":66}},"31":{"start":{"line":70,"column":12},"end":{"line":70,"column":66}},"32":{"start":{"line":71,"column":8},"end":{"line":72,"column":45}},"33":{"start":{"line":72,"column":12},"end":{"line":72,"column":45}},"34":{"start":{"line":75,"column":0},"end":{"line":75,"column":43}}},"fnMap":{"0":{"name":"(anonymous_0)","decl":{"start":{"line":10,"column":4},"end":{"line":10,"column":5}},"loc":{"start":{"line":10,"column":68},"end":{"line":17,"column":5}},"line":10},"1":{"name":"(anonymous_1)","decl":{"start":{"line":18,"column":4},"end":{"line":18,"column":5}},"loc":{"start":{"line":18,"column":39},"end":{"line":20,"column":5}},"line":18},"2":{"name":"(anonymous_2)","decl":{"start":{"line":26,"column":4},"end":{"line":26,"column":5}},"loc":{"start":{"line":26,"column":21},"end":{"line":33,"column":5}},"line":26},"3":{"name":"(anonymous_3)","decl":{"start":{"line":34,"column":4},"end":{"line":34,"column":5}},"loc":{"start":{"line":34,"column":25},"end":{"line":55,"column":5}},"line":34},"4":{"name":"(anonymous_4)","decl":{"start":{"line":36,"column":32},"end":{"line":36,"column":33}},"loc":{"start":{"line":36,"column":42},"end":{"line":36,"column":73}},"line":36},"5":{"name":"(anonymous_5)","decl":{"start":{"line":62,"column":4},"end":{"line":62,"column":5}},"loc":{"start":{"line":62,"column":22},"end":{"line":73,"column":5}},"line":62}},"branchMap":{"0":{"loc":{"start":{"line":27,"column":8},"end":{"line":29,"column":9}},"type":"if","locations":[{"start":{"line":27,"column":8},"end":{"line":29,"column":9}},{"start":{"line":27,"column":8},"end":{"line":29,"column":9}}],"line":27},"1":{"loc":{"start":{"line":27,"column":12},"end":{"line":27,"column":141}},"type":"binary-expr","locations":[{"start":{"line":27,"column":12},"end":{"line":27,"column":24}},{"start":{"line":27,"column":28},"end":{"line":27,"column":42}},{"start":{"line":27,"column":46},"end":{"line":27,"column":59}},{"start":{"line":27,"column":63},"end":{"line":27,"column":68}},{"start":{"line":27,"column":72},"end":{"line":27,"column":82}},{"start":{"line":27,"column":86},"end":{"line":27,"column":105}},{"start":{"line":27,"column":109},"end":{"line":27,"column":141}}],"line":27},"2":{"loc":{"start":{"line":30,"column":8},"end":{"line":32,"column":9}},"type":"if","locations":[{"start":{"line":30,"column":8},"end":{"line":32,"column":9}},{"start":{"line":30,"column":8},"end":{"line":32,"column":9}}],"line":30},"3":{"loc":{"start":{"line":30,"column":12},"end":{"line":30,"column":66}},"type":"binary-expr","locations":[{"start":{"line":30,"column":12},"end":{"line":30,"column":21}},{"start":{"line":30,"column":25},"end":{"line":30,"column":36}},{"start":{"line":30,"column":40},"end":{"line":30,"column":51}},{"start":{"line":30,"column":55},"end":{"line":30,"column":66}}],"line":30},"4":{"loc":{"start":{"line":47,"column":38},"end":{"line":47,"column":89}},"type":"binary-expr","locations":[{"start":{"line":47,"column":38},"end":{"line":47,"column":55}},{"start":{"line":47,"column":59},"end":{"line":47,"column":89}}],"line":47},"5":{"loc":{"start":{"line":48,"column":12},"end":{"line":51,"column":13}},"type":"if","locations":[{"start":{"line":48,"column":12},"end":{"line":51,"column":13}},{"start":{"line":48,"column":12},"end":{"line":51,"column":13}}],"line":48},"6":{"loc":{"start":{"line":69,"column":8},"end":{"line":70,"column":66}},"type":"if","locations":[{"start":{"line":69,"column":8},"end":{"line":70,"column":66}},{"start":{"line":69,"column":8},"end":{"line":70,"column":66}}],"line":69},"7":{"loc":{"start":{"line":71,"column":8},"end":{"line":72,"column":45}},"type":"if","locations":[{"start":{"line":71,"column":8},"end":{"line":72,"column":45}},{"start":{"line":71,"column":8},"end":{"line":72,"column":45}}],"line":71}},"s":{"0":1,"1":4,"2":4,"3":4,"4":4,"5":4,"6":4,"7":0,"8":0,"9":0,"10":0,"11":0,"12":0,"13":0,"14":0,"15":0,"16":0,"17":0,"18":0,"19":0,"20":0,"21":0,"22":0,"23":0,"24":0,"25":0,"26":0,"27":0,"28":0,"29":0,"30":0,"31":0,"32":0,"33":0,"34":1},"f":{"0":4,"1":0,"2":0,"3":0,"4":0,"5":0},"b":{"0":[0,0],"1":[0,0,0,0,0,0,0],"2":[0,0],"3":[0,0,0,0],"4":[0,0],"5":[0,0],"6":[0,0],"7":[0,0]},"inputSourceMap":{"version":3,"file":"codeMapService.js","sourceRoot":"","sources":["codeMapService.ts"],"names":[],"mappings":"AAAA,YAAY,CAAC;AAEb,OAAO,EAAC,WAAW,EAAC,MAAM,yBAAyB,CAAC;AAEpD,OAAO,EAAC,YAAY,EAAC,MAAM,0BAA0B,CAAA;AAIrD,MAAM,OAAO,GAAG,KAAK,CAAC;AAEtB;;GAEG;AACH,MAAM;IAOF,eAAe;IACf,YACY,iBAAiB,EACjB,cAAc,EACd,eAAgC;QAFhC,sBAAiB,GAAjB,iBAAiB,CAAA;QACjB,mBAAc,GAAd,cAAc,CAAA;QACd,oBAAe,GAAf,eAAe,CAAiB;QAPpC,YAAO,GAAgB,IAAI,CAAC;QAC5B,iBAAY,GAAiB,IAAI,CAAC;QAOtC,IAAI,CAAC,eAAe,CAAC,SAAS,CAAC,IAAI,CAAC,CAAC;IACzC,CAAC;IAED,iBAAiB,CAAC,QAAkB,EAAE,KAAY;QAC9C,IAAI,CAAC,aAAa,CAAC,QAAQ,CAAC,CAAC;IACjC,CAAC;IAED;;;;OAIG;IACH,aAAa,CAAC,CAAW;QAErB,EAAE,CAAC,CAAC,CAAC,CAAC,UAAU,IAAI,CAAC,CAAC,YAAY,IAAI,CAAC,CAAC,WAAW,IAAI,CAAC,CAAC,GAAG,IAAI,CAAC,CAAC,GAAG,CAAC,IAAI,IAAI,CAAC,CAAC,iBAAiB,IAAI,CAAC,CAAC,iBAAiB,IAAI,SAAS,CAAC,CAAC,CAAC;YACpI,IAAI,CAAC,iBAAiB,CAAC,CAAC,CAAC,CAAC;QAC9B,CAAC;QAED,EAAE,CAAA,CAAC,CAAC,CAAC,OAAO,IAAI,CAAC,CAAC,OAAO,CAAC,CAAC,IAAI,CAAC,CAAC,OAAO,CAAC,CAAC,IAAG,CAAC,CAAC,OAAO,CAAC,CAAC,CAAC,CAAC,CAAC;YACvD,IAAI,CAAC,QAAQ,CAAC,CAAC,CAAC,OAAO,CAAC,CAAC,EAAE,CAAC,CAAC,OAAO,CAAC,CAAC,EAAE,CAAC,CAAC,OAAO,CAAC,CAAC,CAAC,CAAC;QACzD,CAAC;IACL,CAAC;IAED,iBAAiB,CAAC,CAAC;QACf,IAAI,KAAK,GAAG,IAAI,CAAC,cAAc,CAAC,kBAAkB,CAAC,CAAC,CAAC,GAAG,CAAC,IAAI,EAAE,OAAO,EAAE,OAAO,EAAE,CAAC,CAAC,MAAM,EAAE,CAAC,CAAC,UAAU,EAAE,CAAC,CAAC,YAAY,CAAC,CAAC;QACzH,IAAI,MAAM,GAAW,KAAK,CAAC,IAAI,CAAC,CAAC,CAAC,EAAC,CAAC,EAAC,EAAE,GAAC,MAAM,CAAC,CAAC,CAAC,MAAM,GAAG,CAAC,CAAC,MAAM,CAAC,CAAA,CAAC,CAAC,CAAC;QACtE,IAAI,cAAc,GAAqB;YACnC,SAAS,EAAG,CAAC,CAAC,YAAY;YAC1B,QAAQ,EAAG,CAAC,CAAC,WAAW;YACxB,YAAY,EAAG,CAAC,CAAC,MAAM;YACvB,UAAU,EAAG,CAAC,CAAC,iBAAiB;YAChC,OAAO,EAAG,OAAO;YACjB,iBAAiB,EAAE,CAAC,CAAC,iBAAiB;SACzC,CAAC;QAEF,IAAI,CAAC,iBAAiB,CAAC,WAAW,EAAE,CAAC;QACrC,IAAI,CAAC,YAAY,GAAG,IAAI,YAAY,CAAC,IAAI,CAAC,iBAAiB,CAAC,MAAM,CAAC,CAAC;QAEpE,GAAG,CAAC,CAAC,IAAI,CAAC,GAAC,CAAC,EAAE,QAAQ,GAAG,CAAC,EAAE,CAAC,GAAG,MAAM,CAAC,MAAM,IAAI,QAAQ,GAAG,CAAC,CAAC,iBAAiB,EAAE,EAAE,CAAC,EACpF,CAAC;YACG,EAAE,CAAC,CAAC,MAAM,CAAC,CAAC,CAAC,CAAC,MAAM,CAAC,CACrB,CAAC;gBACG,IAAI,CAAC,YAAY,CAAC,QAAQ,CAAC,MAAM,CAAC,CAAC,CAAC,EAAE,cAAc,CAAC,CAAC;gBACtD,EAAE,QAAQ,CAAC;YACf,CAAC;QACL,CAAC;QAED,IAAI,CAAC,OAAO,GAAG,IAAI,WAAW,CAAC,MAAM,EAAE,cAAc,CAAC,CAAC;QAEvD,IAAI,CAAC,iBAAiB,CAAC,UAAU,CAAC,IAAI,CAAC,OAAO,EAAE,OAAO,CAAC,CAAC;IAC7D,CAAC;IAEA;;;;;MAKE;IACH,QAAQ,CAAC,CAAC,EAAE,CAAC,EAAE,CAAC;QACZ,IAAI,CAAC,iBAAiB,CAAC,WAAW,CAAC,KAAK,CAAC,CAAC,GAAG,CAAC,CAAC;QAC/C,IAAI,CAAC,iBAAiB,CAAC,WAAW,CAAC,KAAK,CAAC,CAAC,GAAG,CAAC,CAAC;QAC/C,IAAI,CAAC,iBAAiB,CAAC,WAAW,CAAC,KAAK,CAAC,CAAC,GAAG,CAAC,CAAC;QAE/C,IAAI,CAAC,iBAAiB,CAAC,WAAW,CAAC,QAAQ,CAAC,CAAC,GAAG,CAAC,OAAO,GAAG,GAAG,GAAG,CAAC,CAAC;QACnE,IAAI,CAAC,iBAAiB,CAAC,WAAW,CAAC,QAAQ,CAAC,CAAC,GAAG,GAAG,CAAC;QACpD,IAAI,CAAC,iBAAiB,CAAC,WAAW,CAAC,QAAQ,CAAC,CAAC,GAAG,CAAC,OAAO,GAAG,GAAG,GAAG,CAAC,CAAC;QAEnE,EAAE,CAAC,CAAC,IAAI,CAAC,iBAAiB,CAAC,UAAU,EAAE,CAAC;YACpC,IAAI,CAAC,iBAAiB,CAAC,UAAU,EAAE,CAAC,QAAQ,CAAC,CAAC,EAAE,CAAC,EAAE,CAAC,CAAC,CAAC;QAE1D,EAAE,CAAC,CAAC,IAAI,CAAC,YAAY,CAAC;YAClB,IAAI,CAAC,YAAY,CAAC,KAAK,CAAC,CAAC,EAAE,CAAC,EAAE,CAAC,CAAC,CAAC;IACzC,CAAC;;AAlFa,uBAAQ,GAAG,gBAAgB,CAAC;AAmF7C,CAAC","sourcesContent":["\"use strict\";\n\nimport {CodeMapMesh} from \"./rendering/codeMapMesh\";\nimport {renderSettings} from \"./rendering/renderSettings\"\nimport {LabelManager} from \"./rendering/labelManager\"\nimport {SettingsServiceSubscriber, Settings, SettingsService} from \"../core/settings/settings.service\";\nimport {node} from \"./rendering/node\";\n\nconst mapSize = 500.0;\n\n/**\n * Main service to manage the state of the rendered code map\n */\nexport class CodeMapService implements SettingsServiceSubscriber{\n\n    public static SELECTOR = \"codeMapService\";\n\n    private mapMesh: CodeMapMesh = null;\n    private labelManager: LabelManager = null;\n\n    /* @ngInject */\n    constructor(\n        private threeSceneService,\n        private treeMapService,\n        private settingsService: SettingsService) {\n        this.settingsService.subscribe(this);\n    }\n\n    onSettingsChanged(settings: Settings, event: Event) {\n        this.applySettings(settings);\n    }\n\n    /**\n     * Applies the given settings and redraws the scene\n     * @param {Settings} s\n     * @listens {settings-changed}\n     */\n    applySettings(s: Settings) {\n\n        if (s.areaMetric && s.heightMetric && s.colorMetric && s.map && s.map.root && s.neutralColorRange && s.deltaColorFlipped != undefined) {\n            this.updateMapGeometry(s);\n        }\n\n        if(s.scaling && s.scaling.x && s.scaling.y &&s.scaling.z) {\n            this.scaleMap(s.scaling.x, s.scaling.y, s.scaling.z);\n        }\n    }\n\n    updateMapGeometry(s) {\n        let nodes = this.treeMapService.createTreemapNodes(s.map.root, mapSize, mapSize, s.margin, s.areaMetric, s.heightMetric);\n        let sorted: node[] = nodes.sort((a,b)=>{return b.height - a.height;});\n        let renderSettings: renderSettings  =  {\n            heightKey : s.heightMetric,\n            colorKey : s.colorMetric,\n            renderDeltas : s.deltas,\n            colorRange : s.neutralColorRange,\n            mapSize : mapSize,\n            deltaColorFlipped: s.deltaColorFlipped\n        };\n\n        this.threeSceneService.clearLabels();\n        this.labelManager = new LabelManager(this.threeSceneService.labels);\n        \n        for (let i=0, numAdded = 0; i < sorted.length && numAdded < s.amountOfTopLabels; ++i)\n        {\n            if (sorted[i].isLeaf)\n            {\n                this.labelManager.addLabel(sorted[i], renderSettings);\n                ++numAdded;\n            }\n        }\n\n        this.mapMesh = new CodeMapMesh(sorted, renderSettings);\n\n        this.threeSceneService.setMapMesh(this.mapMesh, mapSize);\n    }\n\n     /**\n     * scales the scene by the given values\n     * @param {number} x\n     * @param {number} y\n     * @param {number} z\n     */\n    scaleMap(x, y, z) {\n        this.threeSceneService.mapGeometry.scale.x = x;\n        this.threeSceneService.mapGeometry.scale.y = y;\n        this.threeSceneService.mapGeometry.scale.z = z;\n\n        this.threeSceneService.mapGeometry.position.x = -mapSize / 2.0 * x;\n        this.threeSceneService.mapGeometry.position.y = 0.0;\n        this.threeSceneService.mapGeometry.position.z = -mapSize / 2.0 * z;\n\n        if (this.threeSceneService.getMapMesh())\n            this.threeSceneService.getMapMesh().setScale(x, y, z);\n\n        if (this.labelManager)\n            this.labelManager.scale(x, y, z);\n    }\n};"]},"_coverageSchema":"332fd63041d2c1bcb487cc26dd0d5f7d97098a6c","hash":"f2b3b2da0cd420344b0dcbc490f45746dcae6b63"}
,"/home/travis/build/MaibornWolff/codecharta/visualization/app/codeCharta/codeMap/rendering/boxGeometryGenerationHelper.ts": {"path":"/home/travis/build/MaibornWolff/codecharta/visualization/app/codeCharta/codeMap/rendering/boxGeometryGenerationHelper.ts","statementMap":{"0":{"start":{"line":3,"column":0},"end":{"line":10,"column":26}},"1":{"start":{"line":4,"column":4},"end":{"line":4,"column":38}},"2":{"start":{"line":5,"column":4},"end":{"line":5,"column":40}},"3":{"start":{"line":6,"column":4},"end":{"line":6,"column":42}},"4":{"start":{"line":7,"column":4},"end":{"line":7,"column":36}},"5":{"start":{"line":8,"column":4},"end":{"line":8,"column":38}},"6":{"start":{"line":9,"column":4},"end":{"line":9,"column":40}},"7":{"start":{"line":13,"column":0},"end":{"line":18,"column":44}},"8":{"start":{"line":14,"column":4},"end":{"line":14,"column":68}},"9":{"start":{"line":15,"column":4},"end":{"line":15,"column":62}},"10":{"start":{"line":16,"column":4},"end":{"line":16,"column":64}},"11":{"start":{"line":17,"column":4},"end":{"line":17,"column":70}},"12":{"start":{"line":20,"column":16},"end":{"line":27,"column":1}},"13":{"start":{"line":28,"column":17},"end":{"line":28,"column":18}},"14":{"start":{"line":29,"column":24},"end":{"line":29,"column":25}},"15":{"start":{"line":33,"column":8},"end":{"line":33,"column":126}},"16":{"start":{"line":34,"column":8},"end":{"line":34,"column":123}},"17":{"start":{"line":35,"column":8},"end":{"line":35,"column":124}},"18":{"start":{"line":36,"column":8},"end":{"line":36,"column":127}},"19":{"start":{"line":37,"column":8},"end":{"line":37,"column":100}},"20":{"start":{"line":38,"column":8},"end":{"line":38,"column":97}},"21":{"start":{"line":39,"column":8},"end":{"line":39,"column":98}},"22":{"start":{"line":40,"column":8},"end":{"line":40,"column":101}},"23":{"start":{"line":42,"column":8},"end":{"line":42,"column":128}},"24":{"start":{"line":43,"column":8},"end":{"line":43,"column":125}},"25":{"start":{"line":44,"column":8},"end":{"line":44,"column":126}},"26":{"start":{"line":45,"column":8},"end":{"line":45,"column":129}},"27":{"start":{"line":46,"column":8},"end":{"line":46,"column":102}},"28":{"start":{"line":47,"column":8},"end":{"line":47,"column":99}},"29":{"start":{"line":48,"column":8},"end":{"line":48,"column":100}},"30":{"start":{"line":49,"column":8},"end":{"line":49,"column":103}},"31":{"start":{"line":51,"column":8},"end":{"line":51,"column":126}},"32":{"start":{"line":52,"column":8},"end":{"line":52,"column":123}},"33":{"start":{"line":53,"column":8},"end":{"line":53,"column":124}},"34":{"start":{"line":54,"column":8},"end":{"line":54,"column":127}},"35":{"start":{"line":55,"column":8},"end":{"line":55,"column":100}},"36":{"start":{"line":56,"column":8},"end":{"line":56,"column":97}},"37":{"start":{"line":57,"column":8},"end":{"line":57,"column":98}},"38":{"start":{"line":58,"column":8},"end":{"line":58,"column":101}},"39":{"start":{"line":59,"column":8},"end":{"line":59,"column":116}},"40":{"start":{"line":62,"column":8},"end":{"line":70,"column":9}},"41":{"start":{"line":63,"column":12},"end":{"line":63,"column":181}},"42":{"start":{"line":64,"column":12},"end":{"line":64,"column":183}},"43":{"start":{"line":65,"column":12},"end":{"line":65,"column":181}},"44":{"start":{"line":66,"column":28},"end":{"line":66,"column":32}},"45":{"start":{"line":67,"column":12},"end":{"line":67,"column":175}},"46":{"start":{"line":68,"column":12},"end":{"line":68,"column":155}},"47":{"start":{"line":69,"column":12},"end":{"line":69,"column":175}},"48":{"start":{"line":73,"column":36},"end":{"line":73,"column":65}},"49":{"start":{"line":74,"column":8},"end":{"line":93,"column":9}},"50":{"start":{"line":75,"column":36},"end":{"line":75,"column":86}},"51":{"start":{"line":76,"column":36},"end":{"line":76,"column":83}},"52":{"start":{"line":77,"column":36},"end":{"line":77,"column":84}},"53":{"start":{"line":78,"column":36},"end":{"line":78,"column":87}},"54":{"start":{"line":79,"column":34},"end":{"line":79,"column":159}},"55":{"start":{"line":80,"column":31},"end":{"line":80,"column":156}},"56":{"start":{"line":81,"column":32},"end":{"line":81,"column":157}},"57":{"start":{"line":82,"column":35},"end":{"line":82,"column":160}},"58":{"start":{"line":83,"column":28},"end":{"line":83,"column":48}},"59":{"start":{"line":84,"column":33},"end":{"line":84,"column":76}},"60":{"start":{"line":85,"column":12},"end":{"line":92,"column":13}},"61":{"start":{"line":86,"column":16},"end":{"line":86,"column":75}},"62":{"start":{"line":87,"column":16},"end":{"line":87,"column":79}},"63":{"start":{"line":90,"column":16},"end":{"line":90,"column":75}},"64":{"start":{"line":91,"column":16},"end":{"line":91,"column":79}},"65":{"start":{"line":96,"column":21},"end":{"line":96,"column":74}},"66":{"start":{"line":97,"column":21},"end":{"line":97,"column":126}},"67":{"start":{"line":98,"column":18},"end":{"line":98,"column":29}},"68":{"start":{"line":99,"column":24},"end":{"line":99,"column":35}},"69":{"start":{"line":100,"column":8},"end":{"line":100,"column":87}},"70":{"start":{"line":101,"column":8},"end":{"line":101,"column":123}}},"fnMap":{"0":{"name":"(anonymous_0)","decl":{"start":{"line":3,"column":1},"end":{"line":3,"column":2}},"loc":{"start":{"line":3,"column":18},"end":{"line":10,"column":1}},"line":3},"1":{"name":"(anonymous_1)","decl":{"start":{"line":13,"column":1},"end":{"line":13,"column":2}},"loc":{"start":{"line":13,"column":27},"end":{"line":18,"column":1}},"line":13},"2":{"name":"(anonymous_2)","decl":{"start":{"line":31,"column":4},"end":{"line":31,"column":5}},"loc":{"start":{"line":31,"column":62},"end":{"line":60,"column":5}},"line":31},"3":{"name":"(anonymous_3)","decl":{"start":{"line":61,"column":4},"end":{"line":61,"column":5}},"loc":{"start":{"line":61,"column":91},"end":{"line":71,"column":5}},"line":61},"4":{"name":"(anonymous_4)","decl":{"start":{"line":72,"column":4},"end":{"line":72,"column":5}},"loc":{"start":{"line":72,"column":98},"end":{"line":94,"column":5}},"line":72},"5":{"name":"(anonymous_5)","decl":{"start":{"line":95,"column":4},"end":{"line":95,"column":5}},"loc":{"start":{"line":95,"column":72},"end":{"line":102,"column":5}},"line":95}},"branchMap":{"0":{"loc":{"start":{"line":10,"column":3},"end":{"line":10,"column":24}},"type":"binary-expr","locations":[{"start":{"line":10,"column":3},"end":{"line":10,"column":8}},{"start":{"line":10,"column":13},"end":{"line":10,"column":23}}],"line":10},"1":{"loc":{"start":{"line":18,"column":3},"end":{"line":18,"column":42}},"type":"binary-expr","locations":[{"start":{"line":18,"column":3},"end":{"line":18,"column":17}},{"start":{"line":18,"column":22},"end":{"line":18,"column":41}}],"line":18},"2":{"loc":{"start":{"line":67,"column":71},"end":{"line":67,"column":132}},"type":"cond-expr","locations":[{"start":{"line":67,"column":123},"end":{"line":67,"column":126}},{"start":{"line":67,"column":129},"end":{"line":67,"column":132}}],"line":67},"3":{"loc":{"start":{"line":69,"column":71},"end":{"line":69,"column":132}},"type":"cond-expr","locations":[{"start":{"line":69,"column":123},"end":{"line":69,"column":126}},{"start":{"line":69,"column":129},"end":{"line":69,"column":132}}],"line":69},"4":{"loc":{"start":{"line":85,"column":12},"end":{"line":92,"column":13}},"type":"if","locations":[{"start":{"line":85,"column":12},"end":{"line":92,"column":13}},{"start":{"line":85,"column":12},"end":{"line":92,"column":13}}],"line":85}},"s":{"0":1,"1":1,"2":1,"3":1,"4":1,"5":1,"6":1,"7":1,"8":1,"9":1,"10":1,"11":1,"12":1,"13":1,"14":1,"15":0,"16":0,"17":0,"18":0,"19":0,"20":0,"21":0,"22":0,"23":0,"24":0,"25":0,"26":0,"27":0,"28":0,"29":0,"30":0,"31":0,"32":0,"33":0,"34":0,"35":0,"36":0,"37":0,"38":0,"39":0,"40":0,"41":0,"42":0,"43":0,"44":0,"45":0,"46":0,"47":0,"48":0,"49":0,"50":0,"51":0,"52":0,"53":0,"54":0,"55":0,"56":0,"57":0,"58":0,"59":0,"60":0,"61":0,"62":0,"63":0,"64":0,"65":0,"66":0,"67":0,"68":0,"69":0,"70":0},"f":{"0":1,"1":1,"2":0,"3":0,"4":0,"5":0},"b":{"0":[1,1],"1":[1,1],"2":[0,0],"3":[0,0],"4":[0,0]},"inputSourceMap":{"version":3,"file":"boxGeometryGenerationHelper.js","sourceRoot":"","sources":["boxGeometryGenerationHelper.ts"],"names":[],"mappings":"AAAA,OAAO,KAAK,KAAK,MAAM,OAAO,CAAC;AAI/B,IAAK,KAOJ;AAPD,WAAK,KAAK;IACN,iCAAQ,CAAA;IACR,mCAAS,CAAA;IACT,qCAAU,CAAA;IACV,+BAAO,CAAA;IACP,iCAAQ,CAAA;IACR,mCAAS,CAAA;AACb,CAAC,EAPI,KAAK,KAAL,KAAK,QAOT;AAAA,CAAC;AAEF,IAAK,cAKJ;AALD,WAAK,cAAc;IACf,+DAAc,CAAA;IACd,yDAAW,CAAA;IACX,2DAAY,CAAA;IACZ,iEAAe,CAAA;AACnB,CAAC,EALI,cAAc,KAAd,cAAc,QAKlB;AAAA,CAAC;AAEF,MAAM,OAAO,GAAqB;IAC9B,IAAI,KAAK,CAAC,OAAO,CAAC,CAAC,GAAG,EAAE,GAAG,EAAE,GAAG,CAAC;IACjC,IAAI,KAAK,CAAC,OAAO,CAAC,GAAG,EAAE,GAAG,EAAE,GAAG,CAAC;IAChC,IAAI,KAAK,CAAC,OAAO,CAAC,GAAG,EAAE,CAAC,GAAG,EAAE,GAAG,CAAC;IACjC,IAAI,KAAK,CAAC,OAAO,CAAC,GAAG,EAAE,GAAG,EAAE,GAAG,CAAC;IAChC,IAAI,KAAK,CAAC,OAAO,CAAC,GAAG,EAAE,GAAG,EAAE,CAAC,GAAG,CAAC;IACjC,IAAI,KAAK,CAAC,OAAO,CAAC,GAAG,EAAE,GAAG,EAAE,GAAG,CAAC;CACnC,CAAC;AAEF,MAAM,QAAQ,GAAY,CAAC,CAAC;AAC5B,MAAM,eAAe,GAAY,CAAC,CAAC;AAEnC,MAAM;IACM,MAAM,CAAC,kBAAkB,CAAC,MAAsB,EAAE,MAAsB,EAAE,SAA2B,EAAE,GAAqB;QAEhI,eAAe;QACf,SAAS,CAAC,KAAK,CAAC,IAAI,GAAG,eAAe,GAAG,cAAc,CAAC,UAAU,CAAC,GAAG,IAAI,KAAK,CAAC,OAAO,CAAC,MAAM,CAAC,CAAC,EAAE,MAAM,CAAC,CAAC,EAAE,MAAM,CAAC,CAAC,CAAC,CAAC;QACtH,SAAS,CAAC,KAAK,CAAC,IAAI,GAAG,eAAe,GAAG,cAAc,CAAC,OAAO,CAAC,GAAG,IAAI,KAAK,CAAC,OAAO,CAAC,MAAM,CAAC,CAAC,EAAE,MAAM,CAAC,CAAC,EAAE,MAAM,CAAC,CAAC,CAAC,CAAC;QACnH,SAAS,CAAC,KAAK,CAAC,IAAI,GAAG,eAAe,GAAG,cAAc,CAAC,QAAQ,CAAC,GAAG,IAAI,KAAK,CAAC,OAAO,CAAC,MAAM,CAAC,CAAC,EAAE,MAAM,CAAC,CAAC,EAAE,MAAM,CAAC,CAAC,CAAC,CAAC;QACpH,SAAS,CAAC,KAAK,CAAC,IAAI,GAAG,eAAe,GAAG,cAAc,CAAC,WAAW,CAAC,GAAG,IAAI,KAAK,CAAC,OAAO,CAAC,MAAM,CAAC,CAAC,EAAE,MAAM,CAAC,CAAC,EAAE,MAAM,CAAC,CAAC,CAAC,CAAC;QACvH,GAAG,CAAC,KAAK,CAAC,IAAI,GAAG,eAAe,GAAG,cAAc,CAAC,UAAU,CAAC,GAAG,IAAI,KAAK,CAAC,OAAO,CAAC,GAAG,EAAE,GAAG,CAAC,CAAC;QAC5F,GAAG,CAAC,KAAK,CAAC,IAAI,GAAG,eAAe,GAAG,cAAc,CAAC,OAAO,CAAC,GAAG,IAAI,KAAK,CAAC,OAAO,CAAC,GAAG,EAAE,GAAG,CAAC,CAAC;QACzF,GAAG,CAAC,KAAK,CAAC,IAAI,GAAG,eAAe,GAAG,cAAc,CAAC,QAAQ,CAAC,GAAG,IAAI,KAAK,CAAC,OAAO,CAAC,GAAG,EAAE,GAAG,CAAC,CAAC;QAC1F,GAAG,CAAC,KAAK,CAAC,IAAI,GAAG,eAAe,GAAG,cAAc,CAAC,WAAW,CAAC,GAAG,IAAI,KAAK,CAAC,OAAO,CAAC,GAAG,EAAE,GAAG,CAAC,CAAC;QAE7F,iBAAiB;QACjB,SAAS,CAAC,KAAK,CAAC,MAAM,GAAG,eAAe,GAAG,cAAc,CAAC,UAAU,CAAC,GAAG,IAAI,KAAK,CAAC,OAAO,CAAC,MAAM,CAAC,CAAC,EAAE,MAAM,CAAC,CAAC,EAAE,MAAM,CAAC,CAAC,CAAC,CAAC;QACxH,SAAS,CAAC,KAAK,CAAC,MAAM,GAAG,eAAe,GAAG,cAAc,CAAC,OAAO,CAAC,GAAG,IAAI,KAAK,CAAC,OAAO,CAAC,MAAM,CAAC,CAAC,EAAE,MAAM,CAAC,CAAC,EAAE,MAAM,CAAC,CAAC,CAAC,CAAC;QACrH,SAAS,CAAC,KAAK,CAAC,MAAM,GAAG,eAAe,GAAG,cAAc,CAAC,QAAQ,CAAC,GAAG,IAAI,KAAK,CAAC,OAAO,CAAC,MAAM,CAAC,CAAC,EAAE,MAAM,CAAC,CAAC,EAAE,MAAM,CAAC,CAAC,CAAC,CAAC;QACtH,SAAS,CAAC,KAAK,CAAC,MAAM,GAAG,eAAe,GAAG,cAAc,CAAC,WAAW,CAAC,GAAG,IAAI,KAAK,CAAC,OAAO,CAAC,MAAM,CAAC,CAAC,EAAE,MAAM,CAAC,CAAC,EAAE,MAAM,CAAC,CAAC,CAAC,CAAC;QACzH,GAAG,CAAC,KAAK,CAAC,MAAM,GAAG,eAAe,GAAG,cAAc,CAAC,UAAU,CAAC,GAAG,IAAI,KAAK,CAAC,OAAO,CAAC,GAAG,EAAE,GAAG,CAAC,CAAC;QAC9F,GAAG,CAAC,KAAK,CAAC,MAAM,GAAG,eAAe,GAAG,cAAc,CAAC,OAAO,CAAC,GAAG,IAAI,KAAK,CAAC,OAAO,CAAC,GAAG,EAAE,GAAG,CAAC,CAAC;QAC3F,GAAG,CAAC,KAAK,CAAC,MAAM,GAAG,eAAe,GAAG,cAAc,CAAC,QAAQ,CAAC,GAAG,IAAI,KAAK,CAAC,OAAO,CAAC,GAAG,EAAE,GAAG,CAAC,CAAC;QAC5F,GAAG,CAAC,KAAK,CAAC,MAAM,GAAG,eAAe,GAAG,cAAc,CAAC,WAAW,CAAC,GAAG,IAAI,KAAK,CAAC,OAAO,CAAC,GAAG,EAAE,GAAG,CAAC,CAAC;QAE/F,eAAe;QACf,SAAS,CAAC,KAAK,CAAC,IAAI,GAAG,eAAe,GAAG,cAAc,CAAC,UAAU,CAAC,GAAG,IAAI,KAAK,CAAC,OAAO,CAAC,MAAM,CAAC,CAAC,EAAE,MAAM,CAAC,CAAC,EAAE,MAAM,CAAC,CAAC,CAAC,CAAC;QACtH,SAAS,CAAC,KAAK,CAAC,IAAI,GAAG,eAAe,GAAG,cAAc,CAAC,OAAO,CAAC,GAAG,IAAI,KAAK,CAAC,OAAO,CAAC,MAAM,CAAC,CAAC,EAAE,MAAM,CAAC,CAAC,EAAE,MAAM,CAAC,CAAC,CAAC,CAAC;QACnH,SAAS,CAAC,KAAK,CAAC,IAAI,GAAG,eAAe,GAAG,cAAc,CAAC,QAAQ,CAAC,GAAG,IAAI,KAAK,CAAC,OAAO,CAAC,MAAM,CAAC,CAAC,EAAE,MAAM,CAAC,CAAC,EAAE,MAAM,CAAC,CAAC,CAAC,CAAC;QACpH,SAAS,CAAC,KAAK,CAAC,IAAI,GAAG,eAAe,GAAG,cAAc,CAAC,WAAW,CAAC,GAAG,IAAI,KAAK,CAAC,OAAO,CAAC,MAAM,CAAC,CAAC,EAAE,MAAM,CAAC,CAAC,EAAE,MAAM,CAAC,CAAC,CAAC,CAAC;QACvH,GAAG,CAAC,KAAK,CAAC,IAAI,GAAG,eAAe,GAAG,cAAc,CAAC,UAAU,CAAC,GAAG,IAAI,KAAK,CAAC,OAAO,CAAC,GAAG,EAAE,GAAG,CAAC,CAAC;QAC5F,GAAG,CAAC,KAAK,CAAC,IAAI,GAAG,eAAe,GAAG,cAAc,CAAC,OAAO,CAAC,GAAG,IAAI,KAAK,CAAC,OAAO,CAAC,GAAG,EAAE,GAAG,CAAC,CAAC;QACzF,GAAG,CAAC,KAAK,CAAC,IAAI,GAAG,eAAe,GAAG,cAAc,CAAC,QAAQ,CAAC,GAAG,IAAI,KAAK,CAAC,OAAO,CAAC,GAAG,EAAE,GAAG,CAAC,CAAC;QAC1F,GAAG,CAAC,KAAK,CAAC,IAAI,GAAG,eAAe,GAAG,cAAc,CAAC,WAAW,CAAC,GAAG,IAAI,KAAK,CAAC,OAAO,CAAC,GAAG,EAAE,GAAG,CAAC,CAAC;QAE7F,2BAA2B,CAAC,+CAA+C,CAAC,MAAM,EAAE,MAAM,EAAE,SAAS,EAAE,GAAG,CAAC,CAAC;IAChH,CAAC;IAEO,MAAM,CAAC,+CAA+C,CAAC,MAAsB,EAAE,MAAsB,EAAE,SAA2B,EAAE,GAAqB;QAE7J,GAAG,CAAC,CAAC,IAAI,CAAC,GAAY,CAAC,EAAE,CAAC,GAAG,eAAe,EAAE,EAAE,CAAC,EACjD,CAAC;YACG,SAAS,CAAC,KAAK,CAAC,KAAK,GAAG,eAAe,GAAG,CAAC,CAAC,GAAG,IAAI,KAAK,CAAC,OAAO,CAC5D,MAAM,CAAC,CAAC,EACR,SAAS,CAAC,KAAK,CAAC,IAAI,GAAG,eAAe,GAAG,CAAC,CAAC,CAAC,CAAC,EAC7C,SAAS,CAAC,KAAK,CAAC,IAAI,GAAG,eAAe,GAAG,CAAC,CAAC,CAAC,CAAC,CAChD,CAAC;YAEF,SAAS,CAAC,KAAK,CAAC,GAAG,GAAG,eAAe,GAAG,CAAC,CAAC,GAAG,IAAI,KAAK,CAAC,OAAO,CAC1D,SAAS,CAAC,KAAK,CAAC,MAAM,GAAG,eAAe,GAAG,CAAC,CAAC,CAAC,CAAC,EAC/C,MAAM,CAAC,CAAC,EACR,SAAS,CAAC,KAAK,CAAC,MAAM,GAAG,eAAe,GAAG,CAAC,CAAC,CAAC,CAAC,CAClD,CAAC;YAEF,SAAS,CAAC,KAAK,CAAC,KAAK,GAAG,eAAe,GAAG,CAAC,CAAC,GAAG,IAAI,KAAK,CAAC,OAAO,CAC5D,SAAS,CAAC,KAAK,CAAC,IAAI,GAAG,eAAe,GAAG,CAAC,CAAC,CAAC,CAAC,EAC7C,SAAS,CAAC,KAAK,CAAC,IAAI,GAAG,eAAe,GAAG,CAAC,CAAC,CAAC,CAAC,EAC7C,MAAM,CAAC,CAAC,CACX,CAAC;YAEF,MAAM,OAAO,GAAY,IAAI,CAAC;YAE9B,GAAG,CAAC,KAAK,CAAC,KAAK,GAAG,eAAe,GAAG,CAAC,CAAC,GAAG,IAAI,KAAK,CAAC,OAAO,CACtD,GAAG,CAAC,KAAK,CAAC,IAAI,GAAG,eAAe,GAAG,CAAC,CAAC,CAAC,CAAC,GAAG,OAAO,CAAC,CAAC,CAAC,GAAG,CAAC,CAAC,CAAC,GAAG,EAC7D,GAAG,CAAC,KAAK,CAAC,IAAI,GAAG,eAAe,GAAG,CAAC,CAAC,CAAC,CAAC,CAC1C,CAAC;YAEF,GAAG,CAAC,KAAK,CAAC,GAAG,GAAG,eAAe,GAAG,CAAC,CAAC,GAAG,IAAI,KAAK,CAAC,OAAO,CACpD,GAAG,CAAC,KAAK,CAAC,MAAM,GAAG,eAAe,GAAG,CAAC,CAAC,CAAC,CAAC,EACzC,GAAG,CAAC,KAAK,CAAC,MAAM,GAAG,eAAe,GAAG,CAAC,CAAC,CAAC,CAAC,CAC5C,CAAC;YAEF,GAAG,CAAC,KAAK,CAAC,KAAK,GAAG,eAAe,GAAG,CAAC,CAAC,GAAG,IAAI,KAAK,CAAC,OAAO,CACtD,GAAG,CAAC,KAAK,CAAC,IAAI,GAAG,eAAe,GAAG,CAAC,CAAC,CAAC,CAAC,GAAG,OAAO,CAAC,CAAC,CAAC,GAAG,CAAC,CAAC,CAAC,GAAG,EAC7D,GAAG,CAAC,KAAK,CAAC,IAAI,GAAG,eAAe,GAAG,CAAC,CAAC,CAAC,CAAC,CAC1C,CAAC;QAEN,CAAC;IACL,CAAC;IAEO,MAAM,CAAC,sBAAsB,CACjC,MAAsB,EACtB,MAAsB,EACtB,KAAc,EACd,KAAc,EACd,UAAmB,EACnB,SAA2B,EAC3B,GAAqB,EACrB,IAA6B;QAG7B,IAAI,qBAAqB,GAAY,KAAK,GAAG,CAAC,MAAM,CAAC,CAAC,GAAG,MAAM,CAAC,CAAC,CAAC,CAAC;QAEnE,GAAG,CAAC,CAAC,IAAI,IAAI,GAAY,CAAC,EAAE,IAAI,GAAG,QAAQ,EAAE,EAAE,IAAI,EACnD,CAAC;YACG,IAAI,iBAAiB,GAAY,IAAI,GAAG,eAAe,GAAG,cAAc,CAAC,UAAU,CAAC;YACpF,IAAI,iBAAiB,GAAY,IAAI,GAAG,eAAe,GAAG,cAAc,CAAC,OAAO,CAAC;YACjF,IAAI,iBAAiB,GAAY,IAAI,GAAG,eAAe,GAAG,cAAc,CAAC,QAAQ,CAAC;YAClF,IAAI,iBAAiB,GAAY,IAAI,GAAG,eAAe,GAAG,cAAc,CAAC,WAAW,CAAC;YACpF,IAAI,eAAe,GAAY,IAAI,CAAC,SAAS,CAC1C,SAAS,CAAC,iBAAiB,CAAC,EAAE,OAAO,CAAC,IAAI,CAAC,EAAE,GAAG,CAAC,iBAAiB,CAAC,EAAE,KAAK,EAAE,UAAU,EAAE,qBAAqB,CAChH,CAAC;YACD,IAAI,YAAY,GAAY,IAAI,CAAC,SAAS,CACvC,SAAS,CAAC,iBAAiB,CAAC,EAAE,OAAO,CAAC,IAAI,CAAC,EAAE,GAAG,CAAC,iBAAiB,CAAC,EAAE,KAAK,EAAE,UAAU,EAAE,qBAAqB,CAChH,CAAC;YACD,IAAI,aAAa,GAAY,IAAI,CAAC,SAAS,CACxC,SAAS,CAAC,iBAAiB,CAAC,EAAE,OAAO,CAAC,IAAI,CAAC,EAAE,GAAG,CAAC,iBAAiB,CAAC,EAAE,KAAK,EAAE,UAAU,EAAE,qBAAqB,CAChH,CAAC;YACD,IAAI,gBAAgB,GAAY,IAAI,CAAC,SAAS,CAC3C,SAAS,CAAC,iBAAiB,CAAC,EAAE,OAAO,CAAC,IAAI,CAAC,EAAE,GAAG,CAAC,iBAAiB,CAAC,EAAE,KAAK,EAAE,UAAU,EAAE,qBAAqB,CAChH,CAAC;YACD,IAAI,SAAS,GAAY,IAAI,CAAC,KAAK,CAAC,IAAI,GAAG,CAAC,CAAC,CAAC;YAC/C,IAAI,cAAc,GAAa,OAAO,CAAC,IAAI,CAAC,CAAC,YAAY,CAAC,SAAS,CAAC,GAAG,GAAG,CAAC;YAC1E,EAAE,CAAC,CAAC,CAAC,cAAc,CAAC,CACrB,CAAC;gBACG,IAAI,CAAC,OAAO,CAAC,eAAe,EAAE,aAAa,EAAE,YAAY,CAAC,CAAC;gBAC3D,IAAI,CAAC,OAAO,CAAC,eAAe,EAAE,gBAAgB,EAAE,aAAa,CAAC,CAAC;YACnE,CAAC;YACD,IAAI,CACJ,CAAC;gBACG,IAAI,CAAC,OAAO,CAAC,eAAe,EAAE,YAAY,EAAE,aAAa,CAAC,CAAC;gBAC3D,IAAI,CAAC,OAAO,CAAC,eAAe,EAAE,aAAa,EAAE,gBAAgB,CAAC,CAAC;YACnE,CAAC;QACL,CAAC;IACL,CAAC;IAEM,MAAM,CAAC,kBAAkB,CAAC,IAA6B,EAAE,QAAsB,EAAE,KAAc,EAAE,UAAmB,EAAE,KAAc;QAEvI,IAAI,MAAM,GAAmB,IAAI,KAAK,CAAC,OAAO,CAAC,QAAQ,CAAC,CAAC,EAAE,QAAQ,CAAC,CAAC,EAAE,QAAQ,CAAC,CAAC,CAAC,CAAC;QACnF,IAAI,MAAM,GAAmB,IAAI,KAAK,CAAC,OAAO,CAAC,QAAQ,CAAC,CAAC,GAAG,QAAQ,CAAC,KAAK,EAAE,QAAQ,CAAC,CAAC,GAAG,QAAQ,CAAC,MAAM,EAAE,QAAQ,CAAC,CAAC,GAAG,QAAQ,CAAC,KAAK,CAAC,CAAC;QAEvI,IAAI,GAAG,GAAqB,IAAI,KAAK,EAAiB,CAAC;QACvD,IAAI,SAAS,GAAqB,IAAI,KAAK,EAAiB,CAAC;QAE7D,2BAA2B,CAAC,kBAAkB,CAAC,MAAM,EAAE,MAAM,EAAE,SAAS,EAAE,GAAG,CAAC,CAAC;QAC/E,2BAA2B,CAAC,sBAAsB,CAAC,MAAM,EAAE,MAAM,EAAE,KAAK,EAAE,KAAK,EAAE,UAAU,EAAE,SAAS,EAAE,GAAG,EAAE,IAAI,CAAC,CAAC;IACvH,CAAC;CACJ","sourcesContent":["import * as THREE from \"three\";\nimport {intermediateVertexData} from \"./intermediateVertexData\"\nimport {boxMeasures} from \"./geometryGenerator\"\n\nenum sides {\n    left = 0,\n    right = 1,\n    bottom = 2,\n    top = 3,\n    back = 4,\n    front = 5\n};\n\nenum vertexLocation {\n    bottomLeft = 0,\n    topLeft = 1,\n    topRight = 2,\n    bottomRight = 3\n};\n\nconst normals : THREE.Vector3[] = [\n    new THREE.Vector3(-1.0, 0.0, 0.0),\n    new THREE.Vector3(1.0, 0.0, 0.0),\n    new THREE.Vector3(0.0, -1.0, 0.0),\n    new THREE.Vector3(0.0, 1.0, 0.0),\n    new THREE.Vector3(0.0, 0.0, -1.0),\n    new THREE.Vector3(0.0, 0.0, 1.0),\n];\n\nconst numSides : number = 6;\nconst verticesPerSide : number = 4;\n\nexport class boxGeometryGenerationHelper {\n    private static createPositionsUVs(minPos : THREE.Vector3, maxPos : THREE.Vector3, positions : THREE.Vector3[], uvs : THREE.Vector2[]) : void\n    {\n        //Left Vertices\n        positions[sides.left * verticesPerSide + vertexLocation.bottomLeft] = new THREE.Vector3(minPos.x, minPos.y, minPos.z);\n        positions[sides.left * verticesPerSide + vertexLocation.topLeft] = new THREE.Vector3(minPos.x, maxPos.y, minPos.z);\n        positions[sides.left * verticesPerSide + vertexLocation.topRight] = new THREE.Vector3(minPos.x, maxPos.y, maxPos.z);\n        positions[sides.left * verticesPerSide + vertexLocation.bottomRight] = new THREE.Vector3(minPos.x, minPos.y, maxPos.z);\n        uvs[sides.left * verticesPerSide + vertexLocation.bottomLeft] = new THREE.Vector2(1.0, 0.0);\n        uvs[sides.left * verticesPerSide + vertexLocation.topLeft] = new THREE.Vector2(1.0, 1.0);\n        uvs[sides.left * verticesPerSide + vertexLocation.topRight] = new THREE.Vector2(0.0, 1.0);\n        uvs[sides.left * verticesPerSide + vertexLocation.bottomRight] = new THREE.Vector2(0.0, 0.0);\n\n        //Bottom Vertices\n        positions[sides.bottom * verticesPerSide + vertexLocation.bottomLeft] = new THREE.Vector3(minPos.x, minPos.y, minPos.z);\n        positions[sides.bottom * verticesPerSide + vertexLocation.topLeft] = new THREE.Vector3(minPos.x, minPos.y, maxPos.z);\n        positions[sides.bottom * verticesPerSide + vertexLocation.topRight] = new THREE.Vector3(maxPos.x, minPos.y, maxPos.z);\n        positions[sides.bottom * verticesPerSide + vertexLocation.bottomRight] = new THREE.Vector3(maxPos.x, minPos.y, minPos.z);\n        uvs[sides.bottom * verticesPerSide + vertexLocation.bottomLeft] = new THREE.Vector2(0.0, 1.0);\n        uvs[sides.bottom * verticesPerSide + vertexLocation.topLeft] = new THREE.Vector2(1.0, 1.0);\n        uvs[sides.bottom * verticesPerSide + vertexLocation.topRight] = new THREE.Vector2(1.0, 0.0);\n        uvs[sides.bottom * verticesPerSide + vertexLocation.bottomRight] = new THREE.Vector2(0.0, 0.0);\n\n        //Back Vertices\n        positions[sides.back * verticesPerSide + vertexLocation.bottomLeft] = new THREE.Vector3(maxPos.x, minPos.y, maxPos.z);\n        positions[sides.back * verticesPerSide + vertexLocation.topLeft] = new THREE.Vector3(minPos.x, minPos.y, maxPos.z);\n        positions[sides.back * verticesPerSide + vertexLocation.topRight] = new THREE.Vector3(minPos.x, maxPos.y, maxPos.z);\n        positions[sides.back * verticesPerSide + vertexLocation.bottomRight] = new THREE.Vector3(maxPos.x, maxPos.y, maxPos.z);\n        uvs[sides.back * verticesPerSide + vertexLocation.bottomLeft] = new THREE.Vector2(0.0, 0.0);\n        uvs[sides.back * verticesPerSide + vertexLocation.topLeft] = new THREE.Vector2(1.0, 0.0);\n        uvs[sides.back * verticesPerSide + vertexLocation.topRight] = new THREE.Vector2(1.0, 1.0);\n        uvs[sides.back * verticesPerSide + vertexLocation.bottomRight] = new THREE.Vector2(0.0, 1.0);\n\n        boxGeometryGenerationHelper.createFrontFacingPositionsUVsFromBackFacingData(minPos, maxPos, positions, uvs);\n    }\n\n    private static createFrontFacingPositionsUVsFromBackFacingData(minPos : THREE.Vector3, maxPos : THREE.Vector3, positions : THREE.Vector3[], uvs : THREE.Vector2[]) : void\n    {\n        for (let i : number = 0; i < verticesPerSide; ++i)\n        {\n            positions[sides.right * verticesPerSide + i] = new THREE.Vector3(\n                maxPos.x,\n                positions[sides.left * verticesPerSide + i].y,\n                positions[sides.left * verticesPerSide + i].z\n            );\n\n            positions[sides.top * verticesPerSide + i] = new THREE.Vector3(\n                positions[sides.bottom * verticesPerSide + i].x,\n                maxPos.y,\n                positions[sides.bottom * verticesPerSide + i].z\n            );\n\n            positions[sides.front * verticesPerSide + i] = new THREE.Vector3(\n                positions[sides.back * verticesPerSide + i].x,\n                positions[sides.back * verticesPerSide + i].y,\n                minPos.z\n            );\n\n            const epsilon : number = 0.01;\n\n            uvs[sides.right * verticesPerSide + i] = new THREE.Vector2(\n                uvs[sides.left * verticesPerSide + i].x > epsilon ? 0.0 : 1.0,\n                uvs[sides.left * verticesPerSide + i].y\n            );\n\n            uvs[sides.top * verticesPerSide + i] = new THREE.Vector2(\n                uvs[sides.bottom * verticesPerSide + i].x,\n                uvs[sides.bottom * verticesPerSide + i].y\n            );\n\n            uvs[sides.front * verticesPerSide + i] = new THREE.Vector2(\n                uvs[sides.back * verticesPerSide + i].x > epsilon ? 0.0 : 1.0,\n                uvs[sides.back * verticesPerSide + i].y\n            );\n\n        }\n    }\n\n    private static createVerticesAndFaces(\n        minPos : THREE.Vector3,\n        maxPos : THREE.Vector3,\n        color : number,\n        delta : number,\n        subGeomIdx : number,\n        positions : THREE.Vector3[],\n        uvs : THREE.Vector2[],\n        data : intermediateVertexData\n    ) : void\n    {\n        let deltaRelativeToHeight : number = delta / (maxPos.y - minPos.y);\n        \n        for (let side : number = 0; side < numSides; ++side)\n        {\n            let intermediateIdxBL : number = side * verticesPerSide + vertexLocation.bottomLeft;\n            let intermediateIdxTL : number = side * verticesPerSide + vertexLocation.topLeft;\n            let intermediateIdxTR : number = side * verticesPerSide + vertexLocation.topRight;\n            let intermediateIdxBR : number = side * verticesPerSide + vertexLocation.bottomRight;\n             let indexBottomLeft : number = data.addVertex(\n                positions[intermediateIdxBL], normals[side], uvs[intermediateIdxBL], color, subGeomIdx, deltaRelativeToHeight\n            );\n             let indexTopLeft : number = data.addVertex(\n                positions[intermediateIdxTL], normals[side], uvs[intermediateIdxTL], color, subGeomIdx, deltaRelativeToHeight\n            );\n             let indexTopRight : number = data.addVertex(\n                positions[intermediateIdxTR], normals[side], uvs[intermediateIdxTR], color, subGeomIdx, deltaRelativeToHeight\n            );\n             let indexBottomRight : number = data.addVertex(\n                positions[intermediateIdxBR], normals[side], uvs[intermediateIdxBR], color, subGeomIdx, deltaRelativeToHeight\n            );\n             let dimension : number = Math.floor(side / 2);\n            let positiveFacing : boolean = normals[side].getComponent(dimension) > 0.0;\n             if (!positiveFacing)\n            {\n                data.addFace(indexBottomLeft, indexTopRight, indexTopLeft);\n                data.addFace(indexBottomLeft, indexBottomRight, indexTopRight);\n            }\n            else\n            {\n                data.addFace(indexBottomLeft, indexTopLeft, indexTopRight);\n                data.addFace(indexBottomLeft, indexTopRight, indexBottomRight);\n            }\n        }\n    }\n\n    public static addBoxToVertexData(data : intermediateVertexData, measures : boxMeasures, color : number, subGeomIdx : number, delta : number) : void\n    {\n        let minPos : THREE.Vector3 = new THREE.Vector3(measures.x, measures.y, measures.z);\n        let maxPos : THREE.Vector3 = new THREE.Vector3(measures.x + measures.width, measures.y + measures.height, measures.z + measures.depth);\n\n        let uvs : THREE.Vector2[] = new Array<THREE.Vector2>();\n        let positions : THREE.Vector3[] = new Array<THREE.Vector3>();\n\n        boxGeometryGenerationHelper.createPositionsUVs(minPos, maxPos, positions, uvs);\n        boxGeometryGenerationHelper.createVerticesAndFaces(minPos, maxPos, color, delta, subGeomIdx, positions, uvs, data);\n    }\n}"]},"_coverageSchema":"332fd63041d2c1bcb487cc26dd0d5f7d97098a6c","hash":"75fe2a10c971293dcd6769e5c4369b804975176b"}
,"/home/travis/build/MaibornWolff/codecharta/visualization/app/codeCharta/codeMap/rendering/codeMapBuilding.ts": {"path":"/home/travis/build/MaibornWolff/codecharta/visualization/app/codeCharta/codeMap/rendering/codeMapBuilding.ts","statementMap":{"0":{"start":{"line":4,"column":8},"end":{"line":4,"column":21}},"1":{"start":{"line":5,"column":8},"end":{"line":5,"column":31}},"2":{"start":{"line":6,"column":8},"end":{"line":6,"column":56}},"3":{"start":{"line":7,"column":8},"end":{"line":7,"column":25}}},"fnMap":{"0":{"name":"(anonymous_0)","decl":{"start":{"line":3,"column":4},"end":{"line":3,"column":5}},"loc":{"start":{"line":3,"column":38},"end":{"line":8,"column":5}},"line":3}},"branchMap":{"0":{"loc":{"start":{"line":6,"column":21},"end":{"line":6,"column":55}},"type":"cond-expr","locations":[{"start":{"line":6,"column":29},"end":{"line":6,"column":34}},{"start":{"line":6,"column":37},"end":{"line":6,"column":55}}],"line":6}},"s":{"0":0,"1":0,"2":0,"3":0},"f":{"0":0},"b":{"0":[0,0]},"inputSourceMap":{"version":3,"file":"codeMapBuilding.js","sourceRoot":"","sources":["codeMapBuilding.ts"],"names":[],"mappings":"AACA,OAAO,EAAC,SAAS,EAAC,MAAM,kBAAkB,CAAC;AAG3C,MAAM;IAOF,YAAY,EAAW,EAAE,GAAgB,EAAE,IAAW,EAAE,KAAe;QAEnE,IAAI,CAAC,EAAE,GAAG,EAAE,CAAC;QACb,IAAI,CAAC,WAAW,GAAG,GAAG,CAAC;QACvB,IAAI,CAAC,KAAK,GAAG,KAAK,CAAC,CAAC,CAAC,KAAK,CAAC,CAAC,CAAC,SAAS,CAAC,QAAQ,CAAC;QAChD,IAAI,CAAC,IAAI,GAAG,IAAI,CAAC;IACrB,CAAC;CACJ","sourcesContent":["import * as THREE from \"three\";\nimport {MapColors} from \"./renderSettings\";\nimport {node} from \"./node\"\n\nexport class codeMapBuilding {\n    public id : number;\n    public boundingBox : THREE.Box3;\n    public color : number;\n    public node : node;\n    public parent?: codeMapBuilding;\n\n    constructor(id : number, box : THREE.Box3, node : node, color? : number)\n    {\n        this.id = id;\n        this.boundingBox = box;\n        this.color = color ? color : MapColors.defaultC;\n        this.node = node;\n    }\n}"]},"_coverageSchema":"332fd63041d2c1bcb487cc26dd0d5f7d97098a6c","hash":"b4e536c59f1afaee963193e2f57f36c989e8ca71"}
,"/home/travis/build/MaibornWolff/codecharta/visualization/app/codeCharta/codeMap/rendering/codeMapGeometricDescription.ts": {"path":"/home/travis/build/MaibornWolff/codecharta/visualization/app/codeCharta/codeMap/rendering/codeMapGeometricDescription.ts","statementMap":{"0":{"start":{"line":4,"column":8},"end":{"line":4,"column":37}},"1":{"start":{"line":5,"column":8},"end":{"line":5,"column":31}},"2":{"start":{"line":6,"column":8},"end":{"line":6,"column":49}},"3":{"start":{"line":9,"column":8},"end":{"line":9,"column":38}},"4":{"start":{"line":12,"column":8},"end":{"line":12,"column":29}},"5":{"start":{"line":15,"column":34},"end":{"line":15,"column":38}},"6":{"start":{"line":16,"column":39},"end":{"line":16,"column":47}},"7":{"start":{"line":17,"column":29},"end":{"line":17,"column":125}},"8":{"start":{"line":18,"column":8},"end":{"line":35,"column":9}},"9":{"start":{"line":19,"column":22},"end":{"line":19,"column":50}},"10":{"start":{"line":20,"column":12},"end":{"line":20,"column":39}},"11":{"start":{"line":21,"column":12},"end":{"line":21,"column":39}},"12":{"start":{"line":22,"column":12},"end":{"line":22,"column":39}},"13":{"start":{"line":23,"column":12},"end":{"line":23,"column":39}},"14":{"start":{"line":24,"column":12},"end":{"line":24,"column":39}},"15":{"start":{"line":25,"column":12},"end":{"line":25,"column":39}},"16":{"start":{"line":26,"column":12},"end":{"line":26,"column":42}},"17":{"start":{"line":27,"column":36},"end":{"line":27,"column":57}},"18":{"start":{"line":28,"column":12},"end":{"line":34,"column":13}},"19":{"start":{"line":29,"column":43},"end":{"line":29,"column":83}},"20":{"start":{"line":30,"column":16},"end":{"line":33,"column":17}},"21":{"start":{"line":31,"column":20},"end":{"line":31,"column":68}},"22":{"start":{"line":32,"column":20},"end":{"line":32,"column":51}},"23":{"start":{"line":36,"column":8},"end":{"line":46,"column":9}},"24":{"start":{"line":37,"column":12},"end":{"line":40,"column":14}},"25":{"start":{"line":43,"column":12},"end":{"line":45,"column":14}}},"fnMap":{"0":{"name":"(anonymous_0)","decl":{"start":{"line":3,"column":4},"end":{"line":3,"column":5}},"loc":{"start":{"line":3,"column":25},"end":{"line":7,"column":5}},"line":3},"1":{"name":"(anonymous_1)","decl":{"start":{"line":8,"column":4},"end":{"line":8,"column":5}},"loc":{"start":{"line":8,"column":18},"end":{"line":10,"column":5}},"line":8},"2":{"name":"(anonymous_2)","decl":{"start":{"line":11,"column":4},"end":{"line":11,"column":5}},"loc":{"start":{"line":11,"column":22},"end":{"line":13,"column":5}},"line":11},"3":{"name":"(anonymous_3)","decl":{"start":{"line":14,"column":4},"end":{"line":14,"column":5}},"loc":{"start":{"line":14,"column":19},"end":{"line":47,"column":5}},"line":14}},"branchMap":{"0":{"loc":{"start":{"line":28,"column":12},"end":{"line":34,"column":13}},"type":"if","locations":[{"start":{"line":28,"column":12},"end":{"line":34,"column":13}},{"start":{"line":28,"column":12},"end":{"line":34,"column":13}}],"line":28},"1":{"loc":{"start":{"line":30,"column":16},"end":{"line":33,"column":17}},"type":"if","locations":[{"start":{"line":30,"column":16},"end":{"line":33,"column":17}},{"start":{"line":30,"column":16},"end":{"line":33,"column":17}}],"line":30},"2":{"loc":{"start":{"line":36,"column":8},"end":{"line":46,"column":9}},"type":"if","locations":[{"start":{"line":36,"column":8},"end":{"line":46,"column":9}},{"start":{"line":36,"column":8},"end":{"line":46,"column":9}}],"line":36}},"s":{"0":0,"1":0,"2":0,"3":0,"4":0,"5":0,"6":0,"7":0,"8":0,"9":0,"10":0,"11":0,"12":0,"13":0,"14":0,"15":0,"16":0,"17":0,"18":0,"19":0,"20":0,"21":0,"22":0,"23":0,"24":0,"25":0},"f":{"0":0,"1":0,"2":0,"3":0},"b":{"0":[0,0],"1":[0,0],"2":[0,0]},"inputSourceMap":{"version":3,"file":"codeMapGeometricDescription.js","sourceRoot":"","sources":["codeMapGeometricDescription.ts"],"names":[],"mappings":"AACA,OAAO,KAAK,KAAK,MAAM,OAAO,CAAA;AAO9B,MAAM;IAIF,YAAY,OAAgB;QAExB,IAAI,CAAC,SAAS,GAAG,IAAI,KAAK,EAAmB,CAAC;QAC9C,IAAI,CAAC,OAAO,GAAG,OAAO,CAAC;QACvB,IAAI,CAAC,MAAM,GAAG,IAAI,KAAK,CAAC,OAAO,CAAC,CAAC,EAAE,CAAC,EAAE,CAAC,CAAC,CAAC;IAC7C,CAAC;IAED,GAAG,CAAC,QAA0B;QAE1B,IAAI,CAAC,SAAS,CAAC,IAAI,CAAC,QAAQ,CAAC,CAAC;IAClC,CAAC;IAED,SAAS,CAAC,MAAsB;QAE5B,IAAI,CAAC,MAAM,GAAG,MAAM,CAAC;IACzB,CAAC;IAED,SAAS,CAAC,GAAe;QAErB,IAAI,mBAAmB,GAA4B,IAAI,CAAC;QACxD,IAAI,wBAAwB,GAAY,QAAQ,CAAC;QAEjD,IAAI,cAAc,GAAG,IAAI,KAAK,CAAC,OAAO,CAAC,CAAC,IAAI,CAAC,OAAO,GAAG,IAAI,CAAC,MAAM,CAAC,CAAC,GAAG,GAAG,EAAE,GAAG,EAAE,CAAC,IAAI,CAAC,OAAO,GAAG,IAAI,CAAC,MAAM,CAAC,CAAC,GAAG,GAAG,CAAC,CAAC;QAEtH,GAAG,CAAC,CAAC,IAAI,QAAQ,IAAI,IAAI,CAAC,SAAS,CAAC,CACpC,CAAC;YACG,IAAI,GAAG,GAAgB,QAAQ,CAAC,WAAW,CAAC,KAAK,EAAE,CAAC;YAEpD,GAAG,CAAC,GAAG,CAAC,CAAC,IAAI,IAAI,CAAC,MAAM,CAAC,CAAC,CAAC;YAC3B,GAAG,CAAC,GAAG,CAAC,CAAC,IAAI,IAAI,CAAC,MAAM,CAAC,CAAC,CAAC;YAC3B,GAAG,CAAC,GAAG,CAAC,CAAC,IAAI,IAAI,CAAC,MAAM,CAAC,CAAC,CAAC;YAE3B,GAAG,CAAC,GAAG,CAAC,CAAC,IAAI,IAAI,CAAC,MAAM,CAAC,CAAC,CAAC;YAC3B,GAAG,CAAC,GAAG,CAAC,CAAC,IAAI,IAAI,CAAC,MAAM,CAAC,CAAC,CAAC;YAC3B,GAAG,CAAC,GAAG,CAAC,CAAC,IAAI,IAAI,CAAC,MAAM,CAAC,CAAC,CAAC;YAE3B,GAAG,CAAC,SAAS,CAAC,cAAc,CAAC,CAAC;YAE9B,IAAI,iBAAiB,GAAmB,GAAG,CAAC,YAAY,CAAC,GAAG,CAAC,CAAC;YAE9D,EAAE,CAAC,CAAC,iBAAiB,CAAC,CACtB,CAAC;gBACG,IAAI,oBAAoB,GAAY,iBAAiB,CAAC,UAAU,CAAC,GAAG,CAAC,MAAM,CAAC,CAAC;gBAE7E,EAAE,CAAC,CAAC,oBAAoB,GAAG,wBAAwB,CAAC,CACpD,CAAC;oBACG,wBAAwB,GAAG,oBAAoB,CAAC;oBAChD,mBAAmB,GAAG,QAAQ,CAAC;gBACnC,CAAC;YACL,CAAC;QACL,CAAC;QAED,EAAE,CAAC,CAAC,mBAAmB,CAAC,CACxB,CAAC;YACG,MAAM,CAAC;gBACH,iBAAiB,EAAG,IAAI;gBACxB,QAAQ,EAAG,mBAAmB;aACjC,CAAA;QACL,CAAC;QACD,IAAI,CACJ,CAAC;YACG,MAAM,CAAC;gBACH,iBAAiB,EAAG,KAAK;aAC5B,CAAA;QACL,CAAC;IACL,CAAC;CACJ","sourcesContent":["import {codeMapBuilding} from \"./codeMapBuilding\";\nimport * as THREE from \"three\"\n\nexport interface intersectionResult {\n    intersectionFound : boolean;\n    building? : codeMapBuilding\n}\n\nexport class codeMapGeometricDescription {\n    private buildings : codeMapBuilding[];\n    private mapSize : number;\n    private scales : THREE.Vector3;\n    constructor(mapSize : number)\n    {\n        this.buildings = new Array<codeMapBuilding>();\n        this.mapSize = mapSize;\n        this.scales = new THREE.Vector3(1, 1, 1);\n    }\n\n    add(building : codeMapBuilding) : void\n    {\n        this.buildings.push(building);\n    }\n\n    setScales(scales : THREE.Vector3)\n    {\n        this.scales = scales;\n    }\n\n    intersect(ray : THREE.Ray) : intersectionResult\n    {\n        let intersectedBuilding : codeMapBuilding | null = null;\n        let leastIntersectedDistance : number = Infinity;\n\n        let boxTranslation = new THREE.Vector3(-this.mapSize * this.scales.x * 0.5, 0.0, -this.mapSize * this.scales.z * 0.5);\n\n        for (let building of this.buildings)\n        {\n            let box : THREE.Box3 = building.boundingBox.clone();\n\n            box.min.x *= this.scales.x;\n            box.min.y *= this.scales.y;\n            box.min.z *= this.scales.z;\n\n            box.max.x *= this.scales.x;\n            box.max.y *= this.scales.y;\n            box.max.z *= this.scales.z;\n\n            box.translate(boxTranslation);\n\n            let intersectionPoint : THREE.Vector3 = ray.intersectBox(box);\n\n            if (intersectionPoint)\n            {\n                let intersectionDistance : number = intersectionPoint.distanceTo(ray.origin);\n\n                if (intersectionDistance < leastIntersectedDistance)\n                {\n                    leastIntersectedDistance = intersectionDistance;\n                    intersectedBuilding = building;\n                }\n            }\n        }\n\n        if (intersectedBuilding)\n        {\n            return {\n                intersectionFound : true,\n                building : intersectedBuilding\n            }\n        }\n        else\n        {\n            return {\n                intersectionFound : false\n            }\n        }\n    }\n}"]},"_coverageSchema":"332fd63041d2c1bcb487cc26dd0d5f7d97098a6c","hash":"561d4bf3b836d51445fec9f8d70b9197ae38e194"}
,"/home/travis/build/MaibornWolff/codecharta/visualization/app/codeCharta/codeMap/rendering/codeMapMesh.ts": {"path":"/home/travis/build/MaibornWolff/codecharta/visualization/app/codeCharta/codeMap/rendering/codeMapMesh.ts","statementMap":{"0":{"start":{"line":8,"column":8},"end":{"line":18,"column":10}},"1":{"start":{"line":19,"column":8},"end":{"line":19,"column":27}},"2":{"start":{"line":20,"column":8},"end":{"line":20,"column":36}},"3":{"start":{"line":21,"column":8},"end":{"line":21,"column":47}},"4":{"start":{"line":22,"column":23},"end":{"line":22,"column":78}},"5":{"start":{"line":23,"column":8},"end":{"line":23,"column":39}},"6":{"start":{"line":24,"column":8},"end":{"line":24,"column":41}},"7":{"start":{"line":25,"column":8},"end":{"line":25,"column":33}},"8":{"start":{"line":29,"column":8},"end":{"line":34,"column":9}},"9":{"start":{"line":30,"column":12},"end":{"line":30,"column":41}},"10":{"start":{"line":33,"column":12},"end":{"line":33,"column":43}},"11":{"start":{"line":35,"column":23},"end":{"line":35,"column":100}},"12":{"start":{"line":36,"column":25},"end":{"line":36,"column":51}},"13":{"start":{"line":37,"column":8},"end":{"line":42,"column":11}},"14":{"start":{"line":45,"column":8},"end":{"line":45,"column":123}},"15":{"start":{"line":46,"column":8},"end":{"line":46,"column":123}},"16":{"start":{"line":49,"column":8},"end":{"line":49,"column":123}},"17":{"start":{"line":50,"column":8},"end":{"line":50,"column":123}},"18":{"start":{"line":53,"column":8},"end":{"line":53,"column":30}},"19":{"start":{"line":57,"column":8},"end":{"line":57,"column":97}},"20":{"start":{"line":57,"column":81},"end":{"line":57,"column":93}},"21":{"start":{"line":59,"column":8},"end":{"line":59,"column":70}},"22":{"start":{"line":60,"column":8},"end":{"line":61,"column":88}},"23":{"start":{"line":61,"column":12},"end":{"line":61,"column":88}},"24":{"start":{"line":62,"column":8},"end":{"line":62,"column":46}},"25":{"start":{"line":66,"column":8},"end":{"line":66,"column":94}},"26":{"start":{"line":66,"column":78},"end":{"line":66,"column":90}},"27":{"start":{"line":68,"column":8},"end":{"line":68,"column":70}},"28":{"start":{"line":69,"column":8},"end":{"line":70,"column":87}},"29":{"start":{"line":70,"column":12},"end":{"line":70,"column":87}},"30":{"start":{"line":71,"column":8},"end":{"line":71,"column":43}},"31":{"start":{"line":74,"column":8},"end":{"line":74,"column":41}},"32":{"start":{"line":77,"column":8},"end":{"line":77,"column":38}},"33":{"start":{"line":81,"column":8},"end":{"line":81,"column":57}},"34":{"start":{"line":82,"column":8},"end":{"line":82,"column":41}},"35":{"start":{"line":86,"column":8},"end":{"line":86,"column":57}},"36":{"start":{"line":87,"column":8},"end":{"line":87,"column":38}},"37":{"start":{"line":90,"column":8},"end":{"line":90,"column":32}},"38":{"start":{"line":93,"column":18},"end":{"line":93,"column":33}},"39":{"start":{"line":94,"column":8},"end":{"line":94,"column":61}},"40":{"start":{"line":95,"column":8},"end":{"line":95,"column":95}},"41":{"start":{"line":96,"column":8},"end":{"line":96,"column":19}},"42":{"start":{"line":99,"column":18},"end":{"line":99,"column":57}},"43":{"start":{"line":100,"column":8},"end":{"line":100,"column":56}},"44":{"start":{"line":103,"column":8},"end":{"line":103,"column":63}}},"fnMap":{"0":{"name":"(anonymous_0)","decl":{"start":{"line":7,"column":4},"end":{"line":7,"column":5}},"loc":{"start":{"line":7,"column":33},"end":{"line":26,"column":5}},"line":7},"1":{"name":"(anonymous_1)","decl":{"start":{"line":27,"column":4},"end":{"line":27,"column":5}},"loc":{"start":{"line":27,"column":27},"end":{"line":43,"column":5}},"line":27},"2":{"name":"(anonymous_2)","decl":{"start":{"line":44,"column":4},"end":{"line":44,"column":5}},"loc":{"start":{"line":44,"column":28},"end":{"line":47,"column":5}},"line":44},"3":{"name":"(anonymous_3)","decl":{"start":{"line":48,"column":4},"end":{"line":48,"column":5}},"loc":{"start":{"line":48,"column":30},"end":{"line":51,"column":5}},"line":48},"4":{"name":"(anonymous_4)","decl":{"start":{"line":52,"column":4},"end":{"line":52,"column":5}},"loc":{"start":{"line":52,"column":19},"end":{"line":54,"column":5}},"line":52},"5":{"name":"(anonymous_5)","decl":{"start":{"line":55,"column":4},"end":{"line":55,"column":5}},"loc":{"start":{"line":55,"column":37},"end":{"line":63,"column":5}},"line":55},"6":{"name":"(anonymous_6)","decl":{"start":{"line":57,"column":72},"end":{"line":57,"column":73}},"loc":{"start":{"line":57,"column":79},"end":{"line":57,"column":95}},"line":57},"7":{"name":"(anonymous_7)","decl":{"start":{"line":64,"column":4},"end":{"line":64,"column":5}},"loc":{"start":{"line":64,"column":34},"end":{"line":72,"column":5}},"line":64},"8":{"name":"(anonymous_8)","decl":{"start":{"line":66,"column":69},"end":{"line":66,"column":70}},"loc":{"start":{"line":66,"column":76},"end":{"line":66,"column":92}},"line":66},"9":{"name":"(anonymous_9)","decl":{"start":{"line":73,"column":4},"end":{"line":73,"column":5}},"loc":{"start":{"line":73,"column":30},"end":{"line":75,"column":5}},"line":73},"10":{"name":"(anonymous_10)","decl":{"start":{"line":76,"column":4},"end":{"line":76,"column":5}},"loc":{"start":{"line":76,"column":27},"end":{"line":78,"column":5}},"line":76},"11":{"name":"(anonymous_11)","decl":{"start":{"line":79,"column":4},"end":{"line":79,"column":5}},"loc":{"start":{"line":79,"column":21},"end":{"line":83,"column":5}},"line":79},"12":{"name":"(anonymous_12)","decl":{"start":{"line":84,"column":4},"end":{"line":84,"column":5}},"loc":{"start":{"line":84,"column":20},"end":{"line":88,"column":5}},"line":84},"13":{"name":"(anonymous_13)","decl":{"start":{"line":89,"column":4},"end":{"line":89,"column":5}},"loc":{"start":{"line":89,"column":25},"end":{"line":91,"column":5}},"line":89},"14":{"name":"(anonymous_14)","decl":{"start":{"line":92,"column":4},"end":{"line":92,"column":5}},"loc":{"start":{"line":92,"column":39},"end":{"line":97,"column":5}},"line":92},"15":{"name":"(anonymous_15)","decl":{"start":{"line":98,"column":4},"end":{"line":98,"column":5}},"loc":{"start":{"line":98,"column":49},"end":{"line":101,"column":5}},"line":98},"16":{"name":"(anonymous_16)","decl":{"start":{"line":102,"column":4},"end":{"line":102,"column":5}},"loc":{"start":{"line":102,"column":22},"end":{"line":104,"column":5}},"line":102}},"branchMap":{"0":{"loc":{"start":{"line":29,"column":8},"end":{"line":34,"column":9}},"type":"if","locations":[{"start":{"line":29,"column":8},"end":{"line":34,"column":9}},{"start":{"line":29,"column":8},"end":{"line":34,"column":9}}],"line":29},"1":{"loc":{"start":{"line":60,"column":8},"end":{"line":61,"column":88}},"type":"if","locations":[{"start":{"line":60,"column":8},"end":{"line":61,"column":88}},{"start":{"line":60,"column":8},"end":{"line":61,"column":88}}],"line":60},"2":{"loc":{"start":{"line":69,"column":8},"end":{"line":70,"column":87}},"type":"if","locations":[{"start":{"line":69,"column":8},"end":{"line":70,"column":87}},{"start":{"line":69,"column":8},"end":{"line":70,"column":87}}],"line":69}},"s":{"0":0,"1":0,"2":0,"3":0,"4":0,"5":0,"6":0,"7":0,"8":0,"9":0,"10":0,"11":0,"12":0,"13":0,"14":0,"15":0,"16":0,"17":0,"18":0,"19":0,"20":0,"21":0,"22":0,"23":0,"24":0,"25":0,"26":0,"27":0,"28":0,"29":0,"30":0,"31":0,"32":0,"33":0,"34":0,"35":0,"36":0,"37":0,"38":0,"39":0,"40":0,"41":0,"42":0,"43":0,"44":0},"f":{"0":0,"1":0,"2":0,"3":0,"4":0,"5":0,"6":0,"7":0,"8":0,"9":0,"10":0,"11":0,"12":0,"13":0,"14":0,"15":0,"16":0},"b":{"0":[0,0],"1":[0,0],"2":[0,0]},"inputSourceMap":{"version":3,"file":"codeMapMesh.js","sourceRoot":"","sources":["codeMapMesh.ts"],"names":[],"mappings":"AAAA,OAAO,KAAK,KAAK,MAAM,OAAO,CAAC;AAE/B,OAAO,EAAC,oBAAoB,EAAC,MAAM,wBAAwB,CAAC;AAC5D,OAAO,EAAC,iBAAiB,EAAc,MAAM,qBAAqB,CAAC;AAInE,OAAO,EAAC,aAAa,EAAC,MAAM,iBAAiB,CAAC;AAG9C,OAAO,EAAC,SAAS,EAAC,MAAM,kBAAkB,CAAA;AAyB1C,MAAM;IA4BF,YAAY,KAAc,EAAE,QAAyB;QAf7C,mBAAc,GAA2B;YAC7C,aAAa,EAAG,EAAC,IAAI,EAAG,GAAG,EAAE,KAAK,EAAG,GAAG,EAAC;YACzC,cAAc,EAAG,EAAC,IAAI,EAAG,IAAI,EAAE,KAAK,EAAG,aAAa,CAAC,WAAW,CAAC,QAAQ,CAAC,EAAC;YAC3E,kBAAkB,EAAG,EAAC,IAAI,EAAG,KAAK,EAAE,KAAK,EAAG,EAAE,EAAC;YAE/C,aAAa,EAAG,EAAC,IAAI,EAAG,GAAG,EAAE,KAAK,EAAG,GAAG,EAAC;YACzC,aAAa,EAAG,EAAC,IAAI,EAAG,GAAG,EAAE,KAAK,EAAG,aAAa,CAAC,WAAW,CAAC,SAAS,CAAC,QAAQ,CAAC,EAAC;YACnF,eAAe,EAAG,EAAC,IAAI,EAAG,KAAK,EAAE,KAAK,EAAG,EAAE,EAAC;YAE5C,kBAAkB,EAAG,EAAC,IAAI,EAAG,IAAI,EAAE,KAAK,EAAG,aAAa,CAAC,WAAW,CAAC,SAAS,CAAC,aAAa,CAAC,EAAC;YAC9F,kBAAkB,EAAG,EAAC,IAAI,EAAG,IAAI,EAAE,KAAK,EAAG,aAAa,CAAC,WAAW,CAAC,SAAS,CAAC,aAAa,CAAC,EAAC;YAE9F,QAAQ,EAAG,EAAC,IAAI,EAAG,IAAI,EAAE,KAAK,EAAG,IAAI,KAAK,CAAC,OAAO,CAAC,GAAG,EAAE,GAAG,EAAE,GAAG,CAAC,EAAC;SACrE,CAAC;QAIE,IAAI,CAAC,KAAK,GAAG,KAAK,CAAC;QAEnB,IAAI,CAAC,YAAY,CAAC,QAAQ,CAAC,CAAC;QAE5B,IAAI,CAAC,OAAO,GAAG,IAAI,iBAAiB,EAAE,CAAC;QACvC,IAAI,QAAQ,GAAiB,IAAI,CAAC,OAAO,CAAC,KAAK,CAAC,IAAI,CAAC,KAAK,EAAE,IAAI,CAAC,QAAQ,EAAE,QAAQ,CAAC,CAAC;QAErF,IAAI,CAAC,SAAS,GAAG,QAAQ,CAAC,IAAI,CAAC;QAC/B,IAAI,CAAC,WAAW,GAAG,QAAQ,CAAC,IAAI,CAAC;QAEjC,IAAI,CAAC,QAAQ,GAAG,QAAQ,CAAC;IAC7B,CAAC;IAEO,YAAY,CAAC,QAAyB;QAG1C,MAAM;QACN,EAAE,CAAA,CAAC,QAAQ,CAAC,iBAAiB,CAAC,CAAC,CAAC;YAC5B,IAAI,CAAC,qBAAqB,EAAE,CAAC;QACjC,CAAC;QAAC,IAAI,CAAC,CAAC;YACJ,IAAI,CAAC,uBAAuB,EAAE,CAAC;QACnC,CAAC;QAED,IAAI,QAAQ,GAAG,KAAK,CAAC,aAAa,CAAC,KAAK,CAAC,CAAC,KAAK,CAAC,WAAW,CAAC,QAAQ,CAAC,EAAE,IAAI,CAAC,cAAc,CAAC,CAAC,CAAC;QAE7F,IAAI,UAAU,GAA0B,IAAI,oBAAoB,EAAE,CAAC;QAEnE,IAAI,CAAC,QAAQ,GAAI,IAAI,KAAK,CAAC,cAAc,CAAC;YACtC,YAAY,EAAE,UAAU,CAAC,gBAAgB;YACzC,cAAc,EAAE,UAAU,CAAC,kBAAkB;YAC7C,MAAM,EAAG,IAAI;YACb,QAAQ,EAAG,QAAQ;SACtB,CAAC,CAAC;IACP,CAAC;IAEO,qBAAqB;QACzB,IAAI,CAAC,cAAc,CAAC,kBAAkB,GAAG,EAAC,IAAI,EAAG,IAAI,EAAE,KAAK,EAAG,aAAa,CAAC,WAAW,CAAC,SAAS,CAAC,aAAa,CAAC,EAAC,CAAC;QACnH,IAAI,CAAC,cAAc,CAAC,kBAAkB,GAAG,EAAC,IAAI,EAAG,IAAI,EAAE,KAAK,EAAG,aAAa,CAAC,WAAW,CAAC,SAAS,CAAC,aAAa,CAAC,EAAC,CAAC;IACvH,CAAC;IAGO,uBAAuB;QAC3B,IAAI,CAAC,cAAc,CAAC,kBAAkB,GAAG,EAAC,IAAI,EAAG,IAAI,EAAE,KAAK,EAAG,aAAa,CAAC,WAAW,CAAC,SAAS,CAAC,aAAa,CAAC,EAAC,CAAC;QACnH,IAAI,CAAC,cAAc,CAAC,kBAAkB,GAAG,EAAC,IAAI,EAAG,IAAI,EAAE,KAAK,EAAG,aAAa,CAAC,WAAW,CAAC,SAAS,CAAC,aAAa,CAAC,EAAC,CAAC;IACvH,CAAC;IAEM,YAAY;QACf,MAAM,CAAC,IAAI,CAAC,SAAS,CAAC;IAC1B,CAAC;IAEM,cAAc,CAAC,SAA6B,EAAE,KAAe;QAEhE,2CAA2C;QAC3C,IAAI,CAAC,QAAQ,CAAC,QAAQ,CAAC,kBAAkB,CAAC,KAAK,GAAG,SAAS,CAAC,GAAG,CAAC,CAAC,CAAmB,EAAE,EAAE,GAAE,MAAM,CAAC,CAAC,CAAC,EAAE,CAAA,CAAA,CAAC,CAAC,CAAC;QACxG,2CAA2C;QAC3C,IAAI,CAAC,QAAQ,CAAC,QAAQ,CAAC,aAAa,CAAC,KAAK,GAAG,SAAS,CAAC,MAAM,CAAC;QAE9D,EAAE,CAAC,CAAC,KAAK,CAAC;YACN,IAAI,CAAC,cAAc,CAAC,cAAc,CAAC,KAAK,GAAG,aAAa,CAAC,WAAW,CAAC,KAAK,CAAC,CAAC;QAEhF,IAAI,CAAC,oBAAoB,GAAG,SAAS,CAAC;IAC1C,CAAC;IAEM,WAAW,CAAC,SAA6B,EAAE,KAAe;QAE7D,2CAA2C;QAC3C
[...]
ravis/build/MaibornWolff/codecharta/visualization/app/codeCharta/ui/common/numberField.directive.ts","statementMap":{"0":{"start":{"line":7,"column":8},"end":{"line":11,"column":21}},"1":{"start":{"line":12,"column":8},"end":{"line":12,"column":28}},"2":{"start":{"line":16,"column":8},"end":{"line":21,"column":10}},"3":{"start":{"line":27,"column":8},"end":{"line":27,"column":79}},"4":{"start":{"line":27,"column":29},"end":{"line":27,"column":48}},"5":{"start":{"line":27,"column":60},"end":{"line":27,"column":75}}},"fnMap":{"0":{"name":"(anonymous_0)","decl":{"start":{"line":6,"column":4},"end":{"line":6,"column":5}},"loc":{"start":{"line":6,"column":18},"end":{"line":22,"column":5}},"line":6},"1":{"name":"(anonymous_1)","decl":{"start":{"line":26,"column":4},"end":{"line":26,"column":5}},"loc":{"start":{"line":26,"column":16},"end":{"line":28,"column":5}},"line":26},"2":{"name":"(anonymous_2)","decl":{"start":{"line":27,"column":21},"end":{"line":27,"column":22}},"loc":{"start":{"line":27,"column":27},"end":{"line":27,"column":50}},"line":27},"3":{"name":"(anonymous_3)","decl":{"start":{"line":27,"column":52},"end":{"line":27,"column":53}},"loc":{"start":{"line":27,"column":58},"end":{"line":27,"column":77}},"line":27}},"branchMap":{},"s":{"0":1,"1":1,"2":1,"3":1,"4":2,"5":1},"f":{"0":1,"1":1,"2":2,"3":1},"b":{},"inputSourceMap":{"version":3,"file":"numberField.directive.js","sourceRoot":"","sources":["numberField.directive.ts"],"names":[],"mappings":"AAAA,YAAY,CAAC;AAGb;;GAEG;AACH,MAAM;IAoBF;QAlBA,aAAQ,GAAG,uCAAuC;YAC9C,0EAA0E;YAC1E,cAAc;YACd,uGAAuG;YACvG,QAAQ,CAAC;QAEb,aAAQ,GAAG,GAAG,CAAC;QAEf;;YAEI;QACJ,UAAK,GAAG;YACJ,KAAK,EAAE,GAAG;YACV,KAAK,EAAE,GAAG;YACV,GAAG,EAAE,GAAG;YACR,MAAM,EAAC,GAAG;SACb,CAAC;IAGF,CAAC;IAED;;OAEG;IACH,IAAI,CAAC,KAAK;QACN,KAAK,CAAC,MAAM,CACR,GAAE,EAAE,GAAC,MAAM,CAAC,KAAK,CAAC,KAAK,CAAC,CAAA,CAAC,EACzB,GAAE,EAAE,GAAC,KAAK,CAAC,MAAM,EAAE,CAAC,CAAA,CAAC,CACxB,CAAC;IACN,CAAC;CAEJ","sourcesContent":["\"use strict\";\nimport {IDirective} from \"angular\";\n\n/**\n * Renders a number field.\n */\nexport class NumberFieldDirective implements IDirective{\n\n    template = \"<div class=\\\"input-field col s12\\\">\\n\" +\n        \"    <label for=\\\"numberField-directive-{{::$id}}\\\">{{::label}}</label>\\n\" +\n        \"    <br />\\n\" +\n        \"    <input id=\\\"numberField-directive-{{::$id}}\\\" type=\\\"number\\\" ng-model=\\\"model\\\" min={{::min}}>\\n\" +\n        \"</div>\";\n\n    restrict = \"E\";\n\n    /**\n     * Binds 'model', 'label', a minimal value 'min' and a 'change' function.\n     **/\n    scope = {\n        model: \"=\",\n        label: \"@\",\n        min: \"@\",\n        change:\"&\"\n    };\n\n    constructor() {\n    }\n\n    /**\n     * Links the change function to model changes.\n     */\n    link(scope){\n        scope.$watch(\n            ()=>{return scope.model;},\n            ()=>{scope.change();}\n        );\n    }\n    \n}\n"]},"_coverageSchema":"332fd63041d2c1bcb487cc26dd0d5f7d97098a6c","hash":"567433f151f35885177202852af293938d35fc60"}
,"/home/travis/build/MaibornWolff/codecharta/visualization/app/codeCharta/ui/common/slider.directive.ts": {"path":"/home/travis/build/MaibornWolff/codecharta/visualization/app/codeCharta/ui/common/slider.directive.ts","statementMap":{"0":{"start":{"line":3,"column":8},"end":{"line":7,"column":21}},"1":{"start":{"line":8,"column":8},"end":{"line":8,"column":28}},"2":{"start":{"line":9,"column":8},"end":{"line":17,"column":10}},"3":{"start":{"line":24,"column":8},"end":{"line":24,"column":79}},"4":{"start":{"line":24,"column":29},"end":{"line":24,"column":48}},"5":{"start":{"line":24,"column":60},"end":{"line":24,"column":75}}},"fnMap":{"0":{"name":"(anonymous_0)","decl":{"start":{"line":2,"column":4},"end":{"line":2,"column":5}},"loc":{"start":{"line":2,"column":18},"end":{"line":18,"column":5}},"line":2},"1":{"name":"(anonymous_1)","decl":{"start":{"line":23,"column":4},"end":{"line":23,"column":5}},"loc":{"start":{"line":23,"column":16},"end":{"line":25,"column":5}},"line":23},"2":{"name":"(anonymous_2)","decl":{"start":{"line":24,"column":21},"end":{"line":24,"column":22}},"loc":{"start":{"line":24,"column":27},"end":{"line":24,"column":50}},"line":24},"3":{"name":"(anonymous_3)","decl":{"start":{"line":24,"column":52},"end":{"line":24,"column":53}},"loc":{"start":{"line":24,"column":58},"end":{"line":24,"column":77}},"line":24}},"branchMap":{},"s":{"0":1,"1":1,"2":1,"3":1,"4":2,"5":1},"f":{"0":1,"1":1,"2":2,"3":1},"b":{},"inputSourceMap":{"version":3,"file":"slider.directive.js","sourceRoot":"","sources":["slider.directive.ts"],"names":[],"mappings":"AAKA,MAAM;IAoBF;QAlBA,aAAQ,GAAG,uCAAuC;YAC9C,qEAAqE;YACrE,cAAc;YACd,mIAAmI;YACnI,QAAQ,CAAC;QAEb,aAAQ,GAAG,GAAG,CAAC;QAEf,UAAK,GAAG;YACJ,KAAK,EAAE,GAAG;YACV,KAAK,EAAE,GAAG;YACV,GAAG,EAAE,GAAG;YACR,GAAG,EAAE,GAAG;YACR,IAAI,EAAE,GAAG;YACT,QAAQ,EAAE,GAAG;YACb,MAAM,EAAC,GAAG;SACb,CAAC;IAEa,CAAC;IAEhB;;;OAGG;IACH,IAAI,CAAC,KAAK;QAEN,KAAK,CAAC,MAAM,CACR,GAAE,EAAE,GAAC,MAAM,CAAC,KAAK,CAAC,KAAK,CAAC,CAAA,CAAC,EACzB,GAAE,EAAE,GAAC,KAAK,CAAC,MAAM,EAAE,CAAC,CAAA,CAAC,CACxB,CAAC;IAEN,CAAC;CAEJ","sourcesContent":["/**\n * Renders a slider.\n */\nimport {IDirective} from \"angular\";\n\nexport class SliderDirective implements IDirective{\n\n    template = \"<div class=\\\"range-field col s12\\\">\\n\" +\n        \"    <label for=\\\"slider-directive-{{::$id}}\\\">{{::label}}</label>\\n\" +\n        \"    <br />\\n\" +\n        \"    <input id=\\\"slider-directive-{{::$id}}\\\" type=\\\"range\\\" ng-model=\\\"model\\\" min={{::min}} max={{::max}} step=\\\"{{::step}}\\\">\\n\" +\n        \"</div>\";\n\n    restrict = \"E\";\n\n    scope = {\n        model: \"=\",\n        label: \"@\",\n        min: \"@\",\n        max: \"@\",\n        step: \"@\",\n        decimals: \"@\",\n        change:\"&\"\n    };\n\n    constructor() {}\n\n    /**\n     * Links the change function to model changes.\n     * @param {Scope} scope\n     */\n    link(scope){\n\n        scope.$watch(\n            ()=>{return scope.model;},\n            ()=>{scope.change();}\n        );\n\n    }\n    \n}\n"]},"_coverageSchema":"332fd63041d2c1bcb487cc26dd0d5f7d97098a6c","hash":"9bae15f7096db955b200481a38b74bf1923aff02"}
,"/home/travis/build/MaibornWolff/codecharta/visualization/app/codeCharta/ui/revisionChooser/revisionChooserComponent.ts": {"path":"/home/travis/build/MaibornWolff/codecharta/visualization/app/codeCharta/ui/revisionChooser/revisionChooserComponent.ts","statementMap":{"0":{"start":{"line":13,"column":8},"end":{"line":13,"column":39}},"1":{"start":{"line":14,"column":8},"end":{"line":14,"column":47}},"2":{"start":{"line":15,"column":8},"end":{"line":15,"column":29}},"3":{"start":{"line":16,"column":8},"end":{"line":16,"column":52}},"4":{"start":{"line":17,"column":8},"end":{"line":17,"column":36}},"5":{"start":{"line":25,"column":8},"end":{"line":25,"column":67}},"6":{"start":{"line":26,"column":8},"end":{"line":26,"column":62}},"7":{"start":{"line":32,"column":8},"end":{"line":41,"column":9}},"8":{"start":{"line":34,"column":12},"end":{"line":34,"column":65}},"9":{"start":{"line":35,"column":12},"end":{"line":35,"column":33}},"10":{"start":{"line":39,"column":12},"end":{"line":39,"column":64}},"11":{"start":{"line":40,"column":12},"end":{"line":40,"column":32}},"12":{"start":{"line":48,"column":8},"end":{"line":48,"column":40}},"13":{"start":{"line":51,"column":8},"end":{"line":51,"column":47}},"14":{"start":{"line":54,"column":8},"end":{"line":54,"column":46}},"15":{"start":{"line":57,"column":40},"end":{"line":61,"column":1}}},"fnMap":{"0":{"name":"(anonymous_0)","decl":{"start":{"line":12,"column":4},"end":{"line":12,"column":5}},"loc":{"start":{"line":12,"column":46},"end":{"line":18,"column":5}},"line":12},"1":{"name":"(anonymous_1)","decl":{"start":{"line":24,"column":4},"end":{"line":24,"column":5}},"loc":{"start":{"line":24,"column":16},"end":{"line":27,"column":5}},"line":24},"2":{"name":"(anonymous_2)","decl":{"start":{"line":31,"column":4},"end":{"line":31,"column":5}},"loc":{"start":{"line":31,"column":13},"end":{"line":42,"column":5}},"line":31},"3":{"name":"(anonymous_3)","decl":{"start":{"line":47,"column":4},"end":{"line":47,"column":5}},"loc":{"start":{"line":47,"column":24},"end":{"line":49,"column":5}},"line":47},"4":{"name":"(anonymous_4)","decl":{"start":{"line":50,"column":4},"end":{"line":50,"column":5}},"loc":{"start":{"line":50,"column":27},"end":{"line":52,"column":5}},"line":50},"5":{"name":"(anonymous_5)","decl":{"start":{"line":53,"column":4},"end":{"line":53,"column":5}},"loc":{"start":{"line":53,"column":26},"end":{"line":55,"column":5}},"line":53}},"branchMap":{"0":{"loc":{"start":{"line":32,"column":8},"end":{"line":41,"column":9}},"type":"if","locations":[{"start":{"line":32,"column":8},"end":{"line":41,"column":9}},{"start":{"line":32,"column":8},"end":{"line":41,"column":9}}],"line":32}},"s":{"0":8,"1":8,"2":8,"3":8,"4":8,"5":0,"6":0,"7":2,"8":1,"9":1,"10":1,"11":1,"12":1,"13":1,"14":1,"15":1},"f":{"0":8,"1":0,"2":2,"3":1,"4":1,"5":1},"b":{"0":[1,1]},"inputSourceMap":{"version":3,"file":"revisionChooserComponent.js","sourceRoot":"","sources":["revisionChooserComponent.ts"],"names":[],"mappings":"AAIA,OAAO,CAAC,MAAM,QAAQ,CAAC;AAEvB;;GAEG;AACH,MAAM;IAKF,eAAe;IAEf;;;;OAIG;IACH,YACY,WAAwB,EACxB,eAAgC;QADhC,gBAAW,GAAX,WAAW,CAAa;QACxB,oBAAe,GAAf,eAAe,CAAiB;QAXrC,YAAO,GAAY,KAAK,CAAC;QAa5B,IAAI,CAAC,SAAS,GAAG,WAAW,CAAC,IAAI,CAAC,SAAS,CAAC;QAC5C,WAAW,CAAC,SAAS,CAAC,IAAI,CAAC,CAAC;IAChC,CAAC;IAED;;;;OAIG;IACH,SAAS;QACL,CAAC,CAAC,iBAAiB,CAAC,CAAC,IAAI,CAAC,OAAO,EAAE,IAAI,CAAC,MAAM,CAAC,IAAI,CAAC,IAAI,CAAC,CAAC,CAAC;QAC3D,CAAC,CAAC,YAAY,CAAC,CAAC,IAAI,CAAC,OAAO,EAAE,IAAI,CAAC,MAAM,CAAC,IAAI,CAAC,IAAI,CAAC,CAAC,CAAC;IAC1D,CAAC;IAED;;OAEG;IACH,MAAM;QACF,EAAE,CAAC,CAAC,IAAI,CAAC,OAAO,CAAC,CAAC,CAAC;YACf,2CAA2C;YAC3C,CAAC,CAAC,kBAAkB,CAAC,CAAC,OAAO,CAAC,EAAC,IAAI,EAAE,CAAC,GAAG,GAAG,IAAI,EAAC,CAAC,CAAC;YACnD,IAAI,CAAC,OAAO,GAAG,KAAK,CAAC;QACzB,CAAC;QAAC,IAAI,CAAC,CAAC;YACJ,2CAA2C;YAC3C,CAAC,CAAC,kBAAkB,CAAC,CAAC,OAAO,CAAC,EAAC,IAAI,EAAE,GAAG,GAAC,IAAI,EAAC,CAAC,CAAC;YAChD,IAAI,CAAC,OAAO,GAAG,IAAI,CAAC;QACxB,CAAC;IACL,CAAC;IAED;;;OAGG;IACH,aAAa,CAAC,IAAe;QACzB,IAAI,CAAC,SAAS,GAAG,IAAI,CAAC,SAAS,CAAC;IACpC,CAAC;IAED,iBAAiB,CAAC,GAAW;QACzB,IAAI,CAAC,WAAW,CAAC,gBAAgB,CAAC,GAAG,CAAC,CAAC;IAC3C,CAAC;IAGD,gBAAgB,CAAC,GAAW;QACxB,IAAI,CAAC,WAAW,CAAC,eAAe,CAAC,GAAG,CAAC,CAAC;IAC1C,CAAC;CAEJ;AAED,MAAM,CAAC,MAAM,wBAAwB,GAAG;IACpC,QAAQ,EAAE,0BAA0B;IACpC,QAAQ,EAAE,OAAO,CAAC,wBAAwB,CAAC;IAC3C,UAAU,EAAE,yBAAyB;CACxC,CAAC","sourcesContent":["import {DataServiceSubscriber, DataService, DataModel} from \"../../core/data/data.service\";\nimport {SettingsService} from \"../../core/settings/settings.service\";\nimport {CodeMap} from \"../../core/data/model/CodeMap\";\n\nimport $ from \"jquery\";\n\n/**\n * Controls the RevisionChooser\n */\nexport class RevisionChooserController implements DataServiceSubscriber{\n\n    public revisions: CodeMap[];\n    public visible: boolean = false;\n\n    /* @ngInject */\n\n    /**\n     * @listens {data-changed}\n     * @constructor\n     * @param {DataService} dataService\n     */\n    constructor(\n        private dataService: DataService,\n        private settingsService: SettingsService\n    ) {\n        this.revisions = dataService.data.revisions;\n        dataService.subscribe(this);\n    }\n\n    /**\n     * Links the click Handler\n     * @param {Scope} scope\n     * @param {object} element dom element\n     */\n    $postLink() {\n        $(\"#revisionButton\").bind(\"click\", this.toggle.bind(this));\n        $(\"#mapButton\").bind(\"click\", this.toggle.bind(this));\n    }\n\n    /**\n     * Toggles the visibility\n     */\n    toggle(){\n        if (this.visible) {\n            //noinspection TypeScriptUnresolvedFunction\n            $(\"#revisionChooser\").animate({left: -500 + \"px\"});\n            this.visible = false;\n        } else {\n            //noinspection TypeScriptUnresolvedFunction\n            $(\"#revisionChooser\").animate({left: 2.8+\"em\"});\n            this.visible = true;\n        }\n    }\n\n    /**\n     * called on data change\n     * @param {DataModel} data\n     */\n    onDataChanged(data: DataModel) {\n        this.revisions = data.revisions;\n    }\n\n    loadComparisonMap(key: number) {\n        this.dataService.setComparisonMap(key);\n    }\n\n\n    loadReferenceMap(key: number) {\n        this.dataService.setReferenceMap(key);\n    }\n\n}\n\nexport const revisionChooserComponent = {\n    selector: \"revisionChooserComponent\",\n    template: require(\"./revisionChooser.html\"),\n    controller: RevisionChooserController\n};\n\n\n\n\n"]},"_coverageSchema":"332fd63041d2c1bcb487cc26dd0d5f7d97098a6c","hash":"289194a58f8418866e2c3ae501e4338436877b82"}
,"/home/travis/build/MaibornWolff/codecharta/visualization/app/codeCharta/ui/scenarioButtons/scenarioButtonsComponent.ts": {"path":"/home/travis/build/MaibornWolff/codecharta/visualization/app/codeCharta/ui/scenarioButtons/scenarioButtonsComponent.ts","statementMap":{"0":{"start":{"line":13,"column":8},"end":{"line":13,"column":47}},"1":{"start":{"line":14,"column":8},"end":{"line":14,"column":45}},"2":{"start":{"line":15,"column":8},"end":{"line":15,"column":29}},"3":{"start":{"line":16,"column":8},"end":{"line":16,"column":29}},"4":{"start":{"line":17,"column":8},"end":{"line":17,"column":56}},"5":{"start":{"line":18,"column":8},"end":{"line":18,"column":44}},"6":{"start":{"line":21,"column":8},"end":{"line":21,"column":56}},"7":{"start":{"line":22,"column":8},"end":{"line":22,"column":51}},"8":{"start":{"line":28,"column":8},"end":{"line":37,"column":9}},"9":{"start":{"line":30,"column":12},"end":{"line":30,"column":65}},"10":{"start":{"line":31,"column":12},"end":{"line":31,"column":33}},"11":{"start":{"line":35,"column":12},"end":{"line":35,"column":64}},"12":{"start":{"line":36,"column":12},"end":{"line":36,"column":32}},"13":{"start":{"line":40,"column":8},"end":{"line":40,"column":29}},"14":{"start":{"line":48,"column":8},"end":{"line":48,"column":60}},"15":{"start":{"line":55,"column":8},"end":{"line":55,"column":50}},"16":{"start":{"line":59,"column":40},"end":{"line":63,"column":1}}},"fnMap":{"0":{"name":"(anonymous_0)","decl":{"start":{"line":12,"column":4},"end":{"line":12,"column":5}},"loc":{"start":{"line":12,"column":57},"end":{"line":19,"column":5}},"line":12},"1":{"name":"(anonymous_1)","decl":{"start":{"line":20,"column":4},"end":{"line":20,"column":5}},"loc":{"start":{"line":20,"column":16},"end":{"line":23,"column":5}},"line":20},"2":{"name":"(anonymous_2)","decl":{"start":{"line":27,"column":4},"end":{"line":27,"column":5}},"loc":{"start":{"line":27,"column":13},"end":{"line":38,"column":5}},"line":27},"3":{"name":"(anonymous_3)","decl":{"start":{"line":39,"column":4},"end":{"line":39,"column":5}},"loc":{"start":{"line":39,"column":39},"end":{"line":41,"column":5}},"line":39},"4":{"name":"(anonymous_4)","decl":{"start":{"line":47,"column":4},"end":{"line":47,"column":5}},"loc":{"start":{"line":47,"column":37},"end":{"line":49,"column":5}},"line":47},"5":{"name":"(anonymous_5)","decl":{"start":{"line":54,"column":4},"end":{"line":54,"column":5}},"loc":{"start":{"line":54,"column":19},"end":{"line":56,"column":5}},"line":54}},"branchMap":{"0":{"loc":{"start":{"line":28,"column":8},"end":{"line":37,"column":9}},"type":"if","locations":[{"start":{"line":28,"column":8},"end":{"line":37,"column":9}},{"start":{"line":28,"column":8},"end":{"line":37,"column":9}}],"line":28}},"s":{"0":8,"1":8,"2":8,"3":8,"4":8,"5":8,"6":0,"7":0,"8":2,"9":1,"10":1,"11":1,"12":1,"13":1,"14":2,"15":1,"16":1},"f":{"0":8,"1":0,"2":2,"3":1,"4":2,"5":1},"b":{"0":[1,1]},"inputSourceMap":{"version":3,"file":"scenarioButtonsComponent.js","sourceRoot":"","sources":["scenarioButtonsComponent.ts"],"names":[],"mappings":"AAAA,YAAY,CAAC;AAKb,OAAO,CAAC,MAAM,QAAQ,CAAC;AAEvB,MAAM;IAKF,eAAe;IACf;;;;;;OAMG;IACH,YACY,eAAgC,EAChC,cAA8B,EAC9B,MAAc;QAFd,oBAAe,GAAf,eAAe,CAAiB;QAChC,mBAAc,GAAd,cAAc,CAAgB;QAC9B,WAAM,GAAN,MAAM,CAAQ;QAblB,YAAO,GAAY,KAAK,CAAC;QAe7B,IAAI,CAAC,SAAS,GAAG,eAAe,CAAC,YAAY,EAAE,CAAC;QAChD,IAAI,CAAC,cAAc,CAAC,SAAS,CAAC,IAAI,CAAC,CAAC;IACxC,CAAC;IAED,SAAS;QACL,CAAC,CAAC,iBAAiB,CAAC,CAAC,IAAI,CAAC,OAAO,EAAE,IAAI,CAAC,MAAM,CAAC,CAAC;QAChD,CAAC,CAAC,YAAY,CAAC,CAAC,IAAI,CAAC,OAAO,EAAE,IAAI,CAAC,MAAM,CAAC,CAAC;IAC/C,CAAC;IAED;;OAEG;IACH,MAAM;QACF,EAAE,CAAC,CAAC,IAAI,CAAC,OAAO,CAAC,CAAC,CAAC;YACf,2CAA2C;YAC3C,CAAC,CAAC,kBAAkB,CAAC,CAAC,OAAO,CAAC,EAAC,IAAI,EAAE,CAAC,GAAG,GAAG,IAAI,EAAC,CAAC,CAAC;YACnD,IAAI,CAAC,OAAO,GAAG,KAAK,CAAC;QACzB,CAAC;QAAC,IAAI,CAAC,CAAC;YACJ,2CAA2C;YAC3C,CAAC,CAAC,kBAAkB,CAAC,CAAC,OAAO,CAAC,EAAC,IAAI,EAAE,GAAG,GAAC,IAAI,EAAC,CAAC,CAAC;YAChD,IAAI,CAAC,OAAO,GAAG,IAAI,CAAC;QACxB,CAAC;IACL,CAAC;IAED,iBAAiB,CAAC,QAAkB,EAAE,KAAY;QAC9C,IAAI,CAAC,MAAM,CAAC,MAAM,EAAE,CAAC;IACzB,CAAC;IAED;;;;OAIG;IACH,2BAA2B,CAAC,GAAW;QACnC,MAAM,CAAC,IAAI,CAAC,cAAc,CAAC,mBAAmB,CAAC,GAAG,CAAC,CAAC;IACxD,CAAC;IAED;;;OAGG;IACH,OAAO,CAAC,KAAe;QACnB,IAAI,CAAC,eAAe,CAAC,aAAa,CAAC,KAAK,CAAC,CAAC;IAC9C,CAAC;CACJ;AAAA,CAAC;AAEF,MAAM,CAAC,MAAM,wBAAwB,GAAG;IACpC,QAAQ,EAAE,0BAA0B;IACpC,QAAQ,EAAE,OAAO,CAAC,wBAAwB,CAAC;IAC3C,UAAU,EAAE,yBAAyB;CACxC,CAAC","sourcesContent":["\"use strict\";\n\nimport {IScope} from \"angular\";\nimport {TooltipService, TooltipServiceSubscriber, Tooltips} from \"../../core/tooltip/tooltip.service\";\nimport {ScenarioService, Scenario} from \"../../core/scenario/scenario.service\";\nimport $ from \"jquery\";\n\nexport class ScenarioButtonsController implements TooltipServiceSubscriber{\n\n    private scenarios: Scenario[];\n    private visible: boolean = false;\n\n    /* @ngInject */\n    /**\n     *\n     * @param {Scenario} scenarioService\n     * @param {TooltipService} tooltipService\n     * @param {Scope} $rootScope\n     * @param {Scope} $scope\n     */\n    constructor(\n        private scenarioService: ScenarioService,\n        private tooltipService: TooltipService,\n        private $scope: IScope\n    ) {\n        this.scenarios = scenarioService.getScenarios();\n        this.tooltipService.subscribe(this);\n    }\n\n    $postLink(){\n        $(\"#revisionButton\").bind(\"click\", this.toggle);\n        $(\"#mapButton\").bind(\"click\", this.toggle);\n    }\n\n    /**\n     * Toggles the visibility\n     */\n    toggle(){\n        if (this.visible) {\n            //noinspection TypeScriptUnresolvedFunction\n            $(\"#revisionChooser\").animate({left: -500 + \"px\"});\n            this.visible = false;\n        } else {\n            //noinspection TypeScriptUnresolvedFunction\n            $(\"#revisionChooser\").animate({left: 2.8+\"em\"});\n            this.visible = true;\n        }\n    }\n\n    onTooltipsChanged(tooltips: Tooltips, event: Event) {\n        this.$scope.$apply();\n    }\n\n    /**\n     * returns the tooltip description related to the given key\n     * @param {String} key\n     * @returns {String} tooltip\n     */\n    getScenarioTooltipTextByKey(key: string){\n        return this.tooltipService.getTooltipTextByKey(key);\n    }\n\n    /**\n     * called when a scenario button is clicked, applies the linked scenario\n     * @param {Scenario} value\n     */\n    onclick(value: Scenario){\n        this.scenarioService.applyScenario(value);\n    }\n};\n\nexport const scenarioButtonsComponent = {\n    selector: \"scenarioButtonsComponent\",\n    template: require(\"./scenarioButtons.html\"),\n    controller: ScenarioButtonsController\n};\n\n\n\n"]},"_coverageSchema":"332fd63041d2c1bcb487cc26dd0d5f7d97098a6c","hash":"36ed99283a3e6e2475a8623348a1d7f6ea82c2bf"}
,"/home/travis/build/MaibornWolff/codecharta/visualization/mocks/htmlMock.js": {"path":"/home/travis/build/MaibornWolff/codecharta/visualization/mocks/htmlMock.js","statementMap":{"0":{"start":{"line":1,"column":0},"end":{"line":1,"column":39}}},"fnMap":{},"branchMap":{},"s":{"0":2},"f":{},"b":{},"_coverageSchema":"332fd63041d2c1bcb487cc26dd0d5f7d97098a6c","hash":"6499169abb58b4ba52a6d6cd86b1b2a9abb4203d"}
}
