TN:
SF:/home/travis/build/MaibornWolff/codecharta/visualization/app/codeCharta/codeMap/codeMap.ts
FNF:0
FNH:0
DA:6,1
LF:1
LH:1
BRF:0
BRH:0
end_of_record
TN:
SF:/home/travis/build/MaibornWolff/codecharta/visualization/app/codeCharta/codeMap/codeMapComponent.ts
FN:6,(anonymous_0)
FN:34,(anonymous_1)
FN:38,(anonymous_2)
FN:39,(anonymous_3)
FN:42,(anonymous_4)
FN:49,(anonymous_5)
FN:71,(anonymous_6)
FN:78,(anonymous_7)
FN:95,(anonymous_8)
FN:121,(anonymous_9)
FNF:10
FNH:0
FNDA:0,(anonymous_0)
FNDA:0,(anonymous_1)
FNDA:0,(anonymous_2)
FNDA:0,(anonymous_3)
FNDA:0,(anonymous_4)
FNDA:0,(anonymous_5)
FNDA:0,(anonymous_6)
FNDA:0,(anonymous_7)
FNDA:0,(anonymous_8)
FNDA:0,(anonymous_9)
DA:7,0
DA:8,0
DA:9,0
DA:10,0
DA:11,0
DA:12,0
DA:13,0
DA:14,0
DA:19,0
DA:24,0
DA:29,0
DA:30,0
DA:31,0
DA:32,0
DA:35,0
DA:36,0
DA:39,0
DA:40,0
DA:42,0
DA:43,0
DA:50,0
DA:51,0
DA:52,0
DA:53,0
DA:54,0
DA:55,0
DA:56,0
DA:59,0
DA:61,0
DA:62,0
DA:63,0
DA:72,0
DA:73,0
DA:79,0
DA:80,0
DA:81,0
DA:82,0
DA:84,0
DA:85,0
DA:86,0
DA:102,0
DA:103,0
DA:104,0
DA:107,0
DA:108,0
DA:109,0
DA:112,0
DA:122,0
DA:123,0
DA:124,0
DA:127,0
DA:132,1
LF:52
LH:1
BRDA:51,0,0,0
BRDA:51,0,1,0
BRDA:55,1,0,0
BRDA:55,1,1,0
BRDA:61,2,0,0
BRDA:61,2,1,0
BRDA:80,3,0,0
BRDA:80,3,1,0
BRDA:84,4,0,0
BRDA:84,4,1,0
BRDA:84,5,0,0
BRDA:84,5,1,0
BRDA:102,6,0,0
BRDA:102,6,1,0
BRDA:102,7,0,0
BRDA:102,7,1,0
BRDA:103,8,0,0
BRDA:103,8,1,0
BRDA:103,9,0,0
BRDA:103,9,1,0
BRDA:108,10,0,0
BRDA:108,10,1,0
BRDA:123,11,0,0
BRDA:123,11,1,0
BRF:24
BRH:0
end_of_record
TN:
SF:/home/travis/build/MaibornWolff/codecharta/visualization/app/codeCharta/codeMap/codeMapService.ts
FN:10,(anonymous_0)
FN:18,(anonymous_1)
FN:26,(anonymous_2)
FN:34,(anonymous_3)
FN:36,(anonymous_4)
FN:62,(anonymous_5)
FNF:6
FNH:1
FNDA:4,(anonymous_0)
FNDA:0,(anonymous_1)
FNDA:0,(anonymous_2)
FNDA:0,(anonymous_3)
FNDA:0,(anonymous_4)
FNDA:0,(anonymous_5)
DA:4,1
DA:11,4
DA:12,4
DA:13,4
DA:14,4
DA:15,4
DA:16,4
DA:19,0
DA:27,0
DA:28,0
DA:30,0
DA:31,0
DA:35,0
DA:36,0
DA:37,0
DA:45,0
DA:46,0
DA:47,0
DA:48,0
DA:49,0
DA:50,0
DA:53,0
DA:54,0
DA:63,0
DA:64,0
DA:65,0
DA:66,0
DA:67,0
DA:68,0
DA:69,0
DA:70,0
DA:71,0
DA:72,0
DA:75,1
LF:34
LH:8
BRDA:27,0,0,0
BRDA:27,0,1,0
BRDA:27,1,0,0
BRDA:27,1,1,0
BRDA:27,1,2,0
BRDA:27,1,3,0
BRDA:27,1,4,0
BRDA:27,1,5,0
BRDA:27,1,6,0
BRDA:30,2,0,0
BRDA:30,2,1,0
BRDA:30,3,0,0
BRDA:30,3,1,0
BRDA:30,3,2,0
BRDA:30,3,3,0
BRDA:47,4,0,0
BRDA:47,4,1,0
BRDA:48,5,0,0
BRDA:48,5,1,0
BRDA:69,6,0,0
BRDA:69,6,1,0
BRDA:71,7,0,0
BRDA:71,7,1,0
BRF:23
BRH:0
end_of_record
TN:
SF:/home/travis/build/MaibornWolff/codecharta/visualization/app/codeCharta/codeMap/rendering/boxGeometryGenerationHelper.ts
FN:3,(anonymous_0)
FN:13,(anonymous_1)
FN:31,(anonymous_2)
FN:61,(anonymous_3)
FN:72,(anonymous_4)
FN:95,(anonymous_5)
FNF:6
FNH:2
FNDA:1,(anonymous_0)
FNDA:1,(anonymous_1)
FNDA:0,(anonymous_2)
FNDA:0,(anonymous_3)
FNDA:0,(anonymous_4)
FNDA:0,(anonymous_5)
DA:3,1
DA:4,1
DA:5,1
DA:6,1
DA:7,1
DA:8,1
DA:9,1
DA:13,1
DA:14,1
DA:15,1
DA:16,1
DA:17,1
DA:20,1
DA:28,1
DA:29,1
DA:33,0
DA:34,0
DA:35,0
DA:36,0
DA:37,0
DA:38,0
DA:39,0
DA:40,0
DA:42,0
DA:43,0
DA:44,0
DA:45,0
DA:46,0
DA:47,0
DA:48,0
DA:49,0
DA:51,0
DA:52,0
DA:53,0
DA:54,0
DA:55,0
DA:56,0
DA:57,0
DA:58,0
DA:59,0
DA:62,0
DA:63,0
DA:64,0
DA:65,0
DA:66,0
DA:67,0
DA:68,0
DA:69,0
DA:73,0
DA:74,0
DA:75,0
DA:76,0
DA:77,0
DA:78,0
DA:79,0
DA:80,0
DA:81,0
DA:82,0
DA:83,0
DA:84,0
DA:85,0
DA:86,0
DA:87,0
DA:90,0
DA:91,0
DA:96,0
DA:97,0
DA:98,0
DA:99,0
DA:100,0
DA:101,0
LF:71
LH:15
BRDA:10,0,0,1
BRDA:10,0,1,1
BRDA:18,1,0,1
BRDA:18,1,1,1
BRDA:67,2,0,0
BRDA:67,2,1,0
BRDA:69,3,0,0
BRDA:69,3,1,0
BRDA:85,4,0,0
BRDA:85,4,1,0
BRF:10
BRH:4
end_of_record
TN:
SF:/home/travis/build/MaibornWolff/codecharta/visualization/app/codeCharta/codeMap/rendering/codeMapBuilding.ts
FN:3,(anonymous_0)
FNF:1
FNH:0
FNDA:0,(anonymous_0)
DA:4,0
DA:5,0
DA:6,0
DA:7,0
LF:4
LH:0
BRDA:6,0,0,0
BRDA:6,0,1,0
BRF:2
BRH:0
end_of_record
TN:
SF:/home/travis/build/MaibornWolff/codecharta/visualization/app/codeCharta/codeMap/rendering/codeMapGeometricDescription.ts
FN:3,(anonymous_0)
FN:8,(anonymous_1)
FN:11,(anonymous_2)
FN:14,(anonymous_3)
FNF:4
FNH:0
FNDA:0,(anonymous_0)
FNDA:0,(anonymous_1)
FNDA:0,(anonymous_2)
FNDA:0,(anonymous_3)
DA:4,0
DA:5,0
DA:6,0
DA:9,0
DA:12,0
DA:15,0
DA:16,0
DA:17,0
DA:18,0
DA:19,0
DA:20,0
DA:21,0
DA:22,0
DA:23,0
DA:24,0
DA:25,0
DA:26,0
DA:27,0
DA:28,0
DA:29,0
DA:30,0
DA:31,0
DA:32,0
DA:36,0
DA:37,0
DA:43,0
LF:26
LH:0
BRDA:28,0,0,0
BRDA:28,0,1,0
BRDA:30,1,0,0
BRDA:30,1,1,0
BRDA:36,2,0,0
BRDA:36,2,1,0
BRF:6
BRH:0
end_of_record
TN:
SF:/home/travis/build/MaibornWolff/codecharta/visualization/app/codeCharta/codeMap/rendering/codeMapMesh.ts
FN:7,(anonymous_0)
FN:27,(anonymous_1)
FN:44,(anonymous_2)
FN:48,(anonymous_3)
FN:52,(anonymous_4)
FN:55,(anonymous_5)
FN:57,(anonymous_6)
FN:64,(anonymous_7)
FN:66,(anonymous_8)
FN:73,(anonymous_9)
FN:76,(anonymous_10)
FN:79,(anonymous_11)
FN:84,(anonymous_12)
FN:89,(anonymous_13)
FN:92,(anonymous_14)
FN:98,(anonymous_15)
FN:102,(anonymous_16)
FNF:17
FNH:0
FNDA:0,(anonymous_0)
FNDA:0,(anonymous_1)
FNDA:0,(anonymous_2)
FNDA:0,(anonymous_3)
FNDA:0,(anonymous_4)
FNDA:0,(anonymous_5)
FNDA:0,(anonymous_6)
FNDA:0,(anonymous_7)
FNDA:0,(anonymous_8)
FNDA:0,(anonymous_9)
FNDA:0,(anonymous_10)
FNDA:0,(anonymous_11)
FNDA:0,(anonymous_12)
FNDA:0,(anonymous_13)
FNDA:0,(anonymous_14)
FNDA:0,(anonymous_15)
FNDA:0,(anonymous_16)
DA:8,0
DA:19,0
DA:20,0
DA:21,0
DA:22,0
DA:23,0
DA:24,0
DA:25,0
DA:29,0
DA:30,0
DA:33,0
DA:35,0
DA:36,0
DA:37,0
DA:45,0
DA:46,0
DA:49,0
DA:50,0
DA:53,0
DA:57,0
DA:59,0
DA:60,0
DA:61,0
DA:62,0
DA:66,0
DA:68,0
DA:69,0
DA:70,0
DA:71,0
DA:74,0
DA:77,0
DA:81,0
DA:82,0
DA:86,0
DA:87,0
DA:90,0
DA:93,0
DA:94,0
DA:95,0
DA:96,0
DA:99,0
DA:100,0
DA:103,0
LF:43
LH:0
BRDA:29,0,0,0
BRDA:29,0,1,0
BRDA:60,1,0,0
BRDA:60,1,1,0
BRDA:69,2,0,0
BRDA:69,2,1,0
BRF:6
BRH:0
end_of_record
TN:
SF:/home/travis/build/MaibornWolff/codecharta/visualization/app/codeCharta/codeMap/rendering/codeMapShaderStrings.ts
FN:2,(anonymous_0)
FNF:1
FNH:0
FNDA:0,(anonymous_0)
DA:3,0
DA:4,0
LF:2
LH:0
BRF:0
BRH:0
end_of_record
TN:
SF:/home/travis/build/MaibornWolff/codecharta/visualization/app/codeCharta/codeMap/rendering/geometryGenerator.ts
FN:9,(anonymous_0)
FN:11,(anonymous_1)
FN:28,(anonymous_2)
FN:38,(anonymous_3)
FN:45,(anonymous_4)
FN:51,(anonymous_5)
FN:59,(anonymous_6)
FN:72,(anonymous_7)
FN:93,(anonymous_8)
FNF:9
FNH:0
FNDA:0,(anonymous_0)
FNDA:0,(anonymous_1)
FNDA:0,(anonymous_2)
FNDA:0,(anonymous_3)
FNDA:0,(anonymous_4)
FNDA:0,(anonymous_5)
FNDA:0,(anonymous_6)
FNDA:0,(anonymous_7)
FNDA:0,(anonymous_8)
DA:12,0
DA:13,0
DA:14,0
DA:15,0
DA:16,0
DA:17,0
DA:20,0
DA:23,0
DA:29,0
DA:39,0
DA:40,0
DA:43,0
DA:46,0
DA:47,0
DA:48,0
DA:49,0
DA:52,0
DA:53,0
DA:56,0
DA:60,0
DA:61,0
DA:62,0
DA:63,0
DA:64,0
DA:65,0
DA:66,0
DA:69,0
DA:70,0
DA:73,0
DA:74,0
DA:75,0
DA:76,0
DA:77,0
DA:78,0
DA:80,0
DA:81,0
DA:84,0
DA:88,0
DA:91,0
DA:94,0
DA:95,0
DA:96,0
DA:97,0
DA:98,0
DA:99,0
DA:100,0
DA:101,0
DA:102,0
DA:103,0
DA:104,0
DA:105,0
DA:106,0
DA:107,0
DA:108,0
DA:109,0
DA:110,0
DA:111,0
DA:112,0
DA:113,0
DA:114,0
DA:115,0
DA:116,0
DA:117,0
DA:119,0
DA:120,0
DA:121,0
DA:123,0
DA:124,0
DA:125,0
DA:126,0
DA:127,0
DA:128,0
DA:129,0
DA:130,0
DA:131,0
DA:134,1
LF:76
LH:1
BRDA:16,0,0,0
BRDA:16,0,1,0
BRDA:39,1,0,0
BRDA:39,1,1,0
BRDA:46,2,0,0
BRDA:46,2,1,0
BRDA:52,3,0,0
BRDA:52,3,1,0
BRDA:52,4,0,0
BRDA:52,4,1,0
BRDA:63,5,0,0
BRDA:63,5,1,0
BRDA:63,6,0,0
BRDA:63,6,1,0
BRDA:63,6,2,0
BRDA:65,7,0,0
BRDA:65,7,1,0
BRDA:74,8,0,0
BRDA:74,8,1,0
BRDA:75,9,0,0
BRDA:75,9,1,0
BRDA:77,10,0,0
BRDA:77,10,1,0
BRDA:78,11,0,0
BRDA:78,11,1,0
BRDA:80,12,0,0
BRDA:80,12,1,0
BRDA:81,13,0,0
BRDA:81,13,1,0
BRF:29
BRH:0
end_of_record
TN:
SF:/home/travis/build/MaibornWolff/codecharta/visualization/app/codeCharta/codeMap/rendering/intermediateVertexData.ts
FN:2,(anonymous_0)
FN:11,(anonymous_1)
FN:20,(anonymous_2)
FNF:3
FNH:0
FNDA:0,(anonymous_0)
FNDA:0,(anonymous_1)
FNDA:0,(anonymous_2)
DA:3,0
DA:4,0
DA:5,0
DA:6,0
DA:7,0
DA:8,0
DA:9,0
DA:12,0
DA:13,0
DA:14,0
DA:15,0
DA:16,0
DA:17,0
DA:18,0
DA:21,0
LF:15
LH:0
BRF:0
BRH:0
end_of_record
TN:
SF:/home/travis/build/MaibornWolff/codecharta/visualization/app/codeCharta/codeMap/rendering/labelManager.ts
FN:3,(anonymous_0)
FN:7,(anonymous_1)
FN:28,(anonymous_2)
FN:49,(anonymous_3)
FNF:4
FNH:4
FNDA:10,(anonymous_0)
FNDA:5,(anonymous_1)
FNDA:1,(anonymous_2)
FNDA:4,(anonymous_3)
DA:4,10
DA:5,10
DA:8,5
DA:9,4
DA:10,4
DA:11,4
DA:12,4
DA:13,4
DA:14,4
DA:15,4
DA:16,4
DA:17,4
DA:20,4
DA:21,4
DA:22,4
DA:23,4
DA:24,4
DA:25,4
DA:29,1
DA:30,2
DA:31,2
DA:32,2
DA:35,2
DA:36,2
DA:37,2
DA:38,2
DA:39,2
DA:40,2
DA:50,4
DA:51,4
DA:52,4
DA:53,4
DA:55,4
DA:56,4
DA:57,4
DA:58,4
DA:60,4
DA:61,4
DA:62,4
DA:63,4
DA:65,4
DA:66,4
DA:67,4
DA:68,4
DA:69,4
DA:70,4
DA:71,4
DA:72,4
DA:73,4
DA:74,4
DA:75,4
DA:76,4
LF:52
LH:52
BRDA:8,0,0,4
BRDA:8,0,1,1
BRDA:8,1,0,5
BRDA:8,1,1,5
BRF:4
BRH:4
end_of_record
TN:
SF:/home/travis/build/MaibornWolff/codecharta/visualization/app/codeCharta/codeMap/rendering/renderSettings.ts
FN:2,(anonymous_0)
FNF:1
FNH:1
FNDA:1,(anonymous_0)
DA:2,1
DA:3,1
DA:4,1
DA:5,1
DA:6,1
DA:7,1
DA:8,1
DA:9,1
DA:10,1
DA:11,1
DA:12,1
LF:11
LH:11
BRDA:13,0,0,1
BRDA:13,0,1,1
BRF:2
BRH:2
end_of_record
TN:
SF:/home/travis/build/MaibornWolff/codecharta/visualization/app/codeCharta/codeMap/rendering/renderingUtil.ts
FN:3,(anonymous_0)
FNF:1
FNH:1
FNDA:3,(anonymous_0)
DA:4,3
LF:1
LH:1
BRF:0
BRH:0
end_of_record
TN:
SF:/home/travis/build/MaibornWolff/codecharta/visualization/app/codeCharta/codeMap/threeViewer/threeCameraService.ts
FN:10,(anonymous_0)
FN:12,(anonymous_1)
FN:23,(anonymous_2)
FN:29,(anonymous_3)
FNF:4
FNH:3
FNDA:9,(anonymous_0)
FNDA:0,(anonymous_1)
FNDA:1,(anonymous_2)
FNDA:1,(anonymous_3)
DA:13,0
DA:24,1
DA:25,1
DA:26,1
DA:27,1
DA:30,1
DA:33,7
DA:34,7
DA:35,7
DA:36,7
LF:10
LH:9
BRF:0
BRH:0
end_of_record
TN:
SF:/home/travis/build/MaibornWolff/codecharta/visualization/app/codeCharta/codeMap/threeViewer/threeOrbitControlsService.ts
FN:7,(anonymous_0)
FN:11,(anonymous_1)
FN:12,(anonymous_2)
FN:20,(anonymous_3)
FN:24,(anonymous_4)
FN:32,(anonymous_5)
FNF:6
FNH:2
FNDA:8,(anonymous_0)
FNDA:7,(anonymous_1)
FNDA:0,(anonymous_2)
FNDA:0,(anonymous_3)
FNDA:0,(anonymous_4)
FNDA:0,(anonymous_5)
DA:8,8
DA:9,8
DA:12,7
DA:13,0
DA:21,0
DA:22,0
DA:23,0
DA:24,0
DA:25,0
DA:33,0
DA:36,7
DA:37,7
LF:12
LH:5
BRF:0
BRH:0
end_of_record
TN:
SF:/home/travis/build/MaibornWolff/codecharta/visualization/app/codeCharta/codeMap/threeViewer/threeRendererService.ts
FN:7,(anonymous_0)
FN:11,(anonymous_1)
FNF:2
FNH:0
FNDA:0,(anonymous_0)
FNDA:0,(anonymous_1)
DA:12,0
DA:13,0
DA:14,0
DA:17,7
DA:18,7
DA:19,7
DA:20,7
LF:7
LH:4
BRF:0
BRH:0
end_of_record
TN:
SF:/home/travis/build/MaibornWolff/codecharta/visualization/app/codeCharta/codeMap/threeViewer/threeSceneService.ts
FN:7,(anonymous_0)
FN:18,(anonymous_1)
FN:42,(anonymous_2)
FN:52,(anonymous_3)
FN:56,(anonymous_4)
FNF:5
FNH:2
FNDA:5,(anonymous_0)
FNDA:5,(anonymous_1)
FNDA:0,(anonymous_2)
FNDA:0,(anonymous_3)
FNDA:0,(anonymous_4)
DA:8,5
DA:9,5
DA:10,5
DA:11,5
DA:12,5
DA:13,5
DA:14,5
DA:15,5
DA:16,5
DA:19,5
DA:20,5
DA:21,5
DA:22,5
DA:23,5
DA:24,5
DA:25,5
DA:26,5
DA:27,5
DA:28,5
DA:29,5
DA:30,5
DA:31,5
DA:32,5
DA:33,5
DA:34,5
DA:35,5
DA:36,5
DA:37,5
DA:38,5
DA:39,5
DA:40,5
DA:43,0
DA:44,0
DA:45,0
DA:47,0
DA:48,0
DA:49,0
DA:50,0
DA:53,0
DA:54,0
DA:57,0
DA:60,7
LF:42
LH:32
BRF:0
BRH:0
end_of_record
TN:
SF:/home/travis/build/MaibornWolff/codecharta/visualization/app/codeCharta/codeMap/threeViewer/threeUpdateCycleService.ts
FN:5,(anonymous_0)
FN:8,(anonymous_1)
FN:14,(anonymous_2)
FN:15,(anonymous_3)
FNF:4
FNH:3
FNDA:2,(anonymous_0)
FNDA:0,(anonymous_1)
FNDA:1,(anonymous_2)
FNDA:2,(anonymous_3)
DA:6,2
DA:9,0
DA:15,1
DA:16,2
DA:20,7
LF:5
LH:4
BRF:0
BRH:0
end_of_record
TN:
SF:/home/travis/build/MaibornWolff/codecharta/visualization/app/codeCharta/codeMap/threeViewer/threeViewer.ts
FNF:0
FNH:0
DA:9,7
LF:1
LH:1
BRF:0
BRH:0
end_of_record
TN:
SF:/home/travis/build/MaibornWolff/codecharta/visualization/app/codeCharta/codeMap/threeViewer/threeViewerService.ts
FN:7,(anonymous_0)
FN:19,(anonymous_1)
FN:35,(anonymous_2)
FN:44,(anonymous_3)
FNF:4
FNH:0
FNDA:0,(anonymous_0)
FNDA:0,(anonymous_1)
FNDA:0,(anonymous_2)
FNDA:0,(anonymous_3)
DA:8,0
DA:9,0
DA:10,0
DA:11,0
DA:12,0
DA:13,0
DA:20,0
DA:21,0
DA:22,0
DA:24,0
DA:26,0
DA:28,0
DA:30,0
DA:36,0
DA:37,0
DA:38,0
DA:39,0
DA:45,0
DA:46,0
DA:47,0
DA:48,0
DA:51,7
LF:22
LH:1
BRF:0
BRH:0
end_of_record
TN:
SF:/home/travis/build/MaibornWolff/codecharta/visualization/app/codeCharta/core/core.module.ts
FNF:0
FNH:0
DA:10,1
LF:1
LH:1
BRF:0
BRH:0
end_of_record
TN:
SF:/home/travis/build/MaibornWolff/codecharta/visualization/app/codeCharta/core/data/data.decorator.service.ts
FN:8,(anonymous_0)
FN:14,(anonymous_1)
FN:23,(anonymous_2)
FN:26,(anonymous_3)
FNF:4
FNH:4
FNDA:31,(anonymous_0)
FNDA:14,(anonymous_1)
FNDA:13,(anonymous_2)
FNDA:68,(anonymous_3)
DA:15,14
DA:16,7
DA:17,7
DA:18,7
DA:19,21
DA:24,13
DA:25,13
DA:26,13
DA:27,68
LF:9
LH:9
BRDA:15,0,0,7
BRDA:15,0,1,7
BRDA:15,1,0,14
BRDA:15,1,1,7
BRDA:24,2,0,13
BRDA:24,2,1,0
BRDA:24,3,0,13
BRDA:24,3,1,13
BRF:8
BRH:7
end_of_record
TN:
SF:/home/travis/build/MaibornWolff/codecharta/visualization/app/codeCharta/core/data/data.deltaCalculator.service.ts
FN:9,(anonymous_0)
FN:11,(anonymous_1)
FN:40,(anonymous_2)
FN:54,(anonymous_3)
FN:58,(anonymous_4)
FN:60,(anonymous_5)
FN:69,(anonymous_6)
FN:72,(anonymous_7)
FN:81,(anonymous_8)
FN:82,(anonymous_9)
FN:95,(anonymous_10)
FN:97,(anonymous_11)
FN:104,(anonymous_12)
FN:114,(anonymous_13)
FN:123,(anonymous_14)
FNF:15
FNH:15
FNDA:34,(anonymous_0)
FNDA:8,(anonymous_1)
FNDA:3,(anonymous_2)
FNDA:1,(anonymous_3)
FNDA:5,(anonymous_4)
FNDA:4,(anonymous_5)
FNDA:4,(anonymous_6)
FNDA:9,(anonymous_7)
FNDA:18,(anonymous_8)
FNDA:40,(anonymous_9)
FNDA:9,(anonymous_10)
FNDA:20,(anonymous_11)
FNDA:1,(anonymous_12)
FNDA:1,(anonymous_13)
FNDA:10,(anonymous_14)
DA:12,8
DA:13,1
DA:14,1
DA:15,1
DA:16,1
DA:17,1
DA:18,3
DA:19,12
DA:20,12
DA:21,12
DA:23,3
DA:24,3
DA:25,3
DA:26,3
DA:41,3
DA:42,1
DA:43,1
DA:44,1
DA:45,1
DA:46,1
DA:47,1
DA:48,1
DA:51,2
DA:55,1
DA:56,1
DA:57,1
DA:58,1
DA:59,5
DA:60,4
DA:63,1
DA:66,0
DA:71,4
DA:72,4
DA:73,9
DA:75,9
DA:76,1
DA:77,1
DA:81,8
DA:82,18
DA:84,40
DA:85,22
DA:86,2
DA:96,9
DA:97,9
DA:98,20
DA:99,8
DA:102,9
DA:106,1
DA:108,1
DA:109,3
DA:110,3
DA:114,1
DA:115,1
DA:116,3
DA:117,3
DA:121,1
DA:124,10
DA:125,10
DA:126,29
DA:127,29
DA:128,29
DA:129,29
DA:130,29
DA:133,10
LF:64
LH:63
BRDA:12,0,0,1
BRDA:12,0,1,7
BRDA:12,1,0,8
BRDA:12,1,1,1
BRDA:12,1,2,1
BRDA:12,1,3,1
BRDA:21,2,0,3
BRDA:21,2,1,9
BRDA:41,3,0,1
BRDA:41,3,1,2
BRDA:41,4,0,3
BRDA:41,4,1,2
BRDA:41,4,2,2
BRDA:41,4,3,1
BRDA:55,5,0,1
BRDA:55,5,1,0
BRDA:55,6,0,1
BRDA:55,6,1,1
BRDA:59,7,0,2
BRDA:59,7,1,3
BRDA:71,8,0,4
BRDA:71,8,1,0
BRDA:71,9,0,4
BRDA:71,9,1,4
BRDA:71,9,2,4
BRDA:71,9,3,4
BRDA:71,9,4,4
BRDA:75,10,0,1
BRDA:75,10,1,8
BRDA:84,11,0,22
BRDA:84,11,1,18
BRDA:85,12,0,2
BRDA:85,12,1,20
BRDA:85,13,0,22
BRDA:85,13,1,8
BRDA:85,13,2,2
BRDA:85,13,3,2
BRDA:85,13,4,2
BRDA:98,14,0,8
BRDA:98,14,1,12
BRDA:109,15,0,3
BRDA:109,15,1,0
BRDA:116,16,0,3
BRDA:116,16,1,0
BRDA:126,17,0,29
BRDA:126,17,1,0
BRDA:127,18,0,24
BRDA:127,18,1,5
BRF:48
BRH:43
end_of_record
TN:
SF:/home/travis/build/MaibornWolff/codecharta/visualization/app/codeCharta/core/data/data.loading.service.ts
FN:7,(anonymous_0)
FN:18,(anonymous_1)
FN:22,(anonymous_2)
FN:23,(anonymous_3)
FN:27,(anonymous_4)
FNF:5
FNH:5
FNDA:2,(anonymous_0)
FNDA:2,(anonymous_1)
FNDA:2,(anonymous_2)
FNDA:1,(anonymous_3)
FNDA:1,(anonymous_4)
DA:8,2
DA:9,2
DA:19,2
DA:20,2
DA:22,2
DA:23,2
DA:24,1
DA:25,1
DA:26,1
DA:28,1
LF:10
LH:10
BRDA:19,0,0,2
BRDA:19,0,1,0
BRF:2
BRH:1
end_of_record
TN:
SF:/home/travis/build/MaibornWolff/codecharta/visualization/app/codeCharta/core/data/data.mocks.ts
FNF:0
FNH:0
DA:1,4
DA:26,4
DA:30,4
DA:35,4
DA:64,4
LF:5
LH:5
BRF:0
BRH:0
end_of_record
TN:
SF:/home/travis/build/MaibornWolff/codecharta/visualization/app/codeCharta/core/data/data.module.ts
FNF:0
FNH:0
DA:8,12
DA:9,12
DA:10,12
DA:11,12
DA:12,12
DA:13,12
LF:6
LH:6
BRF:0
BRH:0
end_of_record
TN:
SF:/home/travis/build/MaibornWolff/codecharta/visualization/app/codeCharta/core/data/data.service.ts
FN:8,(anonymous_0)
FN:21,(anonymous_1)
FN:24,(anonymous_2)
FN:25,(anonymous_3)
FN:29,(anonymous_4)
FN:37,(anonymous_5)
FN:42,(anonymous_6)
FN:45,(anonymous_7)
FN:52,(anonymous_8)
FN:56,(anonymous_9)
FN:59,(anonymous_10)
FN:60,(anonymous_11)
FN:70,(anonymous_12)
FN:81,(anonymous_13)
FN:99,(anonymous_14)
FN:114,(anonymous_15)
FN:121,(anonymous_16)
FN:128,(anonymous_17)
FNF:18
FNH:12
FNDA:28,(anonymous_0)
FNDA:23,(anonymous_1)
FNDA:7,(anonymous_2)
FNDA:0,(anonymous_3)
FNDA:8,(anonymous_4)
FNDA:7,(anonymous_5)
FNDA:0,(anonymous_6)
FNDA:0,(anonymous_7)
FNDA:7,(anonymous_8)
FNDA:21,(anonymous_9)
FNDA:14,(anonymous_10)
FNDA:56,(anonymous_11)
FNDA:1,(anonymous_12)
FNDA:1,(anonymous_13)
FNDA:8,(anonymous_14)
FNDA:0,(anonymous_15)
FNDA:0,(anonymous_16)
FNDA:0,(anonymous_17)
DA:9,28
DA:10,28
DA:11,28
DA:12,28
DA:13,28
DA:14,28
DA:15,28
DA:22,23
DA:25,7
DA:26,0
DA:30,8
DA:38,7
DA:39,7
DA:40,7
DA:43,0
DA:46,0
DA:53,7
DA:54,7
DA:55,7
DA:56,7
DA:57,21
DA:59,7
DA:60,14
DA:61,56
DA:64,7
DA:71,1
DA:72,1
DA:73,1
DA:74,1
DA:75,1
DA:82,1
DA:83,0
DA:84,0
DA:85,0
DA:87,0
DA:88,0
DA:89,0
DA:90,0
DA:91,0
DA:92,0
DA:100,8
DA:101,7
DA:102,7
DA:103,7
DA:104,0
DA:106,7
DA:107,7
DA:108,7
DA:109,7
DA:110,7
DA:115,0
DA:116,0
DA:117,0
DA:118,0
DA:122,0
DA:123,0
DA:124,0
DA:125,0
DA:129,0
DA:130,0
DA:131,0
DA:133,0
DA:135,0
DA:136,0
LF:64
LH:37
BRDA:53,0,0,7
BRDA:53,0,1,0
BRDA:57,1,0,21
BRDA:57,1,1,0
BRDA:82,2,0,0
BRDA:82,2,1,1
BRDA:84,3,0,0
BRDA:84,3,1,0
BRDA:100,4,0,7
BRDA:100,4,1,1
BRDA:103,5,0,0
BRDA:103,5,1,7
BRDA:115,6,0,0
BRDA:115,6,1,0
BRDA:122,7,0,0
BRDA:122,7,1,0
BRF:16
BRH:6
end_of_record
TN:
SF:/home/travis/build/MaibornWolff/codecharta/visualization/app/codeCharta/core/data/data.validator.service.ts
FN:10,(anonymous_0)
FN:17,(anonymous_1)
FN:43,(anonymous_2)
FN:44,(anonymous_3)
FNF:4
FNH:4
FNDA:8,(anonymous_0)
FNDA:20,(anonymous_1)
FNDA:8,(anonymous_2)
FNDA:8,(anonymous_3)
DA:18,20
DA:19,7
DA:20,7
DA:21,14
DA:23,7
DA:24,1
DA:27,6
DA:28,6
DA:29,12
DA:31,6
DA:35,12
DA:44,8
DA:45,8
DA:46,8
DA:47,8
DA:49,8
DA:50,1
DA:55,7
DA:56,3
DA:59,4
LF:20
LH:20
BRDA:18,0,0,7
BRDA:18,0,1,12
BRDA:18,1,0,20
BRDA:18,1,1,7
BRDA:23,2,0,1
BRDA:23,2,1,6
BRDA:29,3,0,12
BRDA:29,3,1,12
BRDA:49,4,0,1
BRDA:49,4,1,6
BRDA:55,5,0,3
BRDA:55,5,1,4
BRF:12
BRH:12
end_of_record
TN:
SF:/home/travis/build/MaibornWolff/codecharta/visualization/app/codeCharta/core/scenario/scenario.data.ts
FN:2,createDefaultScenario
FNF:1
FNH:1
FNDA:3,createDefaultScenario
DA:3,3
LF:1
LH:1
BRF:0
BRH:0
end_of_record
TN:
SF:/home/travis/build/MaibornWolff/codecharta/visualization/app/codeCharta/core/scenario/scenario.module.ts
FNF:0
FNH:0
DA:6,2
DA:7,2
LF:2
LH:2
BRF:0
BRH:0
end_of_record
TN:
SF:/home/travis/build/MaibornWolff/codecharta/visualization/app/codeCharta/core/scenario/scenario.service.ts
FN:8,(anonymous_0)
FN:15,(anonymous_1)
FN:22,(anonymous_2)
FN:29,(anonymous_3)
FNF:4
FNH:3
FNDA:2,(anonymous_0)
FNDA:1,(anonymous_1)
FNDA:0,(anonymous_2)
FNDA:1,(anonymous_3)
DA:9,2
DA:16,1
DA:23,0
DA:30,1
LF:4
LH:3
BRF:0
BRH:0
end_of_record
TN:
SF:/home/travis/build/MaibornWolff/codecharta/visualization/app/codeCharta/core/settings/settings.module.ts
FNF:0
FNH:0
DA:7,7
LF:1
LH:1
BRF:0
BRH:0
end_of_record
TN:
SF:/home/travis/build/MaibornWolff/codecharta/visualization/app/codeCharta/core/settings/settings.service.ts
FN:4,(anonymous_0)
FN:17,(anonymous_1)
FN:18,(anonymous_2)
FN:22,(anonymous_3)
FN:50,(anonymous_4)
FN:53,(anonymous_5)
FN:62,(anonymous_6)
FN:78,(anonymous_7)
FN:94,(anonymous_8)
FN:110,(anonymous_9)
FN:112,(anonymous_10)
FN:150,(anonymous_11)
FN:152,(anonymous_12)
FN:177,(anonymous_13)
FN:200,(anonymous_14)
FN:209,(anonymous_15)
FN:216,(anonymous_16)
FN:230,(anonymous_17)
FN:232,(anonymous_18)
FNF:19
FNH:7
FNDA:7,(anonymous_0)
FNDA:5,(anonymous_1)
FNDA:0,(anonymous_2)
FNDA:7,(anonymous_3)
FNDA:0,(anonymous_4)
FNDA:0,(anonymous_5)
FNDA:0,(anonymous_6)
FNDA:0,(anonymous_7)
FNDA:1,(anonymous_8)
FNDA:0,(anonymous_9)
FNDA:0,(anonymous_10)
FNDA:0,(anonymous_11)
FNDA:0,(anonymous_12)
FNDA:1,(anonymous_13)
FNDA:8,(anonymous_14)
FNDA:21,(anonymous_15)
FNDA:0,(anonymous_16)
FNDA:0,(anonymous_17)
FNDA:0,(anonymous_18)
DA:5,7
DA:6,7
DA:7,7
DA:8,7
DA:9,7
DA:10,7
DA:11,7
DA:12,7
DA:13,7
DA:14,7
DA:15,7
DA:18,5
DA:19,0
DA:23,7
DA:28,7
DA:31,7
DA:34,7
DA:35,7
DA:51,0
DA:54,0
DA:63,0
DA:64,0
DA:66,0
DA:68,0
DA:70,0
DA:72,0
DA:74,0
DA:76,0
DA:79,0
DA:82,0
DA:83,0
DA:84,0
DA:95,1
DA:96,0
DA:97,0
DA:99,1
DA:100,0
DA:101,0
DA:103,1
DA:111,0
DA:112,0
DA:113,0
DA:114,0
DA:115,0
DA:119,0
DA:121,0
DA:122,0
DA:123,0
DA:124,0
DA:126,0
DA:127,0
DA:129,0
DA:130,0
DA:131,0
DA:132,0
DA:134,0
DA:137,0
DA:144,0
DA:145,0
DA:151,0
DA:152,0
DA:153,0
DA:154,0
DA:155,0
DA:159,0
DA:161,0
DA:165,0
DA:170,0
DA:171,0
DA:178,1
DA:179,1
DA:180,1
DA:181,1
DA:182,1
DA:183,1
DA:184,1
DA:185,1
DA:186,1
DA:187,1
DA:188,1
DA:189,1
DA:190,1
DA:191,1
DA:192,1
DA:193,1
DA:194,1
DA:196,1
DA:197,1
DA:201,8
DA:210,21
DA:217,0
DA:218,0
DA:219,0
DA:220,0
DA:221,0
DA:222,0
DA:231,0
DA:232,0
DA:233,0
DA:234,0
DA:237,0
DA:240,7
LF:102
LH:42
BRDA:64,0,0,0
BRDA:64,0,1,0
BRDA:68,1,0,0
BRDA:68,1,1,0
BRDA:72,2,0,0
BRDA:72,2,1,0
BRDA:79,3,0,0
BRDA:79,3,1,0
BRDA:79,4,0,0
BRDA:79,4,1,0
BRDA:79,4,2,0
BRDA:95,5,0,0
BRDA:95,5,1,1
BRDA:95,6,0,1
BRDA:95,6,1,0
BRDA:99,7,0,0
BRDA:99,7,1,1
BRDA:99,8,0,1
BRDA:99,8,1,1
BRDA:114,9,0,0
BRDA:114,9,1,0
BRDA:114,10,0,0
BRDA:114,10,1,0
BRDA:114,10,2,0
BRDA:115,11,0,0
BRDA:115,11,1,0
BRDA:115,12,0,0
BRDA:115,12,1,0
BRDA:122,13,0,0
BRDA:122,13,1,0
BRDA:123,14,0,0
BRDA:123,14,1,0
BRDA:126,15,0,0
BRDA:126,15,1,0
BRDA:129,16,0,0
BRDA:129,16,1,0
BRDA:129,17,0,0
BRDA:129,17,1,0
BRDA:131,18,0,0
BRDA:131,18,1,0
BRDA:154,19,0,0
BRDA:154,19,1,0
BRDA:154,20,0,0
BRDA:154,20,1,0
BRDA:154,20,2,0
BRDA:155,21,0,0
BRDA:155,21,1,0
BRDA:155,22,0,0
BRDA:155,22,1,0
BRDA:161,23,0,0
BRDA:161,23,1,0
BRDA:161,24,0,0
BRDA:161,24,1,0
BRDA:177,25,0,0
BRDA:233,26,0,0
BRDA:233,26,1,0
BRF:56
BRH:5
end_of_record
TN:
SF:/home/travis/build/MaibornWolff/codecharta/visualization/app/codeCharta/core/statistic/statistic.module.ts
FNF:0
FNH:0
DA:4,8
LF:1
LH:1
BRF:0
BRH:0
end_of_record
TN:
SF:/home/travis/build/MaibornWolff/codecharta/visualization/app/codeCharta/core/statistic/statistic.service.ts
FN:2,(anonymous_0)
FN:20,(anonymous_1)
FN:57,(anonymous_2)
FN:105,(anonymous_3)
FN:127,(anonymous_4)
FN:146,(anonymous_5)
FN:169,(anonymous_6)
FN:189,(anonymous_7)
FN:202,(anonymous_8)
FN:216,(anonymous_9)
FN:230,(anonymous_10)
FN:255,(anonymous_11)
FN:256,(anonymous_12)
FNF:13
FNH:13
FNDA:8,(anonymous_0)
FNDA:15,(anonymous_1)
FNDA:120,(anonymous_2)
FNDA:120,(anonymous_3)
FNDA:55,(anonymous_4)
FNDA:55,(anonymous_5)
FNDA:75,(anonymous_6)
FNDA:15,(anonymous_7)
FNDA:15,(anonymous_8)
FNDA:15,(anonymous_9)
FNDA:15,(anonymous_10)
FNDA:15,(anonymous_11)
FNDA:42,(anonymous_12)
DA:2,8
DA:3,8
DA:4,8
DA:5,8
DA:6,8
DA:7,8
DA:8,8
DA:21,15
DA:22,15
DA:23,0
DA:25,15
DA:26,15
DA:27,5
DA:29,10
DA:30,10
DA:32,10
DA:33,10
DA:36,30
DA:38,30
DA:39,10
DA:42,30
DA:44,10
DA:46,30
DA:48,10
DA:49,10
DA:50,10
DA:51,10
DA:58,120
DA:59,120
DA:60,330
DA:61,150
DA:63,180
DA:64,10
DA:67,120
DA:68,120
DA:69,180
DA:72,120
DA:73,60
DA:74,10
DA:76,60
DA:78,90
DA:79,110
DA:81,110
DA:83,75
DA:84,75
DA:85,75
DA:89,90
DA:90,15
DA:92,15
DA:97,120
DA:106,120
DA:108,60
DA:109,180
DA:114,60
DA:115,90
DA:116,160
DA:117,90
DA:122,120
DA:128,55
DA:129,10
DA:131,45
DA:132,20
DA:133,35
DA:136,25
DA:137,25
DA:139,55
DA:148,55
DA:149,25
DA:150,75
DA:153,30
DA:155,20
DA:156,35
DA:159,10
DA:160,10
DA:162,55
DA:170,75
DA:172,15
DA:174,15
DA:176,15
DA:178,15
DA:180,15
DA:182,0
DA:184,0
DA:190,15
DA:191,15
DA:192,42
DA:193,36
DA:196,15
DA:197,15
DA:204,15
DA:205,42
DA:206,36
DA:207,18
DA:211,15
DA:218,15
DA:219,42
DA:220,36
DA:221,15
DA:225,15
DA:231,15
DA:232,15
DA:234,15
DA:235,42
DA:236,36
DA:237,18
DA:240,18
DA:244,15
DA:245,18
DA:246,15
DA:247,15
DA:250,15
DA:256,42
DA:258,15
DA:259,15
DA:260,9
DA:262,6
DA:263,0
DA:266,6
DA:268,15
DA:271,8
LF:120
LH:116
BRDA:9,0,0,8
BRDA:9,0,1,8
BRDA:21,1,0,15
BRDA:21,1,1,0
BRDA:22,2,0,0
BRDA:22,2,1,15
BRDA:26,3,0,5
BRDA:26,3,1,10
BRDA:38,4,0,10
BRDA:38,4,1,20
BRDA:38,5,0,30
BRDA:38,5,1,20
BRDA:60,6,0,150
BRDA:60,6,1,180
BRDA:60,7,0,330
BRDA:60,7,1,270
BRDA:60,7,2,150
BRDA:60,7,3,150
BRDA:63,8,0,10
BRDA:63,8,1,170
BRDA:63,9,0,180
BRDA:63,9,1,120
BRDA:67,10,0,120
BRDA:67,10,1,0
BRDA:67,11,0,120
BRDA:67,11,1,120
BRDA:72,12,0,60
BRDA:72,12,1,60
BRDA:72,13,0,120
BRDA:72,13,1,60
BRDA:73,14,0,10
BRDA:73,14,1,50
BRDA:81,15,0,75
BRDA:81,15,1,35
BRDA:89,16,0,15
BRDA:89,16,1,75
BRDA:106,17,0,60
BRDA:106,17,1,60
BRDA:106,18,0,120
BRDA:106,18,1,60
BRDA:106,18,2,60
BRDA:106,18,3,60
BRDA:116,19,0,90
BRDA:116,19,1,70
BRDA:128,20,0,10
BRDA:128,20,1,45
BRDA:131,21,0,20
BRDA:131,21,1,25
BRDA:131,22,0,45
BRDA:131,22,1,20
BRDA:136,23,0,25
BRDA:136,23,1,0
BRDA:136,24,0,25
BRDA:136,24,1,25
BRDA:148,25,0,25
BRDA:148,25,1,30
BRDA:148,26,0,55
BRDA:148,26,1,45
BRDA:153,27,0,20
BRDA:153,27,1,10
BRDA:153,28,0,30
BRDA:153,28,1,20
BRDA:159,29,0,10
BRDA:159,29,1,0
BRDA:170,30,0,15
BRDA:170,30,1,15
BRDA:170,30,2,15
BRDA:170,30,3,15
BRDA:170,30,4,15
BRDA:170,30,5,0
BRDA:192,31,0,36
BRDA:192,31,1,6
BRDA:205,32,0,36
BRDA:205,32,1,6
BRDA:206,33,0,18
BRDA:206,33,1,18
BRDA:206,34,0,36
BRDA:206,34,1,21
BRDA:219,35,0,36
BRDA:219,35,1,6
BRDA:220,36,0,15
BRDA:220,36,1,21
BRDA:220,37,0,36
BRDA:220,37,1,21
BRDA:235,38,0,36
BRDA:235,38,1,6
BRDA:236,39,0,18
BRDA:236,39,1,18
BRDA:245,40,0,15
BRDA:245,40,1,3
BRDA:259,41,0,9
BRDA:259,41,1,6
BRDA:262,42,0,0
BRDA:262,42,1,6
BRF:94
BRH:87
end_of_record
TN:
SF:/home/travis/build/MaibornWolff/codecharta/visualization/app/codeCharta/core/tooltip/tooltip.module.ts
FNF:0
FNH:0
DA:4,3
LF:1
LH:1
BRF:0
BRH:0
end_of_record
TN:
SF:/home/travis/build/MaibornWolff/codecharta/visualization/app/codeCharta/core/tooltip/tooltip.service.ts
FN:9,(anonymous_0)
FN:13,(anonymous_1)
FN:14,(anonymous_2)
FN:18,(anonymous_3)
FN:21,(anonymous_4)
FN:30,(anonymous_5)
FN:58,(anonymous_6)
FNF:7
FNH:7
FNDA:9,(anonymous_0)
FNDA:2,(anonymous_1)
FNDA:1,(anonymous_2)
FNDA:1,(anonymous_3)
FNDA:15,(anonymous_4)
FNDA:11,(anonymous_5)
FNDA:4,(anonymous_6)
DA:2,3
DA:3,3
DA:10,9
DA:11,9
DA:14,2
DA:15,1
DA:19,1
DA:22,15
DA:23,15
DA:37,11
DA:38,11
DA:39,7
DA:43,7
DA:44,4
DA:46,7
DA:49,4
DA:59,4
DA:62,3
LF:18
LH:18
BRDA:38,0,0,7
BRDA:38,0,1,4
BRF:2
BRH:2
end_of_record
TN:
SF:/home/travis/build/MaibornWolff/codecharta/visualization/app/codeCharta/core/treemap/treemap.module.ts
FNF:0
FNH:0
DA:5,2
DA:6,2
LF:2
LH:2
BRF:0
BRH:0
end_of_record
TN:
SF:/home/travis/build/MaibornWolff/codecharta/visualization/app/codeCharta/core/treemap/treemap.service.ts
FN:7,(anonymous_0)
FN:20,(anonymous_1)
FN:25,(anonymous_2)
FN:28,(anonymous_3)
FN:31,(anonymous_4)
FN:34,(anonymous_5)
FN:51,(anonymous_6)
FN:75,(anonymous_7)
FN:77,(anonymous_8)
FN:79,(anonymous_9)
FN:94,(anonymous_10)
FNF:11
FNH:9
FNDA:16,(anonymous_0)
FNDA:1,(anonymous_1)
FNDA:5,(anonymous_2)
FNDA:3,(anonymous_3)
FNDA:5,(anonymous_4)
FNDA:5,(anonymous_5)
FNDA:9,(anonymous_6)
FNDA:1,(anonymous_7)
FNDA:0,(anonymous_8)
FNDA:0,(anonymous_9)
FNDA:8,(anonymous_10)
DA:8,16
DA:21,1
DA:24,1
DA:25,1
DA:26,5
DA:28,1
DA:29,3
DA:31,5
DA:32,1
DA:33,1
DA:34,1
DA:35,5
DA:37,1
DA:52,9
DA:53,9
DA:54,9
DA:55,9
DA:56,9
DA:57,9
DA:58,9
DA:59,9
DA:60,4
DA:61,4
DA:62,0
DA:65,9
DA:66,9
DA:67,9
DA:68,9
DA:76,1
DA:77,1
DA:78,0
DA:79,0
DA:80,0
DA:81,0
DA:85,1
DA:95,8
DA:96,8
DA:97,5
DA:99,8
DA:102,2
LF:40
LH:35
BRDA:23,0,0,1
BRDA:23,0,1,0
BRDA:54,1,0,6
BRDA:54,1,1,3
BRDA:59,2,0,4
BRDA:59,2,1,5
BRDA:61,3,0,0
BRDA:61,3,1,4
BRDA:80,4,0,0
BRDA:80,4,1,0
BRDA:96,5,0,5
BRDA:96,5,1,3
BRDA:96,6,0,8
BRDA:96,6,1,5
BRDA:96,6,2,4
BRDA:97,7,0,5
BRDA:97,7,1,2
BRF:17
BRH:13
end_of_record
TN:
SF:/home/travis/build/MaibornWolff/codecharta/visualization/app/codeCharta/core/url/url.mocks.ts
FNF:0
FNH:0
DA:1,1
LF:1
LH:1
BRF:0
BRH:0
end_of_record
TN:
SF:/home/travis/build/MaibornWolff/codecharta/visualization/app/codeCharta/core/url/url.module.ts
FNF:0
FNH:0
DA:4,8
LF:1
LH:1
BRF:0
BRH:0
end_of_record
TN:
SF:/home/travis/build/MaibornWolff/codecharta/visualization/app/codeCharta/core/url/url.service.ts
FN:7,(anonymous_0)
FN:16,(anonymous_1)
FN:25,(anonymous_2)
FN:43,(anonymous_3)
FN:50,(anonymous_4)
FN:51,(anonymous_5)
FN:60,(anonymous_6)
FN:61,(anonymous_7)
FN:63,(anonymous_8)
FN:71,(anonymous_9)
FNF:10
FNH:9
FNDA:11,(anonymous_0)
FNDA:2,(anonymous_1)
FNDA:12,(anonymous_2)
FNDA:8,(anonymous_3)
FNDA:2,(anonymous_4)
FNDA:2,(anonymous_5)
FNDA:2,(anonymous_6)
FNDA:2,(anonymous_7)
FNDA:2,(anonymous_8)
FNDA:0,(anonymous_9)
DA:8,11
DA:9,11
DA:17,2
DA:26,12
DA:27,7
DA:29,12
DA:30,12
DA:31,12
DA:32,4
DA:34,8
DA:35,0
DA:37,8
DA:44,8
DA:51,2
DA:52,2
DA:53,2
DA:61,2
DA:62,2
DA:63,2
DA:64,2
DA:65,2
DA:66,2
DA:69,0
DA:72,0
DA:76,0
DA:81,8
LF:26
LH:22
BRDA:26,0,0,7
BRDA:26,0,1,5
BRDA:31,1,0,4
BRDA:31,1,1,8
BRDA:34,2,0,0
BRDA:34,2,1,8
BRDA:62,3,0,2
BRDA:62,3,1,0
BRDA:62,4,0,2
BRDA:62,4,1,2
BRDA:64,5,0,2
BRDA:64,5,1,0
BRF:12
BRH:9
end_of_record
TN:
SF:/home/travis/build/MaibornWolff/codecharta/visualization/app/codeCharta/ui/common/checkbox.directive.ts
FN:5,(anonymous_0)
FN:17,(anonymous_1)
FN:18,(anonymous_2)
FN:20,(anonymous_3)
FNF:4
FNH:4
FNDA:1,(anonymous_0)
FNDA:1,(anonymous_1)
FNDA:2,(anonymous_2)
FNDA:1,(anonymous_3)
DA:6,1
DA:7,1
DA:12,1
DA:18,1
DA:19,2
DA:21,1
LF:6
LH:6
BRF:0
BRH:0
end_of_record
TN:
SF:/home/travis/build/MaibornWolff/codecharta/visualization/app/codeCharta/ui/common/collapsible.directive.ts
FN:5,(anonymous_0)
FNF:1
FNH:1
FNDA:1,(anonymous_0)
DA:6,1
DA:7,1
DA:8,1
DA:9,1
DA:10,1
LF:5
LH:5
BRF:0
BRH:0
end_of_record
TN:
SF:/home/travis/build/MaibornWolff/codecharta/visualization/app/codeCharta/ui/common/collapsible.element.directive.ts
FN:5,(anonymous_0)
FN:27,(anonymous_1)
FN:32,(anonymous_2)
FN:33,(anonymous_3)
FNF:4
FNH:0
FNDA:0,(anonymous_0)
FNDA:0,(anonymous_1)
FNDA:0,(anonymous_2)
FNDA:0,(anonymous_3)
DA:6,0
DA:7,0
DA:8,0
DA:9,0
DA:13,0
DA:14,0
DA:15,0
DA:29,0
DA:30,0
DA:33,0
DA:35,0
LF:11
LH:0
BRF:0
BRH:0
end_of_record
TN:
SF:/home/travis/build/MaibornWolff/codecharta/visualization/app/codeCharta/ui/common/common.ts
FN:13,(anonymous_0)
FN:14,(anonymous_1)
FN:15,(anonymous_2)
FN:16,(anonymous_3)
FN:17,(anonymous_4)
FN:19,(anonymous_5)
FNF:6
FNH:5
FNDA:1,(anonymous_0)
FNDA:0,(anonymous_1)
FNDA:1,(anonymous_2)
FNDA:1,(anonymous_3)
FNDA:1,(anonymous_4)
FNDA:1,(anonymous_5)
DA:11,1
DA:13,1
DA:14,0
DA:15,1
DA:16,1
DA:17,1
DA:19,1
LF:7
LH:6
BRF:0
BRH:0
end_of_record
TN:
SF:/home/travis/build/MaibornWolff/codecharta/visualization/app/codeCharta/ui/common/dropdown.controller.ts
FN:11,(anonymous_0)
FN:16,(anonymous_1)
FN:24,(anonymous_2)
FN:27,(anonymous_3)
FNF:4
FNH:1
FNDA:1,(anonymous_0)
FNDA:0,(anonymous_1)
FNDA:0,(anonymous_2)
FNDA:0,(anonymous_3)
DA:12,1
DA:13,1
DA:14,1
DA:17,0
DA:25,0
DA:28,0
LF:6
LH:3
BRF:0
BRH:0
end_of_record
TN:
SF:/home/travis/build/MaibornWolff/codecharta/visualization/app/codeCharta/ui/common/dropdown.directive.ts
FN:6,(anonymous_0)
FN:31,(anonymous_1)
FN:32,(anonymous_2)
FN:32,(anonymous_3)
FNF:4
FNH:4
FNDA:1,(anonymous_0)
FNDA:1,(anonymous_1)
FNDA:2,(anonymous_2)
FNDA:1,(anonymous_3)
DA:7,1
DA:15,1
DA:16,1
DA:23,1
DA:24,1
DA:25,1
DA:32,2
LF:7
LH:7
BRF:0
BRH:0
end_of_record
TN:
SF:/home/travis/build/MaibornWolff/codecharta/visualization/app/codeCharta/ui/common/fab.component.ts
FNF:0
FNH:0
DA:4,1
LF:1
LH:1
BRF:0
BRH:0
end_of_record
TN:
SF:/home/travis/build/MaibornWolff/codecharta/visualization/app/codeCharta/ui/common/numberField.directive.ts
FN:6,(anonymous_0)
FN:26,(anonymous_1)
FN:27,(anonymous_2)
FN:27,(anonymous_3)
FNF:4
FNH:4
FNDA:1,(anonymous_0)
FNDA:1,(anonymous_1)
FNDA:2,(anonymous_2)
FNDA:1,(anonymous_3)
DA:7,1
DA:12,1
DA:16,1
DA:27,2
LF:4
LH:4
BRF:0
BRH:0
end_of_record
TN:
SF:/home/travis/build/MaibornWolff/codecharta/visualization/app/codeCharta/ui/common/slider.directive.ts
FN:2,(anonymous_0)
FN:23,(anonymous_1)
FN:24,(anonymous_2)
FN:24,(anonymous_3)
FNF:4
FNH:4
FNDA:1,(anonymous_0)
FNDA:1,(anonymous_1)
FNDA:2,(anonymous_2)
FNDA:1,(anonymous_3)
DA:3,1
DA:8,1
DA:9,1
DA:24,2
LF:4
LH:4
BRF:0
BRH:0
end_of_record
TN:
SF:/home/travis/build/MaibornWolff/codecharta/visualization/app/codeCharta/ui/revisionChooser/revisionChooserComponent.ts
FN:12,(anonymous_0)
FN:24,(anonymous_1)
FN:31,(anonymous_2)
FN:47,(anonymous_3)
FN:50,(anonymous_4)
FN:53,(anonymous_5)
FNF:6
FNH:5
FNDA:8,(anonymous_0)
FNDA:0,(anonymous_1)
FNDA:2,(anonymous_2)
FNDA:1,(anonymous_3)
FNDA:1,(anonymous_4)
FNDA:1,(anonymous_5)
DA:13,8
DA:14,8
DA:15,8
DA:16,8
DA:17,8
DA:25,0
DA:26,0
DA:32,2
DA:34,1
DA:35,1
DA:39,1
DA:40,1
DA:48,1
DA:51,1
DA:54,1
DA:57,1
LF:16
LH:14
BRDA:32,0,0,1
BRDA:32,0,1,1
BRF:2
BRH:2
end_of_record
TN:
SF:/home/travis/build/MaibornWolff/codecharta/visualization/app/codeCharta/ui/scenarioButtons/scenarioButtonsComponent.ts
FN:12,(anonymous_0)
FN:20,(anonymous_1)
FN:27,(anonymous_2)
FN:39,(anonymous_3)
FN:47,(anonymous_4)
FN:54,(anonymous_5)
FNF:6
FNH:5
FNDA:8,(anonymous_0)
FNDA:0,(anonymous_1)
FNDA:2,(anonymous_2)
FNDA:1,(anonymous_3)
FNDA:2,(anonymous_4)
FNDA:1,(anonymous_5)
DA:13,8
DA:14,8
DA:15,8
DA:16,8
DA:17,8
DA:18,8
DA:21,0
DA:22,0
DA:28,2
DA:30,1
DA:31,1
DA:35,1
DA:36,1
DA:40,1
DA:48,2
DA:55,1
DA:59,1
LF:17
LH:15
BRDA:28,0,0,1
BRDA:28,0,1,1
BRF:2
BRH:2
end_of_record
TN:
SF:/home/travis/build/MaibornWolff/codecharta/visualization/mocks/htmlMock.js
FNF:0
FNH:0
DA:1,2
LF:1
LH:1
BRF:0
BRH:0
end_of_record
